<?xml version="1.0" encoding="UTF-8"?>
<robot generator="Robot 3.1.1 (Python 3.8.0 on win32)" generated="20221215 16:28:38.400" rpa="false">
<suite id="s1" name="Robot Scripts" source="D:\LGDEMO\cellular_automation\SDLC\Coding\GATS\GATS_Django_Framework\scripts\robot_scripts">
<suite id="s1-s1" name="Stability Live" source="D:\LGDEMO\cellular_automation\SDLC\Coding\GATS\GATS_Django_Framework\scripts\robot_scripts\Stability_Live.robot">
<test id="s1-s1-t1" name="TC_Stability_Live_Camera_038">
<kw name="Run Keywords" library="BuiltIn" type="setup">
<doc>Executes all the given keywords in a sequence.</doc>
<arguments>
<arg>Setup Log</arg>
<arg>${dict.project}</arg>
<arg>${dict.milestone}</arg>
<arg>${dict.session}</arg>
<arg>${dict.device}</arg>
<arg>${dict.iter}</arg>
<arg>Stability_Live</arg>
<arg>@{TEST TAGS}</arg>
<arg>AND</arg>
<arg>Start Device Log</arg>
<arg>${yamlData}</arg>
<arg>${log_type}</arg>
</arguments>
<kw name="Setup Log" library="res_common">
<arguments>
<arg>${dict.project}</arg>
<arg>${dict.milestone}</arg>
<arg>${dict.session}</arg>
<arg>${dict.device}</arg>
<arg>${dict.iter}</arg>
<arg>Stability_Live</arg>
<arg>@{TEST TAGS}</arg>
</arguments>
<kw name="Setup Logging" library="common_log">
<doc>Generates script level logs
:param project: Project name
:param milestone: Milestone name
:param session: Session name
:param device: Device name
:param suite: Suite name
:param auto_id: Automation id(test case id)
:return: h.vinay@globaledgesoft.com</doc>
<arguments>
<arg>${arg1}</arg>
<arg>${arg2}</arg>
<arg>${arg3}</arg>
<arg>${arg4}</arg>
<arg>${arg5}</arg>
<arg>${arg6}</arg>
<arg>${arg7}</arg>
</arguments>
<msg timestamp="20221215 16:28:40.426" level="INFO">executing setup logging</msg>
<msg timestamp="20221215 16:28:40.426" level="INFO">Filename:TC_Stability_Live_Camera_038</msg>
<msg timestamp="20221215 16:28:40.428" level="INFO">Logging has been setup</msg>
<msg timestamp="20221215 16:28:40.428" level="INFO">Inside common log: Cellular_GATS_Integration milestone1 1 Pixel3a_12_12 iteration_1 Stability_Live TC_Stability_Live_Camera_038
Inside log_utils_setup Cellular_GATS_Integration milestone1 1 Pixel3a_12_12 Stability_Live TC_Stability_Live_Camera_038 iteration_1
session_dir:Cellular_GATS_Integration\milestone1\1
device:Pixel3a_12_12
suite:Stability_Live
file_name:TC_Stability_Live_Camera_038
iteration:iteration_1
log_directory:D:\LGDEMO\cellular_automation\SDLC\Coding\GATS\GATS_Django_Framework\results\logs\Cellular_GATS_Integration\milestone1\1\Pixel3a_12_12\Stability_Live\TC_Stability_Live_Camera_038\iteration_1
[log_utils] setup_logging 79 INFO Logging has been setup</msg>
<status status="PASS" starttime="20221215 16:28:40.425" endtime="20221215 16:28:40.428"></status>
</kw>
<status status="PASS" starttime="20221215 16:28:40.421" endtime="20221215 16:28:40.428"></status>
</kw>
<kw name="Start device Log" library="res_common">
<arguments>
<arg>${yamlData}</arg>
<arg>${log_type}</arg>
</arguments>
<kw name="Update The Ymal" library="common_functions">
<arguments>
<arg>${yamlData}</arg>
</arguments>
<assign>
<var>${yamlData}</var>
</assign>
<msg timestamp="20221215 16:28:40.505" level="INFO">${yamlData} = {'common_args': {'Call_duration': 10, 'HTTPS_LINKS': ['https://play.google.com/store/apps/details?id=com.asteor.synergita&amp;hl=TRs', 'https://play.google.com/store/apps/details?id=com.poly.live&amp;hl=TRs',...</msg>
<status status="PASS" starttime="20221215 16:28:40.431" endtime="20221215 16:28:40.505"></status>
</kw>
<kw name="Log To Console" library="BuiltIn">
<doc>Logs the given message to the console.</doc>
<arguments>
<arg>"Starting Modem Logs"</arg>
</arguments>
<status status="PASS" starttime="20221215 16:28:40.508" endtime="20221215 16:28:40.508"></status>
</kw>
<kw name="Device Logging" library="device_reports">
<arguments>
<arg>${yamlData}</arg>
<arg>${TEST NAME}</arg>
<arg>${log_type}</arg>
<arg>START</arg>
</arguments>
<msg timestamp="20221215 16:28:40.511" level="INFO">a15b28cf</msg>
<status status="PASS" starttime="20221215 16:28:40.511" endtime="20221215 16:28:40.511"></status>
</kw>
<status status="PASS" starttime="20221215 16:28:40.428" endtime="20221215 16:28:40.511"></status>
</kw>
<status status="PASS" starttime="20221215 16:28:40.421" endtime="20221215 16:28:40.511"></status>
</kw>
<kw name="LIVE_SS__322" library="res_common">
<arguments>
<arg>TC_Stability_Live_Camera_038</arg>
<arg>${yamlData}</arg>
<arg>${log_type}</arg>
</arguments>
<kw name="Log To Console" library="BuiltIn">
<doc>Logs the given message to the console.</doc>
<arguments>
<arg>SS__322</arg>
</arguments>
<status status="PASS" starttime="20221215 16:28:40.514" endtime="20221215 16:28:40.515"></status>
</kw>
<kw name="SS 322" library="TC_Stability_Live_Camera_038">
<arguments>
<arg>${tst}</arg>
<arg>${yamlData}</arg>
</arguments>
<assign>
<var>${adb_res}</var>
<var>${msg}</var>
</assign>
<msg timestamp="20221215 16:28:40.518" level="INFO">Entering into Video block</msg>
<msg timestamp="20221215 16:28:40.655" level="INFO">playing songs</msg>
<msg timestamp="20221215 16:28:40.655" level="INFO">Preloading audion file into DUT</msg>
<msg timestamp="20221215 16:28:40.656" level="INFO">Preloading Audio Files to Device</msg>
<msg timestamp="20221215 16:28:40.836" level="INFO">playing songs</msg>
<msg timestamp="20221215 16:28:40.904" level="INFO">music playing</msg>
<msg timestamp="20221215 16:28:40.905" level="INFO">Stopping Media File</msg>
<msg timestamp="20221215 16:28:41.005" level="INFO">playing songs</msg>
<msg timestamp="20221215 16:28:41.006" level="INFO">Preloading audion file into DUT</msg>
<msg timestamp="20221215 16:28:41.006" level="INFO">Preloading Audio Files to Device</msg>
<msg timestamp="20221215 16:28:41.140" level="INFO">playing songs</msg>
<msg timestamp="20221215 16:28:41.224" level="INFO">music playing</msg>
<msg timestamp="20221215 16:28:41.224" level="INFO">Stopping Media File</msg>
<msg timestamp="20221215 16:28:41.374" level="INFO">playing songs</msg>
<msg timestamp="20221215 16:28:41.374" level="INFO">Preloading audion file into DUT</msg>
<msg timestamp="20221215 16:28:41.374" level="INFO">Preloading Audio Files to Device</msg>
<msg timestamp="20221215 16:28:41.494" level="INFO">playing songs</msg>
<msg timestamp="20221215 16:28:41.575" level="INFO">music playing</msg>
<msg timestamp="20221215 16:28:41.575" level="INFO">Stopping Media File</msg>
<msg timestamp="20221215 16:28:41.664" level="INFO">playing songs</msg>
<msg timestamp="20221215 16:28:41.665" level="INFO">Preloading audion file into DUT</msg>
<msg timestamp="20221215 16:28:41.665" level="INFO">Preloading Audio Files to Device</msg>
<msg timestamp="20221215 16:28:41.793" level="INFO">playing songs</msg>
<msg timestamp="20221215 16:28:41.855" level="INFO">music playing</msg>
<msg timestamp="20221215 16:28:41.856" level="INFO">Stopping Media File</msg>
<msg timestamp="20221215 16:29:19.997" level="INFO">${adb_res} = True</msg>
<msg timestamp="20221215 16:29:19.997" level="INFO">${msg} = Test case executed</msg>
<status status="PASS" starttime="20221215 16:28:40.517" endtime="20221215 16:29:19.997"></status>
</kw>
<kw name="Fetch Result" library="device_reports">
<arguments>
<arg>${TEST NAME}</arg>
<arg>${adb_res}</arg>
<arg>${msg}</arg>
</arguments>
<status status="PASS" starttime="20221215 16:29:20.001" endtime="20221215 16:29:20.001"></status>
</kw>
<kw name="Log" library="BuiltIn">
<doc>Logs the given message with the given level.</doc>
<arguments>
<arg>${adb_res}</arg>
</arguments>
<msg timestamp="20221215 16:29:20.006" level="INFO">True</msg>
<status status="PASS" starttime="20221215 16:29:20.006" endtime="20221215 16:29:20.006"></status>
</kw>
<kw name="Run Keyword If" library="BuiltIn">
<doc>Runs the given keyword with the given arguments, if ``condition`` is true.</doc>
<arguments>
<arg>${adb_res} == True</arg>
<arg>Log To Console</arg>
<arg>${msg}</arg>
<arg>ELSE</arg>
<arg>device_logging</arg>
<arg>${yamlData}</arg>
<arg>${TEST NAME}</arg>
<arg>$${log_type}</arg>
<arg>RESTART</arg>
</arguments>
<kw name="Log To Console" library="BuiltIn">
<doc>Logs the given message to the console.</doc>
<arguments>
<arg>${msg}</arg>
</arguments>
<status status="PASS" starttime="20221215 16:29:20.015" endtime="20221215 16:29:20.015"></status>
</kw>
<status status="PASS" starttime="20221215 16:29:20.011" endtime="20221215 16:29:20.015"></status>
</kw>
<kw name="Should Be True" library="BuiltIn">
<doc>Fails if the given condition is not true.</doc>
<arguments>
<arg>${adb_res}</arg>
<arg>msg=${msg}</arg>
</arguments>
<status status="PASS" starttime="20221215 16:29:20.019" endtime="20221215 16:29:20.020"></status>
</kw>
<status status="PASS" starttime="20221215 16:28:40.512" endtime="20221215 16:29:20.020"></status>
</kw>
<kw name="Run Keywords" library="BuiltIn" type="teardown">
<doc>Executes all the given keywords in a sequence.</doc>
<arguments>
<arg>Stop Device Log</arg>
<arg>${yamlData}</arg>
<arg>${log_type}</arg>
<arg>AND</arg>
<arg>Remove Log Handler</arg>
</arguments>
<kw name="Stop device Log" library="res_common">
<arguments>
<arg>${yamlData}</arg>
<arg>${log_type}</arg>
</arguments>
<kw name="Log To Console" library="BuiltIn">
<doc>Logs the given message to the console.</doc>
<arguments>
<arg>"Stopping Modem Logs"</arg>
</arguments>
<status status="PASS" starttime="20221215 16:29:20.029" endtime="20221215 16:29:20.030"></status>
</kw>
<kw name="Device Logging" library="device_reports">
<arguments>
<arg>${yamlData}</arg>
<arg>${TEST NAME}</arg>
<arg>${log_type}</arg>
<arg>STOP</arg>
</arguments>
<msg timestamp="20221215 16:29:20.035" level="INFO">a15b28cf</msg>
<status status="PASS" starttime="20221215 16:29:20.034" endtime="20221215 16:29:20.035"></status>
</kw>
<status status="PASS" starttime="20221215 16:29:20.023" endtime="20221215 16:29:20.035"></status>
</kw>
<kw name="Remove Log Handler" library="res_common">
<kw name="Remove Script Log Handler" library="common_log">
<doc>Removes all the logging handlers
:return: None</doc>
<msg timestamp="20221215 16:29:20.042" level="INFO">[&lt;StreamHandler (NOTSET)&gt;, &lt;RobotHandler (NOTSET)&gt;, &lt;StreamHandler (NOTSET)&gt;, &lt;FileHandler D:\LGDEMO\cellular_automation\SDLC\Coding\GATS\GATS_Django_Framework\results\logs\Cellular_GATS_Integration\milestone1\1\Pixel3a_12_12\Stability_Live\TC_Stability_Live_Camera_038\iteration_1\TC_Stability_Live_Camera_038_20221215-162840 (DEBUG)&gt;]</msg>
<status status="PASS" starttime="20221215 16:29:20.041" endtime="20221215 16:29:20.043"></status>
</kw>
<status status="PASS" starttime="20221215 16:29:20.035" endtime="20221215 16:29:20.043"></status>
</kw>
<status status="PASS" starttime="20221215 16:29:20.023" endtime="20221215 16:29:20.043"></status>
</kw>
<doc>Performing Delta Testcases 322</doc>
<tags>
<tag>TC_Stability_Live_Camera_038</tag>
</tags>
<status status="PASS" starttime="20221215 16:28:40.410" endtime="20221215 16:29:20.043" critical="yes"></status>
</test>
<kw name="Run Keyword" library="BuiltIn" type="teardown">
<doc>Executes the given keyword with the given arguments.</doc>
<arguments>
<arg>Fill Excel</arg>
<arg>${log_type}</arg>
</arguments>
<kw name="Fill Excel" library="res_common">
<arguments>
<arg>${log_type}</arg>
</arguments>
<kw name="Log" library="BuiltIn">
<doc>Logs the given message with the given level.</doc>
<arguments>
<arg>"Creating Excel Sheet"</arg>
</arguments>
<msg timestamp="20221215 16:29:20.166" level="INFO">"Creating Excel Sheet"</msg>
<status status="PASS" starttime="20221215 16:29:20.166" endtime="20221215 16:29:20.166"></status>
</kw>
<kw name="Create Excel" library="excel_sheet">
<arguments>
<arg>${log_type}</arg>
</arguments>
<msg timestamp="20221215 16:29:20.248" level="INFO">['D:\\LGDEMO\\cellular_automation\\SDLC\\Coding\\GATS\\GATS_Django_Framework\\results\\logs\\Cellular_GATS_Integration\\milestone1\\1\\Pixel3a_12_12\\Stability_Live\\TC_Stability_Live_Volte_003\\iteration_1/../', 'D:\\LGDEMO\\cellular_automation\\SDLC\\Coding\\GATS\\GATS_Django_Framework\\results\\logs\\Cellular_GATS_Integration\\milestone1\\1\\Pixel3a_12_12\\Stability_Live\\TC_Stability_Live_Camera_038\\iteration_1/../']</msg>
<status status="PASS" starttime="20221215 16:29:20.171" endtime="20221215 16:29:20.248"></status>
</kw>
<status status="PASS" starttime="20221215 16:29:20.163" endtime="20221215 16:29:20.248"></status>
</kw>
<status status="PASS" starttime="20221215 16:29:20.162" endtime="20221215 16:29:20.248"></status>
</kw>
<doc>Executing Stablity Testcases.</doc>
<status status="PASS" starttime="20221215 16:28:38.425" endtime="20221215 16:29:20.248"></status>
</suite>
<status status="PASS" starttime="20221215 16:28:38.404" endtime="20221215 16:29:20.251"></status>
</suite>
<statistics>
<total>
<stat pass="1" fail="0">Critical Tests</stat>
<stat pass="1" fail="0">All Tests</stat>
</total>
<tag>
<stat pass="1" fail="0">TC_Stability_Live_Camera_038</stat>
</tag>
<suite>
<stat pass="1" fail="0" id="s1" name="Robot Scripts">Robot Scripts</stat>
<stat pass="1" fail="0" id="s1-s1" name="Stability Live">Robot Scripts.Stability Live</stat>
</suite>
</statistics>
<errors>
</errors>
</robot>
