<?xml version="1.0" encoding="UTF-8"?>
<robot generator="Robot 3.1.1 (Python 3.10.9 on win32)" generated="20230209 15:44:39.757" rpa="false">
<suite id="s1" name="Robot Scripts" source="C:\Users\swatipat\Downloads\MAIN_GATS_CODE\GATS_Django_Framework\scripts\robot_scripts">
<suite id="s1-s1" name="LIVE LTE SS STAB" source="C:\Users\swatipat\Downloads\MAIN_GATS_CODE\GATS_Django_Framework\scripts\robot_scripts\LIVE_LTE_SS_STAB.robot">
<test id="s1-s1-t1" name="TC_500_LIVE_MAP_SEARCH">
<kw name="Run Keywords" library="BuiltIn" type="setup">
<doc>Executes all the given keywords in a sequence.</doc>
<arguments>
<arg>Setup Log</arg>
<arg>${dict.project}</arg>
<arg>${dict.milestone}</arg>
<arg>${dict.session}</arg>
<arg>${dict.device}</arg>
<arg>${dict.iter}</arg>
<arg>LIVE_LTE_SS_STAB</arg>
<arg>@{TEST TAGS}</arg>
<arg>AND</arg>
<arg>Start Device Log</arg>
<arg>${yamlData}</arg>
<arg>${log_type}</arg>
</arguments>
<kw name="Setup Log" library="res_common">
<arguments>
<arg>${dict.project}</arg>
<arg>${dict.milestone}</arg>
<arg>${dict.session}</arg>
<arg>${dict.device}</arg>
<arg>${dict.iter}</arg>
<arg>LIVE_LTE_SS_STAB</arg>
<arg>@{TEST TAGS}</arg>
</arguments>
<kw name="Setup Logging" library="common_log">
<doc>Generates script level logs
:param project: Project name
:param milestone: Milestone name
:param session: Session name
:param device: Device name
:param suite: Suite name
:param auto_id: Automation id(test case id)
:return: h.vinay@globaledgesoft.com</doc>
<arguments>
<arg>${arg1}</arg>
<arg>${arg2}</arg>
<arg>${arg3}</arg>
<arg>${arg4}</arg>
<arg>${arg5}</arg>
<arg>${arg6}</arg>
<arg>${arg7}</arg>
</arguments>
<msg timestamp="20230209 15:44:43.199" level="INFO">executing setup logging</msg>
<msg timestamp="20230209 15:44:43.199" level="INFO">Filename:TC_500_LIVE_MAP_SEARCH</msg>
<msg timestamp="20230209 15:44:43.199" level="INFO">Logging has been setup</msg>
<msg timestamp="20230209 15:44:43.204" level="INFO">Inside common log: Cellular_GATS_Integration milestone1 786555 Pixel3a_10_Google iteration_1 LIVE_LTE_SS_STAB TC_500_LIVE_MAP_SEARCH
Inside log_utils_setup Cellular_GATS_Integration milestone1 786555 Pixel3a_10_Google LIVE_LTE_SS_STAB TC_500_LIVE_MAP_SEARCH iteration_1
session_dir:Cellular_GATS_Integration\milestone1\786555
device:Pixel3a_10_Google
suite:LIVE_LTE_SS_STAB
file_name:TC_500_LIVE_MAP_SEARCH
iteration:iteration_1
log_directory:C:\Users\swatipat\Downloads\MAIN_GATS_CODE\GATS_Django_Framework\results\logs\Cellular_GATS_Integration\milestone1\786555\Pixel3a_10_Google\LIVE_LTE_SS_STAB\TC_500_LIVE_MAP_SEARCH\iteration_1
[log_utils] setup_logging 80 INFO Logging has been setup</msg>
<status status="PASS" starttime="20230209 15:44:43.199" endtime="20230209 15:44:43.204"></status>
</kw>
<status status="PASS" starttime="20230209 15:44:43.196" endtime="20230209 15:44:43.204"></status>
</kw>
<kw name="Start device Log" library="res_common">
<arguments>
<arg>${yamlData}</arg>
<arg>${log_type}</arg>
</arguments>
<kw name="Update The Ymal" library="common_functions">
<arguments>
<arg>${yamlData}</arg>
</arguments>
<assign>
<var>${yamlData}</var>
</assign>
<msg timestamp="20230209 15:44:43.246" level="INFO">${yamlData} = {'common_args': {'Call_duration': 10, 'HTTPS_LINKS': ['https://play.google.com/store/apps/details?id=com.asteor.synergita&amp;hl=TRs', 'https://play.google.com/store/apps/details?id=com.poly.live&amp;hl=TRs',...</msg>
<status status="PASS" starttime="20230209 15:44:43.204" endtime="20230209 15:44:43.246"></status>
</kw>
<kw name="Log To Console" library="BuiltIn">
<doc>Logs the given message to the console.</doc>
<arguments>
<arg>"Starting Modem Logs"</arg>
</arguments>
<status status="PASS" starttime="20230209 15:44:43.246" endtime="20230209 15:44:43.256"></status>
</kw>
<kw name="Device Logging" library="device_reports">
<arguments>
<arg>${yamlData}</arg>
<arg>${TEST NAME}</arg>
<arg>${log_type}</arg>
<arg>START</arg>
</arguments>
<msg timestamp="20230209 15:44:43.258" level="INFO">92KAY01TTW</msg>
<status status="PASS" starttime="20230209 15:44:43.258" endtime="20230209 15:44:43.258"></status>
</kw>
<status status="PASS" starttime="20230209 15:44:43.204" endtime="20230209 15:44:43.258"></status>
</kw>
<status status="PASS" starttime="20230209 15:44:43.195" endtime="20230209 15:44:43.258"></status>
</kw>
<kw name="LIVE_SS_500" library="res_common">
<arguments>
<arg>TC_500_LIVE_MAP_SEARCH</arg>
<arg>${yamlData}</arg>
<arg>${log_type}</arg>
</arguments>
<kw name="Log To Console" library="BuiltIn">
<doc>Logs the given message to the console.</doc>
<arguments>
<arg>SS_5000</arg>
</arguments>
<status status="PASS" starttime="20230209 15:44:43.258" endtime="20230209 15:44:43.258"></status>
</kw>
<kw name="SS 500" library="TC_500_LIVE_MAP_SEARCH">
<arguments>
<arg>${tst}</arg>
<arg>${yamlData}</arg>
</arguments>
<assign>
<var>${adb_res}</var>
<var>${msg}</var>
</assign>
<msg timestamp="20230209 15:44:43.520" level="INFO">validating SS sim status</msg>
<msg timestamp="20230209 15:44:43.520" level="INFO">validating SS sim successful for 92KAY01TTW</msg>
<msg timestamp="20230209 15:44:43.520" level="INFO">Check mobile data status</msg>
<msg timestamp="20230209 15:44:44.059" level="INFO">enabling gps</msg>
<msg timestamp="20230209 15:44:44.252" level="INFO">opening google maps</msg>
<msg timestamp="20230209 15:45:24.913" level="INFO">unable to navigate on maps</msg>
<msg timestamp="20230209 15:45:24.914" level="FAIL">TypeError: cannot unpack non-iterable NoneType object</msg>
<status status="FAIL" starttime="20230209 15:44:43.258" endtime="20230209 15:45:24.914"></status>
</kw>
<status status="FAIL" starttime="20230209 15:44:43.258" endtime="20230209 15:45:24.914"></status>
</kw>
<kw name="Run Keywords" library="BuiltIn" type="teardown">
<doc>Executes all the given keywords in a sequence.</doc>
<arguments>
<arg>Stop Device Log</arg>
<arg>${yamlData}</arg>
<arg>${log_type}</arg>
<arg>AND</arg>
<arg>Remove Log Handler</arg>
</arguments>
<kw name="Stop device Log" library="res_common">
<arguments>
<arg>${yamlData}</arg>
<arg>${log_type}</arg>
</arguments>
<kw name="Log To Console" library="BuiltIn">
<doc>Logs the given message to the console.</doc>
<arguments>
<arg>"Stopping Modem Logs"</arg>
</arguments>
<status status="PASS" starttime="20230209 15:45:24.914" endtime="20230209 15:45:24.914"></status>
</kw>
<kw name="Device Logging" library="device_reports">
<arguments>
<arg>${yamlData}</arg>
<arg>${TEST NAME}</arg>
<arg>${log_type}</arg>
<arg>STOP</arg>
</arguments>
<msg timestamp="20230209 15:45:24.914" level="INFO">92KAY01TTW</msg>
<status status="PASS" starttime="20230209 15:45:24.914" endtime="20230209 15:45:24.914"></status>
</kw>
<status status="PASS" starttime="20230209 15:45:24.914" endtime="20230209 15:45:24.914"></status>
</kw>
<kw name="Remove Log Handler" library="res_common">
<kw name="Remove Script Log Handler" library="common_log">
<doc>Removes all the logging handlers
:return: None</doc>
<msg timestamp="20230209 15:45:24.914" level="INFO">[&lt;RobotHandler (NOTSET)&gt;, &lt;StreamHandler (NOTSET)&gt;, &lt;FileHandler C:\Users\swatipat\Downloads\MAIN_GATS_CODE\GATS_Django_Framework\results\logs\Cellular_GATS_Integration\milestone1\786555\Pixel3a_10_Google\LIVE_LTE_SS_STAB\TC_500_LIVE_MAP_SEARCH\iteration_1\TC_500_LIVE_MAP_SEARCH (DEBUG)&gt;]</msg>
<status status="PASS" starttime="20230209 15:45:24.914" endtime="20230209 15:45:24.914"></status>
</kw>
<status status="PASS" starttime="20230209 15:45:24.914" endtime="20230209 15:45:24.914"></status>
</kw>
<status status="PASS" starttime="20230209 15:45:24.914" endtime="20230209 15:45:24.914"></status>
</kw>
<doc>Performing Delta Testcases 500</doc>
<tags>
<tag>TC_500_LIVE_MAP_SEARCH</tag>
</tags>
<timeout value="1 hour 5 minutes"></timeout>
<status status="FAIL" starttime="20230209 15:44:43.189" endtime="20230209 15:45:24.914" critical="yes">TypeError: cannot unpack non-iterable NoneType object</status>
</test>
<kw name="Run Keyword" library="BuiltIn" type="teardown">
<doc>Executes the given keyword with the given arguments.</doc>
<arguments>
<arg>Fill Excel</arg>
<arg>${log_type}</arg>
</arguments>
<kw name="Fill Excel" library="res_common">
<arguments>
<arg>${log_type}</arg>
</arguments>
<kw name="Log" library="BuiltIn">
<doc>Logs the given message with the given level.</doc>
<arguments>
<arg>"Creating Excel Sheet"</arg>
</arguments>
<msg timestamp="20230209 15:45:24.978" level="INFO">"Creating Excel Sheet"</msg>
<status status="PASS" starttime="20230209 15:45:24.978" endtime="20230209 15:45:24.978"></status>
</kw>
<kw name="Create Excel" library="excel_sheet">
<arguments>
<arg>${log_type}</arg>
</arguments>
<msg timestamp="20230209 15:45:25.023" level="INFO">[]</msg>
<status status="PASS" starttime="20230209 15:45:24.978" endtime="20230209 15:45:25.023"></status>
</kw>
<status status="PASS" starttime="20230209 15:45:24.978" endtime="20230209 15:45:25.023"></status>
</kw>
<status status="PASS" starttime="20230209 15:45:24.978" endtime="20230209 15:45:25.023"></status>
</kw>
<status status="FAIL" starttime="20230209 15:44:39.793" endtime="20230209 15:45:25.023"></status>
</suite>
<status status="FAIL" starttime="20230209 15:44:39.772" endtime="20230209 15:45:25.023"></status>
</suite>
<statistics>
<total>
<stat pass="0" fail="1">Critical Tests</stat>
<stat pass="0" fail="1">All Tests</stat>
</total>
<tag>
<stat pass="0" fail="1">TC_500_LIVE_MAP_SEARCH</stat>
</tag>
<suite>
<stat pass="0" fail="1" id="s1" name="Robot Scripts">Robot Scripts</stat>
<stat pass="0" fail="1" id="s1-s1" name="LIVE LTE SS STAB">Robot Scripts.LIVE LTE SS STAB</stat>
</suite>
</statistics>
<errors>
</errors>
</robot>
