<?xml version="1.0" encoding="UTF-8"?>
<robot generator="Robot 3.1.1 (Python 3.10.10 on win32)" generated="20230405 17:42:23.753" rpa="false">
<suite id="s1" name="Robot Scripts" source="C:\Users\swatipat\Downloads\MAIN_GATS_CODE\GATS_Django_Framework\scripts\robot_scripts">
<suite id="s1-s1" name="Stability Live" source="C:\Users\swatipat\Downloads\MAIN_GATS_CODE\GATS_Django_Framework\scripts\robot_scripts\Stability_Live.robot">
<test id="s1-s1-t1" name="TC_Stability_Live_Volte_003">
<kw name="Run Keywords" library="BuiltIn" type="setup">
<doc>Executes all the given keywords in a sequence.</doc>
<arguments>
<arg>Setup Log</arg>
<arg>${dict.project}</arg>
<arg>${dict.milestone}</arg>
<arg>${dict.session}</arg>
<arg>${dict.device}</arg>
<arg>${dict.iter}</arg>
<arg>Stability_Live</arg>
<arg>@{TEST TAGS}</arg>
<arg>AND</arg>
<arg>Start Device Log</arg>
<arg>${yamlData}</arg>
<arg>${log_type}</arg>
</arguments>
<kw name="Setup Log" library="res_common">
<arguments>
<arg>${dict.project}</arg>
<arg>${dict.milestone}</arg>
<arg>${dict.session}</arg>
<arg>${dict.device}</arg>
<arg>${dict.iter}</arg>
<arg>Stability_Live</arg>
<arg>@{TEST TAGS}</arg>
</arguments>
<kw name="Setup Logging" library="common_log">
<doc>Generates script level logs
:param project: Project name
:param milestone: Milestone name
:param session: Session name
:param device: Device name
:param suite: Suite name
:param auto_id: Automation id(test case id)
:return: h.vinay@globaledgesoft.com</doc>
<arguments>
<arg>${arg1}</arg>
<arg>${arg2}</arg>
<arg>${arg3}</arg>
<arg>${arg4}</arg>
<arg>${arg5}</arg>
<arg>${arg6}</arg>
<arg>${arg7}</arg>
</arguments>
<msg timestamp="20230405 17:42:24.975" level="INFO">executing setup logging</msg>
<msg timestamp="20230405 17:42:24.975" level="INFO">Filename:TC_Stability_Live_Volte_003</msg>
<msg timestamp="20230405 17:42:24.975" level="INFO">Logging has been setup</msg>
<msg timestamp="20230405 17:42:24.975" level="INFO">Inside common log: Cellular_GATS_Integration milestone1 1 Infinix_12_12 iteration_1 Stability_Live TC_Stability_Live_Volte_003
Inside log_utils_setup Cellular_GATS_Integration milestone1 1 Infinix_12_12 Stability_Live TC_Stability_Live_Volte_003 iteration_1
session_dir:Cellular_GATS_Integration\milestone1\1
device:Infinix_12_12
suite:Stability_Live
file_name:TC_Stability_Live_Volte_003
iteration:iteration_1
log_directory:C:\Users\swatipat\Downloads\MAIN_GATS_CODE\GATS_Django_Framework\results\logs\Cellular_GATS_Integration\milestone1\1\Infinix_12_12\Stability_Live\TC_Stability_Live_Volte_003\iteration_1
[log_utils] setup_logging 80 INFO Logging has been setup</msg>
<status status="PASS" starttime="20230405 17:42:24.975" endtime="20230405 17:42:24.975"></status>
</kw>
<status status="PASS" starttime="20230405 17:42:24.975" endtime="20230405 17:42:24.975"></status>
</kw>
<kw name="Start device Log" library="res_common">
<arguments>
<arg>${yamlData}</arg>
<arg>${log_type}</arg>
</arguments>
<kw name="Update The Ymal" library="common_functions">
<arguments>
<arg>${yamlData}</arg>
</arguments>
<assign>
<var>${yamlData}</var>
</assign>
<msg timestamp="20230405 17:42:25.024" level="INFO">${yamlData} = {'common_args': {'Call_duration': 10, 'HTTPS_LINKS': ['https://play.google.com/store/apps/details?id=com.asteor.synergita&amp;hl=TRs', 'https://play.google.com/store/apps/details?id=com.poly.live&amp;hl=TRs',...</msg>
<status status="PASS" starttime="20230405 17:42:24.975" endtime="20230405 17:42:25.024"></status>
</kw>
<kw name="Log To Console" library="BuiltIn">
<doc>Logs the given message to the console.</doc>
<arguments>
<arg>"Starting Modem Logs"</arg>
</arguments>
<status status="PASS" starttime="20230405 17:42:25.027" endtime="20230405 17:42:25.027"></status>
</kw>
<kw name="Device Logging" library="device_reports">
<arguments>
<arg>${yamlData}</arg>
<arg>${TEST NAME}</arg>
<arg>${log_type}</arg>
<arg>START</arg>
</arguments>
<msg timestamp="20230405 17:42:25.027" level="INFO">08617312BQ072756</msg>
<status status="PASS" starttime="20230405 17:42:25.027" endtime="20230405 17:42:25.027"></status>
</kw>
<status status="PASS" starttime="20230405 17:42:24.975" endtime="20230405 17:42:25.027"></status>
</kw>
<status status="PASS" starttime="20230405 17:42:24.975" endtime="20230405 17:42:25.027"></status>
</kw>
<kw name="LIVE_SS__330" library="res_common">
<arguments>
<arg>TC_Stability_Live_Volte_003</arg>
<arg>${yamlData}</arg>
<arg>${log_type}</arg>
</arguments>
<kw name="Log To Console" library="BuiltIn">
<doc>Logs the given message to the console.</doc>
<arguments>
<arg>SS__330</arg>
</arguments>
<status status="PASS" starttime="20230405 17:42:25.027" endtime="20230405 17:42:25.027"></status>
</kw>
<kw name="SS 330" library="TC_Stability_Live_Volte_003">
<arguments>
<arg>${tst}</arg>
<arg>${yamlData}</arg>
</arguments>
<assign>
<var>${adb_res}</var>
<var>${msg}</var>
</assign>
<msg timestamp="20230405 17:42:25.510" level="INFO">Performing Volte call</msg>
<msg timestamp="20230405 17:42:26.515" level="INFO">Calling from device 08617312BQ072756 ===&gt; adb -s 08617312BQ072756 shell am start -a android.intent.action.CALL -d tel:8150865662</msg>
<msg timestamp="20230405 17:42:37.514" level="INFO">Call state fetched successfully and call state is 1</msg>
<msg timestamp="20230405 17:42:37.514" level="INFO">Receiving call in device B</msg>
<msg timestamp="20230405 17:42:38.670" level="INFO">Call received Successfully</msg>
<msg timestamp="20230405 17:42:38.670" level="INFO">Call attended successfully</msg>
<msg timestamp="20230405 17:42:50.963" level="INFO">Terminating call in device A</msg>
<msg timestamp="20230405 17:42:51.237" level="INFO">Call terminated Successfully</msg>
<msg timestamp="20230405 17:42:51.237" level="INFO">Test case executed</msg>
<msg timestamp="20230405 17:42:51.237" level="INFO">Checking Concurrency of the call for 10 seconds</msg>
<msg timestamp="20230405 17:42:51.237" level="INFO">${adb_res} = True</msg>
<msg timestamp="20230405 17:42:51.237" level="INFO">${msg} = Test Case executed</msg>
<status status="PASS" starttime="20230405 17:42:25.027" endtime="20230405 17:42:51.237"></status>
</kw>
<kw name="Fetch Result" library="device_reports">
<arguments>
<arg>${TEST NAME}</arg>
<arg>${adb_res}</arg>
<arg>${msg}</arg>
</arguments>
<status status="PASS" starttime="20230405 17:42:51.237" endtime="20230405 17:42:51.237"></status>
</kw>
<kw name="Log" library="BuiltIn">
<doc>Logs the given message with the given level.</doc>
<arguments>
<arg>${adb_res}</arg>
</arguments>
<msg timestamp="20230405 17:42:51.253" level="INFO">True</msg>
<status status="PASS" starttime="20230405 17:42:51.253" endtime="20230405 17:42:51.253"></status>
</kw>
<kw name="Run Keyword If" library="BuiltIn">
<doc>Runs the given keyword with the given arguments, if ``condition`` is true.</doc>
<arguments>
<arg>${adb_res} == True</arg>
<arg>Log To Console</arg>
<arg>${msg}</arg>
<arg>ELSE</arg>
<arg>device_logging</arg>
<arg>${yamlData}</arg>
<arg>${TEST NAME}</arg>
<arg>$${log_type}</arg>
<arg>RESTART</arg>
</arguments>
<kw name="Log To Console" library="BuiltIn">
<doc>Logs the given message to the console.</doc>
<arguments>
<arg>${msg}</arg>
</arguments>
<status status="PASS" starttime="20230405 17:42:51.257" endtime="20230405 17:42:51.257"></status>
</kw>
<status status="PASS" starttime="20230405 17:42:51.256" endtime="20230405 17:42:51.257"></status>
</kw>
<kw name="Should Be True" library="BuiltIn">
<doc>Fails if the given condition is not true.</doc>
<arguments>
<arg>${adb_res}</arg>
<arg>msg=${msg}</arg>
</arguments>
<status status="PASS" starttime="20230405 17:42:51.257" endtime="20230405 17:42:51.257"></status>
</kw>
<status status="PASS" starttime="20230405 17:42:25.027" endtime="20230405 17:42:51.257"></status>
</kw>
<kw name="Run Keywords" library="BuiltIn" type="teardown">
<doc>Executes all the given keywords in a sequence.</doc>
<arguments>
<arg>Stop Device Log</arg>
<arg>${yamlData}</arg>
<arg>${log_type}</arg>
<arg>AND</arg>
<arg>Remove Log Handler</arg>
</arguments>
<kw name="Stop device Log" library="res_common">
<arguments>
<arg>${yamlData}</arg>
<arg>${log_type}</arg>
</arguments>
<kw name="Log To Console" library="BuiltIn">
<doc>Logs the given message to the console.</doc>
<arguments>
<arg>"Stopping Modem Logs"</arg>
</arguments>
<status status="PASS" starttime="20230405 17:42:51.257" endtime="20230405 17:42:51.257"></status>
</kw>
<kw name="Device Logging" library="device_reports">
<arguments>
<arg>${yamlData}</arg>
<arg>${TEST NAME}</arg>
<arg>${log_type}</arg>
<arg>STOP</arg>
</arguments>
<msg timestamp="20230405 17:42:51.257" level="INFO">08617312BQ072756</msg>
<status status="PASS" starttime="20230405 17:42:51.257" endtime="20230405 17:42:51.257"></status>
</kw>
<status status="PASS" starttime="20230405 17:42:51.257" endtime="20230405 17:42:51.257"></status>
</kw>
<kw name="Remove Log Handler" library="res_common">
<kw name="Remove Script Log Handler" library="common_log">
<doc>Removes all the logging handlers
:return: None</doc>
<msg timestamp="20230405 17:42:51.257" level="INFO">[&lt;RobotHandler (NOTSET)&gt;, &lt;StreamHandler (NOTSET)&gt;, &lt;FileHandler C:\Users\swatipat\Downloads\MAIN_GATS_CODE\GATS_Django_Framework\results\logs\Cellular_GATS_Integration\milestone1\1\Infinix_12_12\Stability_Live\TC_Stability_Live_Volte_003\iteration_1\TC_Stability_Live_Volte_003 (DEBUG)&gt;]</msg>
<status status="PASS" starttime="20230405 17:42:51.257" endtime="20230405 17:42:51.257"></status>
</kw>
<status status="PASS" starttime="20230405 17:42:51.257" endtime="20230405 17:42:51.257"></status>
</kw>
<status status="PASS" starttime="20230405 17:42:51.257" endtime="20230405 17:42:51.257"></status>
</kw>
<doc>Performing Delta Testcases 330</doc>
<tags>
<tag>TC_Stability_Live_Volte_003</tag>
</tags>
<status status="PASS" starttime="20230405 17:42:24.965" endtime="20230405 17:42:51.257" critical="yes"></status>
</test>
<kw name="Run Keyword" library="BuiltIn" type="teardown">
<doc>Executes the given keyword with the given arguments.</doc>
<arguments>
<arg>Fill Excel</arg>
<arg>${log_type}</arg>
</arguments>
<kw name="Fill Excel" library="res_common">
<arguments>
<arg>${log_type}</arg>
</arguments>
<kw name="Log" library="BuiltIn">
<doc>Logs the given message with the given level.</doc>
<arguments>
<arg>"Creating Excel Sheet"</arg>
</arguments>
<msg timestamp="20230405 17:42:51.317" level="INFO">"Creating Excel Sheet"</msg>
<status status="PASS" starttime="20230405 17:42:51.317" endtime="20230405 17:42:51.317"></status>
</kw>
<kw name="Create Excel" library="excel_sheet">
<arguments>
<arg>${log_type}</arg>
</arguments>
<msg timestamp="20230405 17:42:51.364" level="INFO">['C:\\Users\\swatipat\\Downloads\\MAIN_GATS_CODE\\GATS_Django_Framework\\results\\logs\\Cellular_GATS_Integration\\milestone1\\1\\Infinix_12_12\\LIVE_LTE_SS_STAB\\TC_023_LIVE_LTE_SS_STAB_WIFI_UPD_APP\\iteration_1/../', 'C:\\Users\\swatipat\\Downloads\\MAIN_GATS_CODE\\GATS_Django_Framework\\results\\logs\\Cellular_GATS_Integration\\milestone1\\1\\Infinix_12_12\\Stability_Live\\TC_Stability_Live_Volte_003\\iteration_1/../']</msg>
<status status="PASS" starttime="20230405 17:42:51.317" endtime="20230405 17:42:51.364"></status>
</kw>
<status status="PASS" starttime="20230405 17:42:51.317" endtime="20230405 17:42:51.364"></status>
</kw>
<status status="PASS" starttime="20230405 17:42:51.317" endtime="20230405 17:42:51.364"></status>
</kw>
<doc>Executing Stablity Testcases.</doc>
<status status="PASS" starttime="20230405 17:42:23.769" endtime="20230405 17:42:51.364"></status>
</suite>
<status status="PASS" starttime="20230405 17:42:23.753" endtime="20230405 17:42:51.364"></status>
</suite>
<statistics>
<total>
<stat pass="1" fail="0">Critical Tests</stat>
<stat pass="1" fail="0">All Tests</stat>
</total>
<tag>
<stat pass="1" fail="0">TC_Stability_Live_Volte_003</stat>
</tag>
<suite>
<stat pass="1" fail="0" id="s1" name="Robot Scripts">Robot Scripts</stat>
<stat pass="1" fail="0" id="s1-s1" name="Stability Live">Robot Scripts.Stability Live</stat>
</suite>
</statistics>
<errors>
</errors>
</robot>
