<?xml version="1.0" encoding="UTF-8"?>
<robot generator="Robot 3.1.1 (Python 3.10.10 on win32)" generated="20230320 11:45:24.242" rpa="false">
<suite id="s1" name="Robot Scripts" source="C:\Users\swatipat\Downloads\MAIN_GATS_CODE\GATS_Django_Framework\scripts\robot_scripts">
<suite id="s1-s1" name="LIVE LTE SS STAB" source="C:\Users\swatipat\Downloads\MAIN_GATS_CODE\GATS_Django_Framework\scripts\robot_scripts\LIVE_LTE_SS_STAB.robot">
<test id="s1-s1-t1" name="TC_bluetooth_wifi_on_off_10times">
<kw name="Run Keywords" library="BuiltIn" type="setup">
<doc>Executes all the given keywords in a sequence.</doc>
<arguments>
<arg>Setup Log</arg>
<arg>${dict.project}</arg>
<arg>${dict.milestone}</arg>
<arg>${dict.session}</arg>
<arg>${dict.device}</arg>
<arg>${dict.iter}</arg>
<arg>LIVE_LTE_SS_STAB</arg>
<arg>@{TEST TAGS}</arg>
<arg>AND</arg>
<arg>Start Device Log</arg>
<arg>${yamlData}</arg>
<arg>${log_type}</arg>
</arguments>
<kw name="Setup Log" library="res_common">
<arguments>
<arg>${dict.project}</arg>
<arg>${dict.milestone}</arg>
<arg>${dict.session}</arg>
<arg>${dict.device}</arg>
<arg>${dict.iter}</arg>
<arg>LIVE_LTE_SS_STAB</arg>
<arg>@{TEST TAGS}</arg>
</arguments>
<kw name="Setup Logging" library="common_log">
<doc>Generates script level logs
:param project: Project name
:param milestone: Milestone name
:param session: Session name
:param device: Device name
:param suite: Suite name
:param auto_id: Automation id(test case id)
:return: h.vinay@globaledgesoft.com</doc>
<arguments>
<arg>${arg1}</arg>
<arg>${arg2}</arg>
<arg>${arg3}</arg>
<arg>${arg4}</arg>
<arg>${arg5}</arg>
<arg>${arg6}</arg>
<arg>${arg7}</arg>
</arguments>
<msg timestamp="20230320 11:45:28.481" level="INFO">executing setup logging</msg>
<msg timestamp="20230320 11:45:28.481" level="INFO">Filename:TC_bluetooth_wifi_on_off_10times</msg>
<msg timestamp="20230320 11:45:28.481" level="INFO">Logging has been setup</msg>
<msg timestamp="20230320 11:45:28.481" level="INFO">Inside common log: Cellular_GATS_Integration milestone1 233 Pixel_3a_10_Google iteration_1 LIVE_LTE_SS_STAB TC_bluetooth_wifi_on_off_10times
Inside log_utils_setup Cellular_GATS_Integration milestone1 233 Pixel_3a_10_Google LIVE_LTE_SS_STAB TC_bluetooth_wifi_on_off_10times iteration_1
session_dir:Cellular_GATS_Integration\milestone1\233
device:Pixel_3a_10_Google
suite:LIVE_LTE_SS_STAB
file_name:TC_bluetooth_wifi_on_off_10times
iteration:iteration_1
log_directory:C:\Users\swatipat\Downloads\MAIN_GATS_CODE\GATS_Django_Framework\results\logs\Cellular_GATS_Integration\milestone1\233\Pixel_3a_10_Google\LIVE_LTE_SS_STAB\TC_bluetooth_wifi_on_off_10times\iteration_1
[log_utils] setup_logging 80 INFO Logging has been setup</msg>
<status status="PASS" starttime="20230320 11:45:28.481" endtime="20230320 11:45:28.481"></status>
</kw>
<status status="PASS" starttime="20230320 11:45:28.481" endtime="20230320 11:45:28.481"></status>
</kw>
<kw name="Start device Log" library="res_common">
<arguments>
<arg>${yamlData}</arg>
<arg>${log_type}</arg>
</arguments>
<kw name="Update The Ymal" library="common_functions">
<arguments>
<arg>${yamlData}</arg>
</arguments>
<assign>
<var>${yamlData}</var>
</assign>
<msg timestamp="20230320 11:45:28.533" level="INFO">${yamlData} = {'common_args': {'Call_duration': 10, 'HTTPS_LINKS': ['https://play.google.com/store/apps/details?id=com.asteor.synergita&amp;hl=TRs', 'https://play.google.com/store/apps/details?id=com.poly.live&amp;hl=TRs',...</msg>
<status status="PASS" starttime="20230320 11:45:28.481" endtime="20230320 11:45:28.533"></status>
</kw>
<kw name="Log To Console" library="BuiltIn">
<doc>Logs the given message to the console.</doc>
<arguments>
<arg>"Starting Modem Logs"</arg>
</arguments>
<status status="PASS" starttime="20230320 11:45:28.533" endtime="20230320 11:45:28.533"></status>
</kw>
<kw name="Device Logging" library="device_reports">
<arguments>
<arg>${yamlData}</arg>
<arg>${TEST NAME}</arg>
<arg>${log_type}</arg>
<arg>START</arg>
</arguments>
<msg timestamp="20230320 11:45:28.549" level="INFO">92KAY01TTW</msg>
<status status="PASS" starttime="20230320 11:45:28.533" endtime="20230320 11:45:28.549"></status>
</kw>
<status status="PASS" starttime="20230320 11:45:28.481" endtime="20230320 11:45:28.550"></status>
</kw>
<status status="PASS" starttime="20230320 11:45:28.481" endtime="20230320 11:45:28.550"></status>
</kw>
<kw name="SS_100000" library="res_common">
<arguments>
<arg>TC_bluetooth_wifi_on_off_10times</arg>
<arg>${yamlData}</arg>
<arg>${log_type}</arg>
</arguments>
<kw name="Log To Console" library="BuiltIn">
<doc>Logs the given message to the console.</doc>
<arguments>
<arg>SS_100000</arg>
</arguments>
<status status="PASS" starttime="20230320 11:45:28.552" endtime="20230320 11:45:28.554"></status>
</kw>
<kw name="SS 1000000" library="TC_bluetooth_wifi_on_off_10times">
<arguments>
<arg>${tst}</arg>
<arg>${yamlData}</arg>
</arguments>
<assign>
<var>${adb_res}</var>
<var>${msg}</var>
</assign>
<msg timestamp="20230320 11:45:29.000" level="INFO">validating SS sim status</msg>
<msg timestamp="20230320 11:45:29.000" level="INFO">validating SS sim successful for 92KAY01TTW</msg>
<msg timestamp="20230320 11:45:29.000" level="INFO">Enabling wifi</msg>
<msg timestamp="20230320 11:45:33.054" level="INFO">wifi is enabled successfully</msg>
<msg timestamp="20230320 11:45:36.068" level="INFO">Enable bluetooth!!!</msg>
<msg timestamp="20230320 11:45:49.751" level="INFO">wifi is enabled successfully</msg>
<msg timestamp="20230320 11:45:52.771" level="INFO">disable bluetooth!!!</msg>
<msg timestamp="20230320 11:46:01.136" level="INFO">wifi is enabled successfully</msg>
<msg timestamp="20230320 11:46:04.150" level="INFO">disconnecting wifi</msg>
<msg timestamp="20230320 11:46:04.822" level="INFO">Wifi Turn Off</msg>
<msg timestamp="20230320 11:46:07.832" level="INFO">Enabling wifi</msg>
<msg timestamp="20230320 11:46:12.045" level="INFO">wifi is enabled successfully</msg>
<msg timestamp="20230320 11:46:15.047" level="INFO">Enable bluetooth!!!</msg>
<msg timestamp="20230320 11:46:23.844" level="INFO">wifi is enabled successfully</msg>
<msg timestamp="20230320 11:46:26.847" level="INFO">disable bluetooth!!!</msg>
<msg timestamp="20230320 11:46:30.009" level="INFO">wifi is enabled successfully</msg>
<msg timestamp="20230320 11:46:33.025" level="INFO">disconnecting wifi</msg>
<msg timestamp="20230320 11:46:33.628" level="INFO">Wifi Turn Off</msg>
<msg timestamp="20230320 11:46:36.636" level="INFO">Enabling wifi</msg>
<msg timestamp="20230320 11:46:40.558" level="INFO">wifi is enabled successfully</msg>
<msg timestamp="20230320 11:46:43.563" level="INFO">Enable bluetooth!!!</msg>
<msg timestamp="20230320 11:46:52.032" level="INFO">wifi is enabled successfully</msg>
<msg timestamp="20230320 11:46:55.036" level="INFO">disable bluetooth!!!</msg>
<msg timestamp="20230320 11:46:58.074" level="INFO">wifi is enabled successfully</msg>
<msg timestamp="20230320 11:47:01.094" level="INFO">disconnecting wifi</msg>
<msg timestamp="20230320 11:47:01.687" level="INFO">Wifi Turn Off</msg>
<msg timestamp="20230320 11:47:04.705" level="INFO">Enabling wifi</msg>
<msg timestamp="20230320 11:47:08.762" level="INFO">wifi is enabled successfully</msg>
<msg timestamp="20230320 11:47:11.763" level="INFO">Enable bluetooth!!!</msg>
<msg timestamp="20230320 11:47:21.553" level="INFO">wifi is enabled successfully</msg>
<msg timestamp="20230320 11:47:24.556" level="INFO">disable bluetooth!!!</msg>
<msg timestamp="20230320 11:47:27.610" level="INFO">wifi is enabled successfully</msg>
<msg timestamp="20230320 11:47:30.622" level="INFO">disconnecting wifi</msg>
<msg timestamp="20230320 11:47:31.184" level="INFO">Wifi Turn Off</msg>
<msg timestamp="20230320 11:47:44.773" level="INFO">${adb_res} = True</msg>
<msg timestamp="20230320 11:47:44.774" level="INFO">${msg} = Test case passed</msg>
<status status="PASS" starttime="20230320 11:45:28.556" endtime="20230320 11:47:44.774"></status>
</kw>
<kw name="Fetch Result" library="device_reports">
<arguments>
<arg>${TEST NAME}</arg>
<arg>${adb_res}</arg>
<arg>${msg}</arg>
</arguments>
<status status="PASS" starttime="20230320 11:47:44.776" endtime="20230320 11:47:44.780"></status>
</kw>
<kw name="Log" library="BuiltIn">
<doc>Logs the given message with the given level.</doc>
<arguments>
<arg>${adb_res}</arg>
</arguments>
<msg timestamp="20230320 11:47:44.789" level="INFO">True</msg>
<status status="PASS" starttime="20230320 11:47:44.786" endtime="20230320 11:47:44.789"></status>
</kw>
<kw name="Run Keyword If" library="BuiltIn">
<doc>Runs the given keyword with the given arguments, if ``condition`` is true.</doc>
<arguments>
<arg>${adb_res} == True</arg>
<arg>Log To Console</arg>
<arg>${msg}</arg>
<arg>ELSE</arg>
<arg>device_logging</arg>
<arg>${yamlData}</arg>
<arg>${TEST NAME}</arg>
<arg>$${log_type}</arg>
<arg>RESTART</arg>
</arguments>
<kw name="Log To Console" library="BuiltIn">
<doc>Logs the given message to the console.</doc>
<arguments>
<arg>${msg}</arg>
</arguments>
<status status="PASS" starttime="20230320 11:47:44.793" endtime="20230320 11:47:44.795"></status>
</kw>
<status status="PASS" starttime="20230320 11:47:44.791" endtime="20230320 11:47:44.795"></status>
</kw>
<kw name="Should Be True" library="BuiltIn">
<doc>Fails if the given condition is not true.</doc>
<arguments>
<arg>${adb_res}</arg>
<arg>msg=${msg}</arg>
</arguments>
<status status="PASS" starttime="20230320 11:47:44.800" endtime="20230320 11:47:44.805"></status>
</kw>
<status status="PASS" starttime="20230320 11:45:28.550" endtime="20230320 11:47:44.805"></status>
</kw>
<kw name="Run Keywords" library="BuiltIn" type="teardown">
<doc>Executes all the given keywords in a sequence.</doc>
<arguments>
<arg>Stop Device Log</arg>
<arg>${yamlData}</arg>
<arg>${log_type}</arg>
<arg>AND</arg>
<arg>Remove Log Handler</arg>
</arguments>
<kw name="Stop device Log" library="res_common">
<arguments>
<arg>${yamlData}</arg>
<arg>${log_type}</arg>
</arguments>
<kw name="Log To Console" library="BuiltIn">
<doc>Logs the given message to the console.</doc>
<arguments>
<arg>"Stopping Modem Logs"</arg>
</arguments>
<status status="PASS" starttime="20230320 11:47:44.809" endtime="20230320 11:47:44.810"></status>
</kw>
<kw name="Device Logging" library="device_reports">
<arguments>
<arg>${yamlData}</arg>
<arg>${TEST NAME}</arg>
<arg>${log_type}</arg>
<arg>STOP</arg>
</arguments>
<msg timestamp="20230320 11:47:44.812" level="INFO">92KAY01TTW</msg>
<status status="PASS" starttime="20230320 11:47:44.812" endtime="20230320 11:47:44.812"></status>
</kw>
<status status="PASS" starttime="20230320 11:47:44.807" endtime="20230320 11:47:44.812"></status>
</kw>
<kw name="Remove Log Handler" library="res_common">
<kw name="Remove Script Log Handler" library="common_log">
<doc>Removes all the logging handlers
:return: None</doc>
<msg timestamp="20230320 11:47:44.821" level="INFO">[&lt;RobotHandler (NOTSET)&gt;, &lt;StreamHandler (NOTSET)&gt;, &lt;FileHandler C:\Users\swatipat\Downloads\MAIN_GATS_CODE\GATS_Django_Framework\results\logs\Cellular_GATS_Integration\milestone1\233\Pixel_3a_10_Google\LIVE_LTE_SS_STAB\TC_bluetooth_wifi_on_off_10times\iteration_1\TC_bluetooth_wifi_on_off_10times (DEBUG)&gt;]</msg>
<status status="PASS" starttime="20230320 11:47:44.818" endtime="20230320 11:47:44.823"></status>
</kw>
<status status="PASS" starttime="20230320 11:47:44.812" endtime="20230320 11:47:44.823"></status>
</kw>
<status status="PASS" starttime="20230320 11:47:44.807" endtime="20230320 11:47:44.823"></status>
</kw>
<doc>Performing Delta Testcases 500</doc>
<tags>
<tag>TC_bluetooth_wifi_on_off_10times</tag>
</tags>
<timeout value="1 hour 5 minutes"></timeout>
<status status="PASS" starttime="20230320 11:45:28.465" endtime="20230320 11:47:44.823" critical="yes"></status>
</test>
<kw name="Run Keyword" library="BuiltIn" type="teardown">
<doc>Executes the given keyword with the given arguments.</doc>
<arguments>
<arg>Fill Excel</arg>
<arg>${log_type}</arg>
</arguments>
<kw name="Fill Excel" library="res_common">
<arguments>
<arg>${log_type}</arg>
</arguments>
<kw name="Log" library="BuiltIn">
<doc>Logs the given message with the given level.</doc>
<arguments>
<arg>"Creating Excel Sheet"</arg>
</arguments>
<msg timestamp="20230320 11:47:44.925" level="INFO">"Creating Excel Sheet"</msg>
<status status="PASS" starttime="20230320 11:47:44.925" endtime="20230320 11:47:44.925"></status>
</kw>
<kw name="Create Excel" library="excel_sheet">
<arguments>
<arg>${log_type}</arg>
</arguments>
<msg timestamp="20230320 11:47:45.008" level="INFO">['C:\\Users\\swatipat\\Downloads\\MAIN_GATS_CODE\\GATS_Django_Framework\\results\\logs\\Cellular_GATS_Integration\\milestone1\\233\\Pixel_3a_10_Google\\LIVE_LTE_SS_STAB\\TC_bluetooth_wifi_on_off_10times\\iteration_1/../']</msg>
<status status="PASS" starttime="20230320 11:47:44.926" endtime="20230320 11:47:45.008"></status>
</kw>
<status status="PASS" starttime="20230320 11:47:44.923" endtime="20230320 11:47:45.008"></status>
</kw>
<status status="PASS" starttime="20230320 11:47:44.923" endtime="20230320 11:47:45.008"></status>
</kw>
<status status="PASS" starttime="20230320 11:45:24.263" endtime="20230320 11:47:45.008"></status>
</suite>
<status status="PASS" starttime="20230320 11:45:24.242" endtime="20230320 11:47:45.010"></status>
</suite>
<statistics>
<total>
<stat pass="1" fail="0">Critical Tests</stat>
<stat pass="1" fail="0">All Tests</stat>
</total>
<tag>
<stat pass="1" fail="0">TC_bluetooth_wifi_on_off_10times</stat>
</tag>
<suite>
<stat pass="1" fail="0" id="s1" name="Robot Scripts">Robot Scripts</stat>
<stat pass="1" fail="0" id="s1-s1" name="LIVE LTE SS STAB">Robot Scripts.LIVE LTE SS STAB</stat>
</suite>
</statistics>
<errors>
</errors>
</robot>
