<?xml version="1.0" encoding="UTF-8"?>
<robot generator="Robot 3.1.1 (Python 3.10.10 on win32)" generated="20230407 10:55:48.347" rpa="false">
<suite id="s1" name="Robot Scripts" source="C:\Users\swatipat\Downloads\MAIN_GATS_CODE\GATS_Django_Framework\scripts\robot_scripts">
<suite id="s1-s1" name="Stability Live" source="C:\Users\swatipat\Downloads\MAIN_GATS_CODE\GATS_Django_Framework\scripts\robot_scripts\Stability_Live.robot">
<test id="s1-s1-t1" name="TC_Stability_Live_Volte_003">
<kw name="Run Keywords" library="BuiltIn" type="setup">
<doc>Executes all the given keywords in a sequence.</doc>
<arguments>
<arg>Setup Log</arg>
<arg>${dict.project}</arg>
<arg>${dict.milestone}</arg>
<arg>${dict.session}</arg>
<arg>${dict.device}</arg>
<arg>${dict.iter}</arg>
<arg>Stability_Live</arg>
<arg>@{TEST TAGS}</arg>
<arg>AND</arg>
<arg>Start Device Log</arg>
<arg>${yamlData}</arg>
<arg>${log_type}</arg>
</arguments>
<kw name="Setup Log" library="res_common">
<arguments>
<arg>${dict.project}</arg>
<arg>${dict.milestone}</arg>
<arg>${dict.session}</arg>
<arg>${dict.device}</arg>
<arg>${dict.iter}</arg>
<arg>Stability_Live</arg>
<arg>@{TEST TAGS}</arg>
</arguments>
<kw name="Setup Logging" library="common_log">
<doc>Generates script level logs
:param project: Project name
:param milestone: Milestone name
:param session: Session name
:param device: Device name
:param suite: Suite name
:param auto_id: Automation id(test case id)
:return: h.vinay@globaledgesoft.com</doc>
<arguments>
<arg>${arg1}</arg>
<arg>${arg2}</arg>
<arg>${arg3}</arg>
<arg>${arg4}</arg>
<arg>${arg5}</arg>
<arg>${arg6}</arg>
<arg>${arg7}</arg>
</arguments>
<msg timestamp="20230407 10:55:49.763" level="INFO">executing setup logging</msg>
<msg timestamp="20230407 10:55:49.763" level="INFO">Filename:TC_Stability_Live_Volte_003</msg>
<msg timestamp="20230407 10:55:49.763" level="INFO">Logging has been setup</msg>
<msg timestamp="20230407 10:55:49.763" level="INFO">Inside common log: Cellular_GATS_Integration milestone1 1 Pixel3a_10_Google iteration_1 Stability_Live TC_Stability_Live_Volte_003
Inside log_utils_setup Cellular_GATS_Integration milestone1 1 Pixel3a_10_Google Stability_Live TC_Stability_Live_Volte_003 iteration_1
session_dir:Cellular_GATS_Integration\milestone1\1
device:Pixel3a_10_Google
suite:Stability_Live
file_name:TC_Stability_Live_Volte_003
iteration:iteration_1
log_directory:C:\Users\swatipat\Downloads\MAIN_GATS_CODE\GATS_Django_Framework\results\logs\Cellular_GATS_Integration\milestone1\1\Pixel3a_10_Google\Stability_Live\TC_Stability_Live_Volte_003\iteration_1
[log_utils] setup_logging 80 INFO Logging has been setup</msg>
<status status="PASS" starttime="20230407 10:55:49.763" endtime="20230407 10:55:49.763"></status>
</kw>
<status status="PASS" starttime="20230407 10:55:49.763" endtime="20230407 10:55:49.763"></status>
</kw>
<kw name="Start device Log" library="res_common">
<arguments>
<arg>${yamlData}</arg>
<arg>${log_type}</arg>
</arguments>
<kw name="Update The Ymal" library="common_functions">
<arguments>
<arg>${yamlData}</arg>
</arguments>
<assign>
<var>${yamlData}</var>
</assign>
<msg timestamp="20230407 10:55:49.825" level="INFO">${yamlData} = {'common_args': {'Call_duration': 10, 'HTTPS_LINKS': ['https://play.google.com/store/apps/details?id=com.asteor.synergita&amp;hl=TRs', 'https://play.google.com/store/apps/details?id=com.poly.live&amp;hl=TRs',...</msg>
<status status="PASS" starttime="20230407 10:55:49.773" endtime="20230407 10:55:49.825"></status>
</kw>
<kw name="Log To Console" library="BuiltIn">
<doc>Logs the given message to the console.</doc>
<arguments>
<arg>"Starting Modem Logs"</arg>
</arguments>
<status status="PASS" starttime="20230407 10:55:49.825" endtime="20230407 10:55:49.825"></status>
</kw>
<kw name="Device Logging" library="device_reports">
<arguments>
<arg>${yamlData}</arg>
<arg>${TEST NAME}</arg>
<arg>${log_type}</arg>
<arg>START</arg>
</arguments>
<msg timestamp="20230407 10:55:49.825" level="INFO">92KAY01TTW</msg>
<status status="PASS" starttime="20230407 10:55:49.825" endtime="20230407 10:55:49.825"></status>
</kw>
<status status="PASS" starttime="20230407 10:55:49.763" endtime="20230407 10:55:49.825"></status>
</kw>
<status status="PASS" starttime="20230407 10:55:49.763" endtime="20230407 10:55:49.825"></status>
</kw>
<kw name="LIVE_SS__330" library="res_common">
<arguments>
<arg>TC_Stability_Live_Volte_003</arg>
<arg>${yamlData}</arg>
<arg>${log_type}</arg>
</arguments>
<kw name="Log To Console" library="BuiltIn">
<doc>Logs the given message to the console.</doc>
<arguments>
<arg>SS__330</arg>
</arguments>
<status status="PASS" starttime="20230407 10:55:49.833" endtime="20230407 10:55:49.833"></status>
</kw>
<kw name="SS 330" library="TC_Stability_Live_Volte_003">
<arguments>
<arg>${tst}</arg>
<arg>${yamlData}</arg>
</arguments>
<assign>
<var>${adb_res}</var>
<var>${msg}</var>
</assign>
<msg timestamp="20230407 10:55:50.537" level="INFO">Performing Volte call</msg>
<msg timestamp="20230407 10:55:51.554" level="INFO">Calling from device 92KAY01TTW ===&gt; adb -s 92KAY01TTW shell am start -a android.intent.action.CALL -d tel:8150865662</msg>
<msg timestamp="20230407 10:55:52.327" level="INFO">Call state fetched successfully and call state is 1</msg>
<msg timestamp="20230407 10:55:52.327" level="INFO">Receiving call in device B</msg>
<msg timestamp="20230407 10:55:53.291" level="INFO">${adb_res} = False</msg>
<msg timestamp="20230407 10:55:53.291" level="INFO">${msg} = Failed due to max() arg is an empty sequence</msg>
<status status="PASS" starttime="20230407 10:55:49.835" endtime="20230407 10:55:53.291"></status>
</kw>
<kw name="Fetch Result" library="device_reports">
<arguments>
<arg>${TEST NAME}</arg>
<arg>${adb_res}</arg>
<arg>${msg}</arg>
</arguments>
<status status="PASS" starttime="20230407 10:55:53.291" endtime="20230407 10:55:53.291"></status>
</kw>
<kw name="Log" library="BuiltIn">
<doc>Logs the given message with the given level.</doc>
<arguments>
<arg>${adb_res}</arg>
</arguments>
<msg timestamp="20230407 10:55:53.306" level="INFO">False</msg>
<status status="PASS" starttime="20230407 10:55:53.306" endtime="20230407 10:55:53.306"></status>
</kw>
<kw name="Run Keyword If" library="BuiltIn">
<doc>Runs the given keyword with the given arguments, if ``condition`` is true.</doc>
<arguments>
<arg>${adb_res} == True</arg>
<arg>Log To Console</arg>
<arg>${msg}</arg>
<arg>ELSE</arg>
<arg>device_logging</arg>
<arg>${yamlData}</arg>
<arg>${TEST NAME}</arg>
<arg>$${log_type}</arg>
<arg>RESTART</arg>
</arguments>
<kw name="Device Logging" library="device_reports">
<arguments>
<arg>${yamlData}</arg>
<arg>${TEST NAME}</arg>
<arg>$${log_type}</arg>
<arg>RESTART</arg>
</arguments>
<msg timestamp="20230407 10:55:53.306" level="INFO">92KAY01TTW</msg>
<status status="PASS" starttime="20230407 10:55:53.306" endtime="20230407 10:55:53.306"></status>
</kw>
<status status="PASS" starttime="20230407 10:55:53.306" endtime="20230407 10:55:53.306"></status>
</kw>
<kw name="Should Be True" library="BuiltIn">
<doc>Fails if the given condition is not true.</doc>
<arguments>
<arg>${adb_res}</arg>
<arg>msg=${msg}</arg>
</arguments>
<msg timestamp="20230407 10:55:53.306" level="FAIL">Failed due to max() arg is an empty sequence</msg>
<status status="FAIL" starttime="20230407 10:55:53.306" endtime="20230407 10:55:53.306"></status>
</kw>
<status status="FAIL" starttime="20230407 10:55:49.825" endtime="20230407 10:55:53.306"></status>
</kw>
<kw name="Run Keywords" library="BuiltIn" type="teardown">
<doc>Executes all the given keywords in a sequence.</doc>
<arguments>
<arg>Stop Device Log</arg>
<arg>${yamlData}</arg>
<arg>${log_type}</arg>
<arg>AND</arg>
<arg>Remove Log Handler</arg>
</arguments>
<kw name="Stop device Log" library="res_common">
<arguments>
<arg>${yamlData}</arg>
<arg>${log_type}</arg>
</arguments>
<kw name="Log To Console" library="BuiltIn">
<doc>Logs the given message to the console.</doc>
<arguments>
<arg>"Stopping Modem Logs"</arg>
</arguments>
<status status="PASS" starttime="20230407 10:55:53.325" endtime="20230407 10:55:53.325"></status>
</kw>
<kw name="Device Logging" library="device_reports">
<arguments>
<arg>${yamlData}</arg>
<arg>${TEST NAME}</arg>
<arg>${log_type}</arg>
<arg>STOP</arg>
</arguments>
<msg timestamp="20230407 10:55:53.325" level="INFO">92KAY01TTW</msg>
<status status="PASS" starttime="20230407 10:55:53.325" endtime="20230407 10:55:53.325"></status>
</kw>
<status status="PASS" starttime="20230407 10:55:53.322" endtime="20230407 10:55:53.325"></status>
</kw>
<kw name="Remove Log Handler" library="res_common">
<kw name="Remove Script Log Handler" library="common_log">
<doc>Removes all the logging handlers
:return: None</doc>
<msg timestamp="20230407 10:55:53.325" level="INFO">[&lt;RobotHandler (NOTSET)&gt;, &lt;StreamHandler (NOTSET)&gt;, &lt;FileHandler C:\Users\swatipat\Downloads\MAIN_GATS_CODE\GATS_Django_Framework\results\logs\Cellular_GATS_Integration\milestone1\1\Pixel3a_10_Google\Stability_Live\TC_Stability_Live_Volte_003\iteration_1\TC_Stability_Live_Volte_003 (DEBUG)&gt;]</msg>
<status status="PASS" starttime="20230407 10:55:53.325" endtime="20230407 10:55:53.325"></status>
</kw>
<status status="PASS" starttime="20230407 10:55:53.325" endtime="20230407 10:55:53.325"></status>
</kw>
<status status="PASS" starttime="20230407 10:55:53.322" endtime="20230407 10:55:53.325"></status>
</kw>
<doc>Performing Delta Testcases 330</doc>
<tags>
<tag>TC_Stability_Live_Volte_003</tag>
</tags>
<status status="FAIL" starttime="20230407 10:55:49.753" endtime="20230407 10:55:53.325" critical="yes">Failed due to max() arg is an empty sequence</status>
</test>
<kw name="Run Keyword" library="BuiltIn" type="teardown">
<doc>Executes the given keyword with the given arguments.</doc>
<arguments>
<arg>Fill Excel</arg>
<arg>${log_type}</arg>
</arguments>
<kw name="Fill Excel" library="res_common">
<arguments>
<arg>${log_type}</arg>
</arguments>
<kw name="Log" library="BuiltIn">
<doc>Logs the given message with the given level.</doc>
<arguments>
<arg>"Creating Excel Sheet"</arg>
</arguments>
<msg timestamp="20230407 10:55:53.418" level="INFO">"Creating Excel Sheet"</msg>
<status status="PASS" starttime="20230407 10:55:53.418" endtime="20230407 10:55:53.418"></status>
</kw>
<kw name="Create Excel" library="excel_sheet">
<arguments>
<arg>${log_type}</arg>
</arguments>
<msg timestamp="20230407 10:55:53.457" level="INFO">['C:\\Users\\swatipat\\Downloads\\MAIN_GATS_CODE\\GATS_Django_Framework\\results\\logs\\Cellular_GATS_Integration\\milestone1\\1\\Pixel3a_10_Google\\LIVE_LTE_SS_STAB\\TC_023_LIVE_LTE_SS_STAB_WIFI_UPD_APP\\iteration_1/../', 'C:\\Users\\swatipat\\Downloads\\MAIN_GATS_CODE\\GATS_Django_Framework\\results\\logs\\Cellular_GATS_Integration\\milestone1\\1\\Pixel3a_10_Google\\Stability_Live\\TC_Stability_Live_Volte_003\\iteration_1/../']</msg>
<status status="PASS" starttime="20230407 10:55:53.418" endtime="20230407 10:55:53.457"></status>
</kw>
<status status="PASS" starttime="20230407 10:55:53.402" endtime="20230407 10:55:53.457"></status>
</kw>
<status status="PASS" starttime="20230407 10:55:53.402" endtime="20230407 10:55:53.457"></status>
</kw>
<doc>Executing Stablity Testcases.</doc>
<status status="FAIL" starttime="20230407 10:55:48.363" endtime="20230407 10:55:53.457"></status>
</suite>
<status status="FAIL" starttime="20230407 10:55:48.347" endtime="20230407 10:55:53.473"></status>
</suite>
<statistics>
<total>
<stat pass="0" fail="1">Critical Tests</stat>
<stat pass="0" fail="1">All Tests</stat>
</total>
<tag>
<stat pass="0" fail="1">TC_Stability_Live_Volte_003</stat>
</tag>
<suite>
<stat pass="0" fail="1" id="s1" name="Robot Scripts">Robot Scripts</stat>
<stat pass="0" fail="1" id="s1-s1" name="Stability Live">Robot Scripts.Stability Live</stat>
</suite>
</statistics>
<errors>
</errors>
</robot>
