<?xml version="1.0" encoding="UTF-8"?>
<robot generator="Robot 3.1.1 (Python 3.10.9 on win32)" generated="20230131 19:26:51.101" rpa="false">
<suite id="s1" name="Robot Scripts" source="C:\Users\swatipat\Downloads\MAIN_GATS_CODE\GATS_Django_Framework\scripts\robot_scripts">
<suite id="s1-s1" name="LIVE LTE SS STAB" source="C:\Users\swatipat\Downloads\MAIN_GATS_CODE\GATS_Django_Framework\scripts\robot_scripts\LIVE_LTE_SS_STAB.robot">
<test id="s1-s1-t1" name="TC_042_LIVE_LTE_SS_STAB_turnOFF_WIF_WIFINW">
<kw name="Run Keywords" library="BuiltIn" type="setup">
<doc>Executes all the given keywords in a sequence.</doc>
<arguments>
<arg>Setup Log</arg>
<arg>${dict.project}</arg>
<arg>${dict.milestone}</arg>
<arg>${dict.session}</arg>
<arg>${dict.device}</arg>
<arg>${dict.iter}</arg>
<arg>LIVE_LTE_SS_STAB</arg>
<arg>@{TEST TAGS}</arg>
<arg>AND</arg>
<arg>Start Device Log</arg>
<arg>${yamlData}</arg>
<arg>${log_type}</arg>
</arguments>
<kw name="Setup Log" library="res_common">
<arguments>
<arg>${dict.project}</arg>
<arg>${dict.milestone}</arg>
<arg>${dict.session}</arg>
<arg>${dict.device}</arg>
<arg>${dict.iter}</arg>
<arg>LIVE_LTE_SS_STAB</arg>
<arg>@{TEST TAGS}</arg>
</arguments>
<kw name="Setup Logging" library="common_log">
<doc>Generates script level logs
:param project: Project name
:param milestone: Milestone name
:param session: Session name
:param device: Device name
:param suite: Suite name
:param auto_id: Automation id(test case id)
:return: h.vinay@globaledgesoft.com</doc>
<arguments>
<arg>${arg1}</arg>
<arg>${arg2}</arg>
<arg>${arg3}</arg>
<arg>${arg4}</arg>
<arg>${arg5}</arg>
<arg>${arg6}</arg>
<arg>${arg7}</arg>
</arguments>
<msg timestamp="20230131 19:27:00.529" level="INFO">executing setup logging</msg>
<msg timestamp="20230131 19:27:00.529" level="INFO">Filename:TC_042_LIVE_LTE_SS_STAB_turnOFF_WIF_WIFINW</msg>
<msg timestamp="20230131 19:27:00.529" level="INFO">Inside common log: Cellular_GATS_Integration milestone1 198 Pixel3a_10_Google iteration_1 LIVE_LTE_SS_STAB TC_042_LIVE_LTE_SS_STAB_turnOFF_WIF_WIFINW
Inside log_utils_setup Cellular_GATS_Integration milestone1 198 Pixel3a_10_Google LIVE_LTE_SS_STAB TC_042_LIVE_LTE_SS_STAB_turnOFF_WIF_WIFINW iteration_1
session_dir:Cellular_GATS_Integration\milestone1\198
device:Pixel3a_10_Google
suite:LIVE_LTE_SS_STAB
file_name:TC_042_LIVE_LTE_SS_STAB_turnOFF_WIF_WIFINW
iteration:iteration_1
log_directory:C:\Users\swatipat\Downloads\MAIN_GATS_CODE\GATS_Django_Framework\results\logs\Cellular_GATS_Integration\milestone1\198\Pixel3a_10_Google\LIVE_LTE_SS_STAB\TC_042_LIVE_LTE_SS_STAB_turnOFF_WIF_WIFINW\iteration_1</msg>
<msg timestamp="20230131 19:27:00.529" level="FAIL">FileNotFoundError: [Errno 2] No such file or directory: 'C:\\Users\\swatipat\\Downloads\\MAIN_GATS_CODE\\GATS_Django_Framework\\results\\logs\\Cellular_GATS_Integration\\milestone1\\198\\Pixel3a_10_Google\\LIVE_LTE_SS_STAB\\TC_042_LIVE_LTE_SS_STAB_turnOFF_WIF_WIFINW\\iteration_1\\TC_042_LIVE_LTE_SS_STAB_turnOFF_WIF_WIFINW_20230131-192700'</msg>
<status status="FAIL" starttime="20230131 19:27:00.529" endtime="20230131 19:27:00.529"></status>
</kw>
<status status="FAIL" starttime="20230131 19:27:00.529" endtime="20230131 19:27:00.529"></status>
</kw>
<status status="FAIL" starttime="20230131 19:27:00.529" endtime="20230131 19:27:00.529"></status>
</kw>
<kw name="Run Keywords" library="BuiltIn" type="teardown">
<doc>Executes all the given keywords in a sequence.</doc>
<arguments>
<arg>Stop Device Log</arg>
<arg>${yamlData}</arg>
<arg>${log_type}</arg>
<arg>AND</arg>
<arg>Remove Log Handler</arg>
</arguments>
<kw name="Stop device Log" library="res_common">
<arguments>
<arg>${yamlData}</arg>
<arg>${log_type}</arg>
</arguments>
<kw name="Log To Console" library="BuiltIn">
<doc>Logs the given message to the console.</doc>
<arguments>
<arg>"Stopping Modem Logs"</arg>
</arguments>
<status status="PASS" starttime="20230131 19:27:00.546" endtime="20230131 19:27:00.546"></status>
</kw>
<kw name="Device Logging" library="device_reports">
<arguments>
<arg>${yamlData}</arg>
<arg>${TEST NAME}</arg>
<arg>${log_type}</arg>
<arg>STOP</arg>
</arguments>
<msg timestamp="20230131 19:27:00.546" level="INFO">92KAY01TTW</msg>
<status status="PASS" starttime="20230131 19:27:00.546" endtime="20230131 19:27:00.546"></status>
</kw>
<status status="PASS" starttime="20230131 19:27:00.546" endtime="20230131 19:27:00.546"></status>
</kw>
<kw name="Remove Log Handler" library="res_common">
<kw name="Remove Script Log Handler" library="common_log">
<doc>Removes all the logging handlers
:return: None</doc>
<msg timestamp="20230131 19:27:00.546" level="FAIL">AttributeError: type object 'common_log' has no attribute 'ROOT_LOG'</msg>
<status status="FAIL" starttime="20230131 19:27:00.546" endtime="20230131 19:27:00.546"></status>
</kw>
<status status="FAIL" starttime="20230131 19:27:00.546" endtime="20230131 19:27:00.546"></status>
</kw>
<status status="FAIL" starttime="20230131 19:27:00.546" endtime="20230131 19:27:00.546">AttributeError: type object 'common_log' has no attribute 'ROOT_LOG'</status>
</kw>
<doc>Performing Delta Testcases 14</doc>
<tags>
<tag>TC_042_LIVE_LTE_SS_STAB_turnOFF_WIF_WIFINW</tag>
</tags>
<timeout value="1 hour 5 minutes"></timeout>
<status status="FAIL" starttime="20230131 19:27:00.513" endtime="20230131 19:27:00.546" critical="yes">Setup failed:
FileNotFoundError: [Errno 2] No such file or directory: 'C:\\Users\\swatipat\\Downloads\\MAIN_GATS_CODE\\GATS_Django_Framework\\results\\logs\\Cellular_GATS_Integration\\milestone1\\198\\Pixel3a_10_Google\\LIVE_LTE_SS_STAB\\TC_042_LIVE_LTE_SS_STAB_turnOFF_WIF_WIFINW\\iteration_1\\TC_042_LIVE_LTE_SS_STAB_turnOFF_WIF_WIFINW_20230131-192700'

Also teardown failed:
AttributeError: type object 'common_log' has no attribute 'ROOT_LOG'</status>
</test>
<kw name="Run Keyword" library="BuiltIn" type="teardown">
<doc>Executes the given keyword with the given arguments.</doc>
<arguments>
<arg>Fill Excel</arg>
<arg>${log_type}</arg>
</arguments>
<kw name="Fill Excel" library="res_common">
<arguments>
<arg>${log_type}</arg>
</arguments>
<kw name="Log" library="BuiltIn">
<doc>Logs the given message with the given level.</doc>
<arguments>
<arg>"Creating Excel Sheet"</arg>
</arguments>
<msg timestamp="20230131 19:27:00.623" level="INFO">"Creating Excel Sheet"</msg>
<status status="PASS" starttime="20230131 19:27:00.623" endtime="20230131 19:27:00.623"></status>
</kw>
<kw name="Create Excel" library="excel_sheet">
<arguments>
<arg>${log_type}</arg>
</arguments>
<msg timestamp="20230131 19:27:00.681" level="INFO">[]</msg>
<status status="PASS" starttime="20230131 19:27:00.623" endtime="20230131 19:27:00.681"></status>
</kw>
<status status="PASS" starttime="20230131 19:27:00.623" endtime="20230131 19:27:00.681"></status>
</kw>
<status status="PASS" starttime="20230131 19:27:00.623" endtime="20230131 19:27:00.681"></status>
</kw>
<status status="FAIL" starttime="20230131 19:26:51.144" endtime="20230131 19:27:00.681"></status>
</suite>
<status status="FAIL" starttime="20230131 19:26:51.109" endtime="20230131 19:27:00.681"></status>
</suite>
<statistics>
<total>
<stat pass="0" fail="1">Critical Tests</stat>
<stat pass="0" fail="1">All Tests</stat>
</total>
<tag>
<stat pass="0" fail="1">TC_042_LIVE_LTE_SS_STAB_turnOFF_WIF_WIFINW</stat>
</tag>
<suite>
<stat pass="0" fail="1" id="s1" name="Robot Scripts">Robot Scripts</stat>
<stat pass="0" fail="1" id="s1-s1" name="LIVE LTE SS STAB">Robot Scripts.LIVE LTE SS STAB</stat>
</suite>
</statistics>
<errors>
</errors>
</robot>
