<?xml version="1.0" encoding="UTF-8"?>
<robot generator="Robot 3.1.1 (Python 3.10.11 on win32)" generated="20230505 10:49:24.558" rpa="false">
<suite id="s1" name="Robot Scripts" source="C:\Users\swatipat\Downloads\MAIN_GATS_CODE\GATS_Django_Framework\scripts\robot_scripts">
<suite id="s1-s1" name="LIVE LTE SS STAB" source="C:\Users\swatipat\Downloads\MAIN_GATS_CODE\GATS_Django_Framework\scripts\robot_scripts\LIVE_LTE_SS_STAB.robot">
<test id="s1-s1-t1" name="TC_451_LIVE_LTE_SS_STAB_WIFI_UL_Calls">
<kw name="Run Keywords" library="BuiltIn" type="setup">
<doc>Executes all the given keywords in a sequence.</doc>
<arguments>
<arg>Setup Log</arg>
<arg>${dict.project}</arg>
<arg>${dict.milestone}</arg>
<arg>${dict.session}</arg>
<arg>${dict.device}</arg>
<arg>${dict.iter}</arg>
<arg>LIVE_LTE_SS_STAB</arg>
<arg>@{TEST TAGS}</arg>
<arg>AND</arg>
<arg>Start Device Log</arg>
<arg>${yamlData}</arg>
<arg>${log_type}</arg>
</arguments>
<kw name="Setup Log" library="res_common">
<arguments>
<arg>${dict.project}</arg>
<arg>${dict.milestone}</arg>
<arg>${dict.session}</arg>
<arg>${dict.device}</arg>
<arg>${dict.iter}</arg>
<arg>LIVE_LTE_SS_STAB</arg>
<arg>@{TEST TAGS}</arg>
</arguments>
<kw name="Setup Logging" library="common_log">
<doc>Generates script level logs
:param project: Project name
:param milestone: Milestone name
:param session: Session name
:param device: Device name
:param suite: Suite name
:param auto_id: Automation id(test case id)
:return: h.vinay@globaledgesoft.com</doc>
<arguments>
<arg>${arg1}</arg>
<arg>${arg2}</arg>
<arg>${arg3}</arg>
<arg>${arg4}</arg>
<arg>${arg5}</arg>
<arg>${arg6}</arg>
<arg>${arg7}</arg>
</arguments>
<msg timestamp="20230505 10:49:29.034" level="INFO">executing setup logging</msg>
<msg timestamp="20230505 10:49:29.034" level="INFO">Filename:TC_451_LIVE_LTE_SS_STAB_WIFI_UL_Calls</msg>
<msg timestamp="20230505 10:49:29.036" level="INFO">Logging has been setup</msg>
<msg timestamp="20230505 10:49:29.037" level="INFO">Inside common log: Cellular_GATS_Integration milestone1 55 Mi10T_10_Xiaomi iteration_1 LIVE_LTE_SS_STAB TC_451_LIVE_LTE_SS_STAB_WIFI_UL_Calls
Inside log_utils_setup Cellular_GATS_Integration milestone1 55 Mi10T_10_Xiaomi LIVE_LTE_SS_STAB TC_451_LIVE_LTE_SS_STAB_WIFI_UL_Calls iteration_1
session_dir:Cellular_GATS_Integration\milestone1\55
device:Mi10T_10_Xiaomi
suite:LIVE_LTE_SS_STAB
file_name:TC_451_LIVE_LTE_SS_STAB_WIFI_UL_Calls
iteration:iteration_1
log_directory:C:\Users\swatipat\Downloads\MAIN_GATS_CODE\GATS_Django_Framework\results\logs\Cellular_GATS_Integration\milestone1\55\Mi10T_10_Xiaomi\LIVE_LTE_SS_STAB\TC_451_LIVE_LTE_SS_STAB_WIFI_UL_Calls\iteration_1
[log_utils] setup_logging 80 INFO Logging has been setup</msg>
<status status="PASS" starttime="20230505 10:49:29.032" endtime="20230505 10:49:29.037"></status>
</kw>
<status status="PASS" starttime="20230505 10:49:29.030" endtime="20230505 10:49:29.037"></status>
</kw>
<kw name="Start device Log" library="res_common">
<arguments>
<arg>${yamlData}</arg>
<arg>${log_type}</arg>
</arguments>
<kw name="Update The Ymal" library="common_functions">
<arguments>
<arg>${yamlData}</arg>
</arguments>
<assign>
<var>${yamlData}</var>
</assign>
<msg timestamp="20230505 10:49:29.073" level="INFO">${yamlData} = {'common_args': {'Call_duration': 10, 'HTTPS_LINKS': ['https://play.google.com/store/apps/details?id=com.asteor.synergita&amp;hl=TRs', 'https://play.google.com/store/apps/details?id=com.poly.live&amp;hl=TRs',...</msg>
<status status="PASS" starttime="20230505 10:49:29.040" endtime="20230505 10:49:29.073"></status>
</kw>
<kw name="Log To Console" library="BuiltIn">
<doc>Logs the given message to the console.</doc>
<arguments>
<arg>"Starting Modem Logs"</arg>
</arguments>
<status status="PASS" starttime="20230505 10:49:29.073" endtime="20230505 10:49:29.073"></status>
</kw>
<kw name="Device Logging" library="device_reports">
<arguments>
<arg>${yamlData}</arg>
<arg>${TEST NAME}</arg>
<arg>${log_type}</arg>
<arg>START</arg>
</arguments>
<msg timestamp="20230505 10:49:29.088" level="INFO">1221b759</msg>
<status status="PASS" starttime="20230505 10:49:29.088" endtime="20230505 10:49:29.088"></status>
</kw>
<status status="PASS" starttime="20230505 10:49:29.038" endtime="20230505 10:49:29.088"></status>
</kw>
<status status="PASS" starttime="20230505 10:49:29.030" endtime="20230505 10:49:29.088"></status>
</kw>
<kw name="LIVE_SS__294" library="res_common">
<arguments>
<arg>TC_451_LIVE_LTE_SS_STAB_WIFI_UL_Calls</arg>
<arg>${yamlData}</arg>
<arg>${log_type}</arg>
</arguments>
<kw name="Log To Console" library="BuiltIn">
<doc>Logs the given message to the console.</doc>
<arguments>
<arg>SS__294</arg>
</arguments>
<status status="PASS" starttime="20230505 10:49:29.088" endtime="20230505 10:49:29.088"></status>
</kw>
<kw name="SS 294" library="TC_451_LIVE_LTE_SS_STAB_WIFI_UL_Calls">
<arguments>
<arg>${tst}</arg>
<arg>${yamlData}</arg>
</arguments>
<assign>
<var>${adb_res}</var>
<var>${msg}</var>
</assign>
<msg timestamp="20230505 10:49:29.587" level="INFO">validating SS sim status</msg>
<msg timestamp="20230505 10:49:29.587" level="INFO">validating SS sim successful for 1221b759</msg>
<msg timestamp="20230505 10:49:29.587" level="INFO">validating SS sim successful for RZ8N71YR28N</msg>
<msg timestamp="20230505 10:49:29.587" level="INFO">Enabling wifi</msg>
<msg timestamp="20230505 10:49:32.738" level="WARN">('Connection aborted.', RemoteDisconnected('Remote end closed connection without response')), retrying in 0.5 seconds...</msg>
<msg timestamp="20230505 10:49:43.206" level="INFO">Uploading file</msg>
<msg timestamp="20230505 10:49:45.760" level="INFO">loading file</msg>
<msg timestamp="20230505 10:50:57.976" level="INFO">uploading file failed</msg>
<msg timestamp="20230505 10:50:57.992" level="INFO">b'Starting: Intent { act=android.intent.action.VIEW dat=https://play.google.com/... }\r\n' return code --- &gt;0
error --- &gt;None True</msg>
<msg timestamp="20230505 10:50:57.992" level="INFO">[36m[D 230505 10:49:31 __init__:322][39m [pid:21996] [1221b759] device 1221b759 is online
[32m[I 230505 10:49:32 init:156][39m uiautomator2 version: 2.16.14
[36m[D 230505 10:49:32 init:167][39m Shell: ('/data/local/tmp/atx-agent', 'server', '--stop')
[36m[D 230505 10:49:32 init:295][39m Real version: [0, 10, 0], Expect version: [0, 10, 0]
[36m[D 230505 10:49:32 init:167][39m Shell: ('/data/local/tmp/atx-agent', 'server', '--nouia', '-d', '--addr', '127.0.0.1:7912')
[32m[I 230505 10:49:32 init:350][39m Check atx-agent version
[36m[D 230505 10:49:32 init:359][39m Forward: local:tcp:53818 -&gt; remote:tcp:7912
[36m[D 230505 10:49:33 init:359][39m Forward: local:tcp:53818 -&gt; remote:tcp:7912
[36m[D 230505 10:49:33 init:362][39m atx-agent version 0.10.0
[36m[D 230505 10:49:33 init:365][39m device wlan ip: wlan0 have no ip address
[36m[D 230505 10:49:35 __init__:661][39m [pid:21996] [1221b759] kill process(ps): uiautomator
[36m[D 230505 10:49:35 __init__:682][39m [pid:21996] [1221b759] uiautomator-v2 is starting ... left: 40.0s
[36m[D 230505 10:49:36 __init__:682][39m [pid:21996] [1221b759] uiautomator-v2 is starting ... left: 39.0s
[36m[D 230505 10:49:37 __init__:682][39m [pid:21996] [1221b759] uiautomator-v2 is starting ... left: 37.9s
[36m[D 230505 10:49:38 __init__:682][39m [pid:21996] [1221b759] uiautomator-v2 is starting ... left: 36.9s
[36m[D 230505 10:49:39 __init__:682][39m [pid:21996] [1221b759] uiautomator-v2 is starting ... left: 35.9s
[36m[D 230505 10:49:40 __init__:682][39m [pid:21996] [1221b759] uiautomator-v2 is starting ... left: 34.9s
[36m[D 230505 10:49:41 __init__:682][39m [pid:21996] [1221b759] uiautomator-v2 is starting ... left: 33.9s
[36m[D 230505 10:49:42 __init__:696][39m [pid:21996] [1221b759] show float window
[36m[D 230505 10:49:43 __init__:682][39m [pid:21996] [1221b759] uiautomator-v2 is starting ... left: 32.6s
[32m[I 230505 10:49:43 __init__:643][39m [pid:21996] [1221b759] uiautomator back to normal</msg>
<msg timestamp="20230505 10:50:57.992" level="INFO">${adb_res} = False</msg>
<msg timestamp="20230505 10:50:57.992" level="INFO">${msg} = Ui not met </msg>
<status status="PASS" starttime="20230505 10:49:29.088" endtime="20230505 10:50:57.992"></status>
</kw>
<kw name="Fetch Result" library="device_reports">
<arguments>
<arg>${TEST NAME}</arg>
<arg>${adb_res}</arg>
<arg>${msg}</arg>
</arguments>
<status status="PASS" starttime="20230505 10:50:57.992" endtime="20230505 10:50:57.992"></status>
</kw>
<kw name="Log" library="BuiltIn">
<doc>Logs the given message with the given level.</doc>
<arguments>
<arg>${adb_res}</arg>
</arguments>
<msg timestamp="20230505 10:50:58.008" level="INFO">False</msg>
<status status="PASS" starttime="20230505 10:50:57.992" endtime="20230505 10:50:58.009"></status>
</kw>
<kw name="Run Keyword If" library="BuiltIn">
<doc>Runs the given keyword with the given arguments, if ``condition`` is true.</doc>
<arguments>
<arg>${adb_res} == True</arg>
<arg>Log To Console</arg>
<arg>${msg}</arg>
<arg>ELSE</arg>
<arg>device_logging</arg>
<arg>${yamlData}</arg>
<arg>${TEST NAME}</arg>
<arg>$${log_type}</arg>
<arg>RESTART</arg>
</arguments>
<kw name="Device Logging" library="device_reports">
<arguments>
<arg>${yamlData}</arg>
<arg>${TEST NAME}</arg>
<arg>$${log_type}</arg>
<arg>RESTART</arg>
</arguments>
<msg timestamp="20230505 10:50:58.009" level="INFO">1221b759</msg>
<status status="PASS" starttime="20230505 10:50:58.009" endtime="20230505 10:50:58.009"></status>
</kw>
<status status="PASS" starttime="20230505 10:50:58.009" endtime="20230505 10:50:58.009"></status>
</kw>
<kw name="Should Be True" library="BuiltIn">
<doc>Fails if the given condition is not true.</doc>
<arguments>
<arg>${adb_res}</arg>
<arg>msg=${msg}</arg>
</arguments>
<msg timestamp="20230505 10:50:58.009" level="FAIL">Ui not met </msg>
<status status="FAIL" starttime="20230505 10:50:58.009" endtime="20230505 10:50:58.009"></status>
</kw>
<status status="FAIL" starttime="20230505 10:49:29.088" endtime="20230505 10:50:58.009"></status>
</kw>
<kw name="Run Keywords" library="BuiltIn" type="teardown">
<doc>Executes all the given keywords in a sequence.</doc>
<arguments>
<arg>Stop Device Log</arg>
<arg>${yamlData}</arg>
<arg>${log_type}</arg>
<arg>AND</arg>
<arg>Remove Log Handler</arg>
</arguments>
<kw name="Stop device Log" library="res_common">
<arguments>
<arg>${yamlData}</arg>
<arg>${log_type}</arg>
</arguments>
<kw name="Log To Console" library="BuiltIn">
<doc>Logs the given message to the console.</doc>
<arguments>
<arg>"Stopping Modem Logs"</arg>
</arguments>
<status status="PASS" starttime="20230505 10:50:58.009" endtime="20230505 10:50:58.009"></status>
</kw>
<kw name="Device Logging" library="device_reports">
<arguments>
<arg>${yamlData}</arg>
<arg>${TEST NAME}</arg>
<arg>${log_type}</arg>
<arg>STOP</arg>
</arguments>
<msg timestamp="20230505 10:50:58.025" level="INFO">1221b759</msg>
<status status="PASS" starttime="20230505 10:50:58.009" endtime="20230505 10:50:58.025"></status>
</kw>
<status status="PASS" starttime="20230505 10:50:58.009" endtime="20230505 10:50:58.025"></status>
</kw>
<kw name="Remove Log Handler" library="res_common">
<kw name="Remove Script Log Handler" library="common_log">
<doc>Removes all the logging handlers
:return: None</doc>
<msg timestamp="20230505 10:50:58.026" level="INFO">[&lt;RobotHandler (NOTSET)&gt;, &lt;StreamHandler (NOTSET)&gt;, &lt;FileHandler C:\Users\swatipat\Downloads\MAIN_GATS_CODE\GATS_Django_Framework\results\logs\Cellular_GATS_Integration\milestone1\55\Mi10T_10_Xiaomi\LIVE_LTE_SS_STAB\TC_451_LIVE_LTE_SS_STAB_WIFI_UL_Calls\iteration_1\TC_451_LIVE_LTE_SS_STAB_WIFI_UL_Calls (DEBUG)&gt;]</msg>
<status status="PASS" starttime="20230505 10:50:58.026" endtime="20230505 10:50:58.026"></status>
</kw>
<status status="PASS" starttime="20230505 10:50:58.025" endtime="20230505 10:50:58.026"></status>
</kw>
<status status="PASS" starttime="20230505 10:50:58.009" endtime="20230505 10:50:58.026"></status>
</kw>
<doc>Performing Delta Testcases 294</doc>
<tags>
<tag>TC_451_LIVE_LTE_SS_STAB_WIFI_UL_Calls</tag>
</tags>
<timeout value="1 hour 5 minutes"></timeout>
<status status="FAIL" starttime="20230505 10:49:29.023" endtime="20230505 10:50:58.026" critical="yes">Ui not met </status>
</test>
<kw name="Run Keyword" library="BuiltIn" type="teardown">
<doc>Executes the given keyword with the given arguments.</doc>
<arguments>
<arg>Fill Excel</arg>
<arg>${log_type}</arg>
</arguments>
<kw name="Fill Excel" library="res_common">
<arguments>
<arg>${log_type}</arg>
</arguments>
<kw name="Log" library="BuiltIn">
<doc>Logs the given message with the given level.</doc>
<arguments>
<arg>"Creating Excel Sheet"</arg>
</arguments>
<msg timestamp="20230505 10:50:58.112" level="INFO">"Creating Excel Sheet"</msg>
<status status="PASS" starttime="20230505 10:50:58.112" endtime="20230505 10:50:58.112"></status>
</kw>
<kw name="Create Excel" library="excel_sheet">
<arguments>
<arg>${log_type}</arg>
</arguments>
<msg timestamp="20230505 10:50:58.159" level="INFO">['C:\\Users\\swatipat\\Downloads\\MAIN_GATS_CODE\\GATS_Django_Framework\\results\\logs\\Cellular_GATS_Integration\\milestone1\\55\\Mi10T_10_Xiaomi\\LIVE_LTE_SS_STAB\\TC_451_LIVE_LTE_SS_STAB_WIFI_UL_Calls\\iteration_1/../']</msg>
<status status="PASS" starttime="20230505 10:50:58.112" endtime="20230505 10:50:58.159"></status>
</kw>
<status status="PASS" starttime="20230505 10:50:58.112" endtime="20230505 10:50:58.159"></status>
</kw>
<status status="PASS" starttime="20230505 10:50:58.112" endtime="20230505 10:50:58.159"></status>
</kw>
<status status="FAIL" starttime="20230505 10:49:24.576" endtime="20230505 10:50:58.159"></status>
</suite>
<status status="FAIL" starttime="20230505 10:49:24.558" endtime="20230505 10:50:58.159"></status>
</suite>
<statistics>
<total>
<stat pass="0" fail="1">Critical Tests</stat>
<stat pass="0" fail="1">All Tests</stat>
</total>
<tag>
<stat pass="0" fail="1">TC_451_LIVE_LTE_SS_STAB_WIFI_UL_Calls</stat>
</tag>
<suite>
<stat pass="0" fail="1" id="s1" name="Robot Scripts">Robot Scripts</stat>
<stat pass="0" fail="1" id="s1-s1" name="LIVE LTE SS STAB">Robot Scripts.LIVE LTE SS STAB</stat>
</suite>
</statistics>
<errors>
<msg timestamp="20230505 10:49:32.738" level="WARN">('Connection aborted.', RemoteDisconnected('Remote end closed connection without response')), retrying in 0.5 seconds...</msg>
</errors>
</robot>
