<?xml version="1.0" encoding="UTF-8"?>
<robot generator="Robot 3.1.1 (Python 3.10.9 on win32)" generated="20230202 14:53:15.635" rpa="false">
<suite id="s1" name="Robot Scripts" source="C:\Users\swatipat\Downloads\MAIN_GATS_CODE\GATS_Django_Framework\scripts\robot_scripts">
<suite id="s1-s1" name="LIVE LTE SS STAB" source="C:\Users\swatipat\Downloads\MAIN_GATS_CODE\GATS_Django_Framework\scripts\robot_scripts\LIVE_LTE_SS_STAB.robot">
<test id="s1-s1-t1" name="TC_042_LIVE_LTE_SS_STAB_turnOFF_WIF_WIFINW">
<kw name="Run Keywords" library="BuiltIn" type="setup">
<doc>Executes all the given keywords in a sequence.</doc>
<arguments>
<arg>Setup Log</arg>
<arg>${dict.project}</arg>
<arg>${dict.milestone}</arg>
<arg>${dict.session}</arg>
<arg>${dict.device}</arg>
<arg>${dict.iter}</arg>
<arg>LIVE_LTE_SS_STAB</arg>
<arg>@{TEST TAGS}</arg>
<arg>AND</arg>
<arg>Start Device Log</arg>
<arg>${yamlData}</arg>
<arg>${log_type}</arg>
</arguments>
<kw name="Setup Log" library="res_common">
<arguments>
<arg>${dict.project}</arg>
<arg>${dict.milestone}</arg>
<arg>${dict.session}</arg>
<arg>${dict.device}</arg>
<arg>${dict.iter}</arg>
<arg>LIVE_LTE_SS_STAB</arg>
<arg>@{TEST TAGS}</arg>
</arguments>
<kw name="Setup Logging" library="common_log">
<doc>Generates script level logs
:param project: Project name
:param milestone: Milestone name
:param session: Session name
:param device: Device name
:param suite: Suite name
:param auto_id: Automation id(test case id)
:return: h.vinay@globaledgesoft.com</doc>
<arguments>
<arg>${arg1}</arg>
<arg>${arg2}</arg>
<arg>${arg3}</arg>
<arg>${arg4}</arg>
<arg>${arg5}</arg>
<arg>${arg6}</arg>
<arg>${arg7}</arg>
</arguments>
<msg timestamp="20230202 14:53:19.300" level="INFO">executing setup logging</msg>
<msg timestamp="20230202 14:53:19.300" level="INFO">Filename:TC_042_LIVE_LTE_SS_STAB_turnOFF_WIF_WIFINW</msg>
<msg timestamp="20230202 14:53:19.302" level="INFO">Logging has been setup</msg>
<msg timestamp="20230202 14:53:19.302" level="INFO">Inside common log: Cellular_GATS_Integration milestone1 22 Pixel_3a_10_Google iteration_1 LIVE_LTE_SS_STAB TC_042_LIVE_LTE_SS_STAB_turnOFF_WIF_WIFINW
Inside log_utils_setup Cellular_GATS_Integration milestone1 22 Pixel_3a_10_Google LIVE_LTE_SS_STAB TC_042_LIVE_LTE_SS_STAB_turnOFF_WIF_WIFINW iteration_1
session_dir:Cellular_GATS_Integration\milestone1\22
device:Pixel_3a_10_Google
suite:LIVE_LTE_SS_STAB
file_name:TC_042_LIVE_LTE_SS_STAB_turnOFF_WIF_WIFINW
iteration:iteration_1
log_directory:C:\Users\swatipat\Downloads\MAIN_GATS_CODE\GATS_Django_Framework\results\logs\Cellular_GATS_Integration\milestone1\22\Pixel_3a_10_Google\LIVE_LTE_SS_STAB\TC_042_LIVE_LTE_SS_STAB_turnOFF_WIF_WIFINW\iteration_1
[log_utils] setup_logging 80 INFO Logging has been setup</msg>
<status status="PASS" starttime="20230202 14:53:19.296" endtime="20230202 14:53:19.302"></status>
</kw>
<status status="PASS" starttime="20230202 14:53:19.296" endtime="20230202 14:53:19.302"></status>
</kw>
<kw name="Start device Log" library="res_common">
<arguments>
<arg>${yamlData}</arg>
<arg>${log_type}</arg>
</arguments>
<kw name="Update The Ymal" library="common_functions">
<arguments>
<arg>${yamlData}</arg>
</arguments>
<assign>
<var>${yamlData}</var>
</assign>
<msg timestamp="20230202 14:53:19.352" level="INFO">${yamlData} = {'common_args': {'Call_duration': 10, 'HTTPS_LINKS': ['https://play.google.com/store/apps/details?id=com.asteor.synergita&amp;hl=TRs', 'https://play.google.com/store/apps/details?id=com.poly.live&amp;hl=TRs',...</msg>
<status status="PASS" starttime="20230202 14:53:19.302" endtime="20230202 14:53:19.352"></status>
</kw>
<kw name="Log To Console" library="BuiltIn">
<doc>Logs the given message to the console.</doc>
<arguments>
<arg>"Starting Modem Logs"</arg>
</arguments>
<status status="PASS" starttime="20230202 14:53:19.352" endtime="20230202 14:53:19.352"></status>
</kw>
<kw name="Device Logging" library="device_reports">
<arguments>
<arg>${yamlData}</arg>
<arg>${TEST NAME}</arg>
<arg>${log_type}</arg>
<arg>START</arg>
</arguments>
<msg timestamp="20230202 14:53:19.352" level="INFO">92KAY01TTW</msg>
<status status="PASS" starttime="20230202 14:53:19.352" endtime="20230202 14:53:19.352"></status>
</kw>
<status status="PASS" starttime="20230202 14:53:19.302" endtime="20230202 14:53:19.352"></status>
</kw>
<status status="PASS" starttime="20230202 14:53:19.296" endtime="20230202 14:53:19.352"></status>
</kw>
<kw name="LIVE_SS__14" library="res_common">
<arguments>
<arg>TC_042_LIVE_LTE_SS_STAB_turnOFF_WIF_WIFINW</arg>
<arg>${yamlData}</arg>
<arg>${log_type}</arg>
</arguments>
<kw name="Log To Console" library="BuiltIn">
<doc>Logs the given message to the console.</doc>
<arguments>
<arg>SS__14</arg>
</arguments>
<status status="PASS" starttime="20230202 14:53:19.369" endtime="20230202 14:53:19.370"></status>
</kw>
<kw name="SS 14" library="TC_042_LIVE_LTE_SS_STAB_turnOFF_WIF_WIFINW">
<arguments>
<arg>${tst}</arg>
<arg>${yamlData}</arg>
</arguments>
<assign>
<var>${adb_res}</var>
<var>${msg}</var>
</assign>
<msg timestamp="20230202 14:53:19.671" level="INFO">validating SS sim status</msg>
<msg timestamp="20230202 14:53:19.852" level="INFO">validating SS sim successful for 92KAY01TTW</msg>
<msg timestamp="20230202 14:53:19.852" level="INFO">Enabling wifi</msg>
<msg timestamp="20230202 14:53:23.561" level="INFO">wifi is enabled successfully</msg>
<msg timestamp="20230202 14:53:23.561" level="INFO">playing games</msg>
<msg timestamp="20230202 14:54:06.592" level="INFO">True</msg>
<msg timestamp="20230202 14:54:16.619" level="INFO">b'Starting: Intent { act=android.intent.action.VIEW dat=https://play.google.com/... }\r\n' return code --- &gt;0
error --- &gt;None True</msg>
<msg timestamp="20230202 14:54:16.619" level="INFO">${adb_res} = True</msg>
<msg timestamp="20230202 14:54:16.619" level="INFO">${msg} = test case passed</msg>
<status status="PASS" starttime="20230202 14:53:19.370" endtime="20230202 14:54:16.619"></status>
</kw>
<kw name="Fetch Result" library="device_reports">
<arguments>
<arg>${TEST NAME}</arg>
<arg>${adb_res}</arg>
<arg>${msg}</arg>
</arguments>
<status status="PASS" starttime="20230202 14:54:16.619" endtime="20230202 14:54:16.627"></status>
</kw>
<kw name="Log" library="BuiltIn">
<doc>Logs the given message with the given level.</doc>
<arguments>
<arg>${adb_res}</arg>
</arguments>
<msg timestamp="20230202 14:54:16.627" level="INFO">True</msg>
<status status="PASS" starttime="20230202 14:54:16.627" endtime="20230202 14:54:16.627"></status>
</kw>
<kw name="Run Keyword If" library="BuiltIn">
<doc>Runs the given keyword with the given arguments, if ``condition`` is true.</doc>
<arguments>
<arg>${adb_res} == True</arg>
<arg>Log To Console</arg>
<arg>${msg}</arg>
<arg>ELSE</arg>
<arg>device_logging</arg>
<arg>${yamlData}</arg>
<arg>${TEST NAME}</arg>
<arg>$${log_type}</arg>
<arg>RESTART</arg>
</arguments>
<kw name="Log To Console" library="BuiltIn">
<doc>Logs the given message to the console.</doc>
<arguments>
<arg>${msg}</arg>
</arguments>
<status status="PASS" starttime="20230202 14:54:16.635" endtime="20230202 14:54:16.635"></status>
</kw>
<status status="PASS" starttime="20230202 14:54:16.635" endtime="20230202 14:54:16.635"></status>
</kw>
<kw name="Should Be True" library="BuiltIn">
<doc>Fails if the given condition is not true.</doc>
<arguments>
<arg>${adb_res}</arg>
<arg>msg=${msg}</arg>
</arguments>
<status status="PASS" starttime="20230202 14:54:16.644" endtime="20230202 14:54:16.644"></status>
</kw>
<status status="PASS" starttime="20230202 14:53:19.352" endtime="20230202 14:54:16.644"></status>
</kw>
<kw name="Run Keywords" library="BuiltIn" type="teardown">
<doc>Executes all the given keywords in a sequence.</doc>
<arguments>
<arg>Stop Device Log</arg>
<arg>${yamlData}</arg>
<arg>${log_type}</arg>
<arg>AND</arg>
<arg>Remove Log Handler</arg>
</arguments>
<kw name="Stop device Log" library="res_common">
<arguments>
<arg>${yamlData}</arg>
<arg>${log_type}</arg>
</arguments>
<kw name="Log To Console" library="BuiltIn">
<doc>Logs the given message to the console.</doc>
<arguments>
<arg>"Stopping Modem Logs"</arg>
</arguments>
<status status="PASS" starttime="20230202 14:54:16.644" endtime="20230202 14:54:16.644"></status>
</kw>
<kw name="Device Logging" library="device_reports">
<arguments>
<arg>${yamlData}</arg>
<arg>${TEST NAME}</arg>
<arg>${log_type}</arg>
<arg>STOP</arg>
</arguments>
<msg timestamp="20230202 14:54:16.652" level="INFO">92KAY01TTW</msg>
<status status="PASS" starttime="20230202 14:54:16.644" endtime="20230202 14:54:16.652"></status>
</kw>
<status status="PASS" starttime="20230202 14:54:16.644" endtime="20230202 14:54:16.652"></status>
</kw>
<kw name="Remove Log Handler" library="res_common">
<kw name="Remove Script Log Handler" library="common_log">
<doc>Removes all the logging handlers
:return: None</doc>
<msg timestamp="20230202 14:54:16.652" level="INFO">[&lt;RobotHandler (NOTSET)&gt;, &lt;StreamHandler (NOTSET)&gt;, &lt;FileHandler C:\Users\swatipat\Downloads\MAIN_GATS_CODE\GATS_Django_Framework\results\logs\Cellular_GATS_Integration\milestone1\22\Pixel_3a_10_Google\LIVE_LTE_SS_STAB\TC_042_LIVE_LTE_SS_STAB_turnOFF_WIF_WIFINW\iteration_1\TC_042_LIVE_LTE_SS_STAB_turnOFF_WIF_WIFINW (DEBUG)&gt;]</msg>
<status status="PASS" starttime="20230202 14:54:16.652" endtime="20230202 14:54:16.652"></status>
</kw>
<status status="PASS" starttime="20230202 14:54:16.652" endtime="20230202 14:54:16.652"></status>
</kw>
<status status="PASS" starttime="20230202 14:54:16.644" endtime="20230202 14:54:16.652"></status>
</kw>
<doc>Performing Delta Testcases 14</doc>
<tags>
<tag>TC_042_LIVE_LTE_SS_STAB_turnOFF_WIF_WIFINW</tag>
</tags>
<timeout value="1 hour 5 minutes"></timeout>
<status status="PASS" starttime="20230202 14:53:19.288" endtime="20230202 14:54:16.652" critical="yes"></status>
</test>
<kw name="Run Keyword" library="BuiltIn" type="teardown">
<doc>Executes the given keyword with the given arguments.</doc>
<arguments>
<arg>Fill Excel</arg>
<arg>${log_type}</arg>
</arguments>
<kw name="Fill Excel" library="res_common">
<arguments>
<arg>${log_type}</arg>
</arguments>
<kw name="Log" library="BuiltIn">
<doc>Logs the given message with the given level.</doc>
<arguments>
<arg>"Creating Excel Sheet"</arg>
</arguments>
<msg timestamp="20230202 14:54:16.721" level="INFO">"Creating Excel Sheet"</msg>
<status status="PASS" starttime="20230202 14:54:16.721" endtime="20230202 14:54:16.721"></status>
</kw>
<kw name="Create Excel" library="excel_sheet">
<arguments>
<arg>${log_type}</arg>
</arguments>
<msg timestamp="20230202 14:54:16.759" level="INFO">['C:\\Users\\swatipat\\Downloads\\MAIN_GATS_CODE\\GATS_Django_Framework\\results\\logs\\Cellular_GATS_Integration\\milestone1\\22\\Pixel_3a_10_Google\\LIVE_LTE_SS_STAB\\TC_042_LIVE_LTE_SS_STAB_turnOFF_WIF_WIFINW\\iteration_1/../']</msg>
<status status="PASS" starttime="20230202 14:54:16.721" endtime="20230202 14:54:16.759"></status>
</kw>
<status status="PASS" starttime="20230202 14:54:16.721" endtime="20230202 14:54:16.759"></status>
</kw>
<status status="PASS" starttime="20230202 14:54:16.721" endtime="20230202 14:54:16.759"></status>
</kw>
<status status="PASS" starttime="20230202 14:53:15.655" endtime="20230202 14:54:16.759"></status>
</suite>
<status status="PASS" starttime="20230202 14:53:15.644" endtime="20230202 14:54:16.775"></status>
</suite>
<statistics>
<total>
<stat pass="1" fail="0">Critical Tests</stat>
<stat pass="1" fail="0">All Tests</stat>
</total>
<tag>
<stat pass="1" fail="0">TC_042_LIVE_LTE_SS_STAB_turnOFF_WIF_WIFINW</stat>
</tag>
<suite>
<stat pass="1" fail="0" id="s1" name="Robot Scripts">Robot Scripts</stat>
<stat pass="1" fail="0" id="s1-s1" name="LIVE LTE SS STAB">Robot Scripts.LIVE LTE SS STAB</stat>
</suite>
</statistics>
<errors>
</errors>
</robot>
