<?xml version="1.0" encoding="UTF-8"?>
<robot generator="Robot 3.1.1 (Python 3.10.9 on win32)" generated="20230206 10:29:52.519" rpa="false">
<suite id="s1" name="Robot Scripts" source="C:\Users\swatipat\Downloads\MAIN_GATS_CODE\GATS_Django_Framework\scripts\robot_scripts">
<suite id="s1-s1" name="LIVE LTE SS STAB" source="C:\Users\swatipat\Downloads\MAIN_GATS_CODE\GATS_Django_Framework\scripts\robot_scripts\LIVE_LTE_SS_STAB.robot">
<test id="s1-s1-t1" name="TC_028_LIVE_LTE_SS_STAB_TurnOFF_WIFI_YT">
<kw name="Run Keywords" library="BuiltIn" type="setup">
<doc>Executes all the given keywords in a sequence.</doc>
<arguments>
<arg>Setup Log</arg>
<arg>${dict.project}</arg>
<arg>${dict.milestone}</arg>
<arg>${dict.session}</arg>
<arg>${dict.device}</arg>
<arg>${dict.iter}</arg>
<arg>LIVE_LTE_SS_STAB</arg>
<arg>@{TEST TAGS}</arg>
<arg>AND</arg>
<arg>Start Device Log</arg>
<arg>${yamlData}</arg>
<arg>${log_type}</arg>
</arguments>
<kw name="Setup Log" library="res_common">
<arguments>
<arg>${dict.project}</arg>
<arg>${dict.milestone}</arg>
<arg>${dict.session}</arg>
<arg>${dict.device}</arg>
<arg>${dict.iter}</arg>
<arg>LIVE_LTE_SS_STAB</arg>
<arg>@{TEST TAGS}</arg>
</arguments>
<kw name="Setup Logging" library="common_log">
<doc>Generates script level logs
:param project: Project name
:param milestone: Milestone name
:param session: Session name
:param device: Device name
:param suite: Suite name
:param auto_id: Automation id(test case id)
:return: h.vinay@globaledgesoft.com</doc>
<arguments>
<arg>${arg1}</arg>
<arg>${arg2}</arg>
<arg>${arg3}</arg>
<arg>${arg4}</arg>
<arg>${arg5}</arg>
<arg>${arg6}</arg>
<arg>${arg7}</arg>
</arguments>
<msg timestamp="20230206 10:29:55.905" level="INFO">executing setup logging</msg>
<msg timestamp="20230206 10:29:55.905" level="INFO">Filename:TC_028_LIVE_LTE_SS_STAB_TurnOFF_WIFI_YT</msg>
<msg timestamp="20230206 10:29:55.914" level="INFO">Logging has been setup</msg>
<msg timestamp="20230206 10:29:55.914" level="INFO">Inside common log: Cellular_GATS_Integration milestone1 111 Pixel_3a_10_Google iteration_1 LIVE_LTE_SS_STAB TC_028_LIVE_LTE_SS_STAB_TurnOFF_WIFI_YT
Inside log_utils_setup Cellular_GATS_Integration milestone1 111 Pixel_3a_10_Google LIVE_LTE_SS_STAB TC_028_LIVE_LTE_SS_STAB_TurnOFF_WIFI_YT iteration_1
session_dir:Cellular_GATS_Integration\milestone1\111
device:Pixel_3a_10_Google
suite:LIVE_LTE_SS_STAB
file_name:TC_028_LIVE_LTE_SS_STAB_TurnOFF_WIFI_YT
iteration:iteration_1
log_directory:C:\Users\swatipat\Downloads\MAIN_GATS_CODE\GATS_Django_Framework\results\logs\Cellular_GATS_Integration\milestone1\111\Pixel_3a_10_Google\LIVE_LTE_SS_STAB\TC_028_LIVE_LTE_SS_STAB_TurnOFF_WIFI_YT\iteration_1
[log_utils] setup_logging 80 INFO Logging has been setup</msg>
<status status="PASS" starttime="20230206 10:29:55.905" endtime="20230206 10:29:55.914"></status>
</kw>
<status status="PASS" starttime="20230206 10:29:55.905" endtime="20230206 10:29:55.914"></status>
</kw>
<kw name="Start device Log" library="res_common">
<arguments>
<arg>${yamlData}</arg>
<arg>${log_type}</arg>
</arguments>
<kw name="Update The Ymal" library="common_functions">
<arguments>
<arg>${yamlData}</arg>
</arguments>
<assign>
<var>${yamlData}</var>
</assign>
<msg timestamp="20230206 10:29:55.956" level="INFO">${yamlData} = {'common_args': {'Call_duration': 10, 'HTTPS_LINKS': ['https://play.google.com/store/apps/details?id=com.asteor.synergita&amp;hl=TRs', 'https://play.google.com/store/apps/details?id=com.poly.live&amp;hl=TRs',...</msg>
<status status="PASS" starttime="20230206 10:29:55.917" endtime="20230206 10:29:55.956"></status>
</kw>
<kw name="Log To Console" library="BuiltIn">
<doc>Logs the given message to the console.</doc>
<arguments>
<arg>"Starting Modem Logs"</arg>
</arguments>
<status status="PASS" starttime="20230206 10:29:55.956" endtime="20230206 10:29:55.956"></status>
</kw>
<kw name="Device Logging" library="device_reports">
<arguments>
<arg>${yamlData}</arg>
<arg>${TEST NAME}</arg>
<arg>${log_type}</arg>
<arg>START</arg>
</arguments>
<msg timestamp="20230206 10:29:55.966" level="INFO">92KAY01TTW</msg>
<status status="PASS" starttime="20230206 10:29:55.966" endtime="20230206 10:29:55.966"></status>
</kw>
<status status="PASS" starttime="20230206 10:29:55.915" endtime="20230206 10:29:55.966"></status>
</kw>
<status status="PASS" starttime="20230206 10:29:55.905" endtime="20230206 10:29:55.966"></status>
</kw>
<kw name="LIVE_SS__6" library="res_common">
<arguments>
<arg>TC_028_LIVE_LTE_SS_STAB_TurnOFF_WIFI_YT</arg>
<arg>${yamlData}</arg>
<arg>${log_type}</arg>
</arguments>
<kw name="Log To Console" library="BuiltIn">
<doc>Logs the given message to the console.</doc>
<arguments>
<arg>SS__6</arg>
</arguments>
<status status="PASS" starttime="20230206 10:29:55.966" endtime="20230206 10:29:55.966"></status>
</kw>
<kw name="SS 6" library="TC_028_LIVE_LTE_SS_STAB_TurnOFF_WIFI_YT">
<arguments>
<arg>${tst}</arg>
<arg>${yamlData}</arg>
</arguments>
<assign>
<var>${adb_res}</var>
<var>${msg}</var>
</assign>
<msg timestamp="20230206 10:29:56.229" level="INFO">validating SS sim status</msg>
<msg timestamp="20230206 10:29:56.385" level="INFO">validating SS sim successful for 92KAY01TTW </msg>
<msg timestamp="20230206 10:29:56.385" level="INFO">Enabling wifi</msg>
<msg timestamp="20230206 10:29:59.442" level="INFO">[32m[I 230206 10:29:56 __init__:362][39m [pid:1388] [92KAY01TTW ] wait-for-device, time left(3.0s)
[32m[I 230206 10:29:57 __init__:362][39m [pid:1388] [92KAY01TTW ] wait-for-device, time left(2.0s)
[32m[I 230206 10:29:58 __init__:362][39m [pid:1388] [92KAY01TTW ] wait-for-device, time left(1.0s)</msg>
<msg timestamp="20230206 10:29:59.443" level="FAIL">USB device 92KAY01TTW  is offline</msg>
<status status="FAIL" starttime="20230206 10:29:55.966" endtime="20230206 10:29:59.443"></status>
</kw>
<status status="FAIL" starttime="20230206 10:29:55.966" endtime="20230206 10:29:59.443"></status>
</kw>
<kw name="Run Keywords" library="BuiltIn" type="teardown">
<doc>Executes all the given keywords in a sequence.</doc>
<arguments>
<arg>Stop Device Log</arg>
<arg>${yamlData}</arg>
<arg>${log_type}</arg>
<arg>AND</arg>
<arg>Remove Log Handler</arg>
</arguments>
<kw name="Stop device Log" library="res_common">
<arguments>
<arg>${yamlData}</arg>
<arg>${log_type}</arg>
</arguments>
<kw name="Log To Console" library="BuiltIn">
<doc>Logs the given message to the console.</doc>
<arguments>
<arg>"Stopping Modem Logs"</arg>
</arguments>
<status status="PASS" starttime="20230206 10:29:59.443" endtime="20230206 10:29:59.443"></status>
</kw>
<kw name="Device Logging" library="device_reports">
<arguments>
<arg>${yamlData}</arg>
<arg>${TEST NAME}</arg>
<arg>${log_type}</arg>
<arg>STOP</arg>
</arguments>
<msg timestamp="20230206 10:29:59.443" level="INFO">92KAY01TTW</msg>
<status status="PASS" starttime="20230206 10:29:59.443" endtime="20230206 10:29:59.443"></status>
</kw>
<status status="PASS" starttime="20230206 10:29:59.443" endtime="20230206 10:29:59.443"></status>
</kw>
<kw name="Remove Log Handler" library="res_common">
<kw name="Remove Script Log Handler" library="common_log">
<doc>Removes all the logging handlers
:return: None</doc>
<msg timestamp="20230206 10:29:59.458" level="INFO">[&lt;RobotHandler (NOTSET)&gt;, &lt;StreamHandler (NOTSET)&gt;, &lt;FileHandler C:\Users\swatipat\Downloads\MAIN_GATS_CODE\GATS_Django_Framework\results\logs\Cellular_GATS_Integration\milestone1\111\Pixel_3a_10_Google\LIVE_LTE_SS_STAB\TC_028_LIVE_LTE_SS_STAB_TurnOFF_WIFI_YT\iteration_1\TC_028_LIVE_LTE_SS_STAB_TurnOFF_WIFI_YT (DEBUG)&gt;]</msg>
<status status="PASS" starttime="20230206 10:29:59.443" endtime="20230206 10:29:59.458"></status>
</kw>
<status status="PASS" starttime="20230206 10:29:59.443" endtime="20230206 10:29:59.458"></status>
</kw>
<status status="PASS" starttime="20230206 10:29:59.443" endtime="20230206 10:29:59.458"></status>
</kw>
<doc>Performing Delta Testcases 6</doc>
<tags>
<tag>TC_028_LIVE_LTE_SS_STAB_TurnOFF_WIFI_YT</tag>
</tags>
<timeout value="1 hour 5 minutes"></timeout>
<status status="FAIL" starttime="20230206 10:29:55.895" endtime="20230206 10:29:59.458" critical="yes">USB device 92KAY01TTW  is offline</status>
</test>
<kw name="Run Keyword" library="BuiltIn" type="teardown">
<doc>Executes the given keyword with the given arguments.</doc>
<arguments>
<arg>Fill Excel</arg>
<arg>${log_type}</arg>
</arguments>
<kw name="Fill Excel" library="res_common">
<arguments>
<arg>${log_type}</arg>
</arguments>
<kw name="Log" library="BuiltIn">
<doc>Logs the given message with the given level.</doc>
<arguments>
<arg>"Creating Excel Sheet"</arg>
</arguments>
<msg timestamp="20230206 10:29:59.505" level="INFO">"Creating Excel Sheet"</msg>
<status status="PASS" starttime="20230206 10:29:59.505" endtime="20230206 10:29:59.505"></status>
</kw>
<kw name="Create Excel" library="excel_sheet">
<arguments>
<arg>${log_type}</arg>
</arguments>
<msg timestamp="20230206 10:29:59.553" level="INFO">[]</msg>
<status status="PASS" starttime="20230206 10:29:59.521" endtime="20230206 10:29:59.553"></status>
</kw>
<status status="PASS" starttime="20230206 10:29:59.505" endtime="20230206 10:29:59.553"></status>
</kw>
<status status="PASS" starttime="20230206 10:29:59.505" endtime="20230206 10:29:59.553"></status>
</kw>
<status status="FAIL" starttime="20230206 10:29:52.553" endtime="20230206 10:29:59.553"></status>
</suite>
<status status="FAIL" starttime="20230206 10:29:52.537" endtime="20230206 10:29:59.553"></status>
</suite>
<statistics>
<total>
<stat pass="0" fail="1">Critical Tests</stat>
<stat pass="0" fail="1">All Tests</stat>
</total>
<tag>
<stat pass="0" fail="1">TC_028_LIVE_LTE_SS_STAB_TurnOFF_WIFI_YT</stat>
</tag>
<suite>
<stat pass="0" fail="1" id="s1" name="Robot Scripts">Robot Scripts</stat>
<stat pass="0" fail="1" id="s1-s1" name="LIVE LTE SS STAB">Robot Scripts.LIVE LTE SS STAB</stat>
</suite>
</statistics>
<errors>
</errors>
</robot>
