<?xml version="1.0" encoding="UTF-8"?>
<robot generator="Robot 3.1.1 (Python 3.8.0 on win32)" generated="20221216 10:40:11.594" rpa="false">
<suite id="s1" name="Robot Scripts" source="D:\LGDEMO\cellular_automation\SDLC\Coding\GATS\GATS_Django_Framework\scripts\robot_scripts">
<suite id="s1-s1" name="LIVE LTE SS STAB" source="D:\LGDEMO\cellular_automation\SDLC\Coding\GATS\GATS_Django_Framework\scripts\robot_scripts\LIVE_LTE_SS_STAB.robot">
<test id="s1-s1-t1" name="TC_023_LIVE_LTE_SS_STAB_WIFI_UPD_APP">
<kw name="Run Keywords" library="BuiltIn" type="setup">
<doc>Executes all the given keywords in a sequence.</doc>
<arguments>
<arg>Setup Log</arg>
<arg>${dict.project}</arg>
<arg>${dict.milestone}</arg>
<arg>${dict.session}</arg>
<arg>${dict.device}</arg>
<arg>${dict.iter}</arg>
<arg>LIVE_LTE_SS_STAB</arg>
<arg>@{TEST TAGS}</arg>
<arg>AND</arg>
<arg>Start Device Log</arg>
<arg>${yamlData}</arg>
<arg>${log_type}</arg>
</arguments>
<kw name="Setup Log" library="res_common">
<arguments>
<arg>${dict.project}</arg>
<arg>${dict.milestone}</arg>
<arg>${dict.session}</arg>
<arg>${dict.device}</arg>
<arg>${dict.iter}</arg>
<arg>LIVE_LTE_SS_STAB</arg>
<arg>@{TEST TAGS}</arg>
</arguments>
<kw name="Setup Logging" library="common_log">
<doc>Generates script level logs
:param project: Project name
:param milestone: Milestone name
:param session: Session name
:param device: Device name
:param suite: Suite name
:param auto_id: Automation id(test case id)
:return: h.vinay@globaledgesoft.com</doc>
<arguments>
<arg>${arg1}</arg>
<arg>${arg2}</arg>
<arg>${arg3}</arg>
<arg>${arg4}</arg>
<arg>${arg5}</arg>
<arg>${arg6}</arg>
<arg>${arg7}</arg>
</arguments>
<msg timestamp="20221216 10:40:14.088" level="INFO">executing setup logging</msg>
<msg timestamp="20221216 10:40:14.088" level="INFO">Filename:TC_023_LIVE_LTE_SS_STAB_WIFI_UPD_APP</msg>
<msg timestamp="20221216 10:40:14.090" level="INFO">Logging has been setup</msg>
<msg timestamp="20221216 10:40:14.090" level="INFO">Inside common log: Cellular_GATS_Integration milestone1 1 sss_12_12 iteration_1 LIVE_LTE_SS_STAB TC_023_LIVE_LTE_SS_STAB_WIFI_UPD_APP
Inside log_utils_setup Cellular_GATS_Integration milestone1 1 sss_12_12 LIVE_LTE_SS_STAB TC_023_LIVE_LTE_SS_STAB_WIFI_UPD_APP iteration_1
session_dir:Cellular_GATS_Integration\milestone1\1
device:sss_12_12
suite:LIVE_LTE_SS_STAB
file_name:TC_023_LIVE_LTE_SS_STAB_WIFI_UPD_APP
iteration:iteration_1
log_directory:D:\LGDEMO\cellular_automation\SDLC\Coding\GATS\GATS_Django_Framework\results\logs\Cellular_GATS_Integration\milestone1\1\sss_12_12\LIVE_LTE_SS_STAB\TC_023_LIVE_LTE_SS_STAB_WIFI_UPD_APP\iteration_1
[log_utils] setup_logging 79 INFO Logging has been setup</msg>
<status status="PASS" starttime="20221216 10:40:14.087" endtime="20221216 10:40:14.091"></status>
</kw>
<status status="PASS" starttime="20221216 10:40:14.084" endtime="20221216 10:40:14.091"></status>
</kw>
<kw name="Start device Log" library="res_common">
<arguments>
<arg>${yamlData}</arg>
<arg>${log_type}</arg>
</arguments>
<kw name="Update The Ymal" library="common_functions">
<arguments>
<arg>${yamlData}</arg>
</arguments>
<assign>
<var>${yamlData}</var>
</assign>
<msg timestamp="20221216 10:40:14.179" level="INFO">${yamlData} = {'common_args': {'Call_duration': 10, 'HTTPS_LINKS': ['https://play.google.com/store/apps/details?id=com.asteor.synergita&amp;hl=TRs', 'https://play.google.com/store/apps/details?id=com.poly.live&amp;hl=TRs',...</msg>
<status status="PASS" starttime="20221216 10:40:14.094" endtime="20221216 10:40:14.179"></status>
</kw>
<kw name="Log To Console" library="BuiltIn">
<doc>Logs the given message to the console.</doc>
<arguments>
<arg>"Starting Modem Logs"</arg>
</arguments>
<status status="PASS" starttime="20221216 10:40:14.185" endtime="20221216 10:40:14.186"></status>
</kw>
<kw name="Device Logging" library="device_reports">
<arguments>
<arg>${yamlData}</arg>
<arg>${TEST NAME}</arg>
<arg>${log_type}</arg>
<arg>START</arg>
</arguments>
<msg timestamp="20221216 10:40:14.190" level="INFO">a15b28cf</msg>
<status status="PASS" starttime="20221216 10:40:14.189" endtime="20221216 10:40:14.190"></status>
</kw>
<status status="PASS" starttime="20221216 10:40:14.091" endtime="20221216 10:40:14.190"></status>
</kw>
<status status="PASS" starttime="20221216 10:40:14.083" endtime="20221216 10:40:14.191"></status>
</kw>
<kw name="LIVE_SS__1" library="res_common">
<arguments>
<arg>TC_023_LIVE_LTE_SS_STAB_WIFI_UPD_APP</arg>
<arg>${yamlData}</arg>
<arg>${log_type}</arg>
</arguments>
<kw name="Log To Console" library="BuiltIn">
<doc>Logs the given message to the console.</doc>
<arguments>
<arg>SS__1</arg>
</arguments>
<status status="PASS" starttime="20221216 10:40:14.194" endtime="20221216 10:40:14.195"></status>
</kw>
<kw name="SS 1" library="TC_023_LIVE_LTE_SS_STAB_WIFI_UPD_APP">
<arguments>
<arg>${tst}</arg>
<arg>${yamlData}</arg>
</arguments>
<assign>
<var>${adb_res}</var>
<var>${msg}</var>
</assign>
<msg timestamp="20221216 10:40:14.300" level="INFO">validating SS sim status</msg>
<msg timestamp="20221216 10:40:14.360" level="INFO">validating SS sim successful for a15b28cf</msg>
<msg timestamp="20221216 10:40:14.360" level="INFO">Calling from device 92KAY01TTW ===&gt; adb -s 92KAY01TTW shell am start -a android.intent.action.CALL -d tel:7829887654</msg>
<msg timestamp="20221216 10:40:24.489" level="INFO">Receiving call in device B</msg>
<msg timestamp="20221216 10:40:24.620" level="INFO">Call received Successfully</msg>
<msg timestamp="20221216 10:40:24.620" level="INFO">performing a2b call is success</msg>
<msg timestamp="20221216 10:40:24.620" level="INFO">Enabling wifi</msg>
<msg timestamp="20221216 10:40:28.524" level="INFO">sending sms</msg>
<msg timestamp="20221216 10:40:38.438" level="INFO">Test case executed successfully</msg>
<msg timestamp="20221216 10:40:38.438" level="INFO">Terminating call in device A</msg>
<msg timestamp="20221216 10:40:38.573" level="INFO">Call terminated Successfully</msg>
<msg timestamp="20221216 10:40:38.574" level="INFO">${adb_res} = True</msg>
<msg timestamp="20221216 10:40:38.574" level="INFO">${msg} = Executed successfully</msg>
<status status="PASS" starttime="20221216 10:40:14.198" endtime="20221216 10:40:38.574"></status>
</kw>
<kw name="Fetch Result" library="device_reports">
<arguments>
<arg>${TEST NAME}</arg>
<arg>${adb_res}</arg>
<arg>${msg}</arg>
</arguments>
<status status="PASS" starttime="20221216 10:40:38.577" endtime="20221216 10:40:38.579"></status>
</kw>
<kw name="Log" library="BuiltIn">
<doc>Logs the given message with the given level.</doc>
<arguments>
<arg>${adb_res}</arg>
</arguments>
<msg timestamp="20221216 10:40:38.584" level="INFO">True</msg>
<status status="PASS" starttime="20221216 10:40:38.583" endtime="20221216 10:40:38.585"></status>
</kw>
<kw name="Run Keyword If" library="BuiltIn">
<doc>Runs the given keyword with the given arguments, if ``condition`` is true.</doc>
<arguments>
<arg>${adb_res} == True</arg>
<arg>Log To Console</arg>
<arg>${msg}</arg>
<arg>ELSE</arg>
<arg>device_logging</arg>
<arg>${yamlData}</arg>
<arg>${TEST NAME}</arg>
<arg>$${log_type}</arg>
<arg>RESTART</arg>
</arguments>
<kw name="Log To Console" library="BuiltIn">
<doc>Logs the given message to the console.</doc>
<arguments>
<arg>${msg}</arg>
</arguments>
<status status="PASS" starttime="20221216 10:40:38.591" endtime="20221216 10:40:38.592"></status>
</kw>
<status status="PASS" starttime="20221216 10:40:38.588" endtime="20221216 10:40:38.592"></status>
</kw>
<kw name="Should Be True" library="BuiltIn">
<doc>Fails if the given condition is not true.</doc>
<arguments>
<arg>${adb_res}</arg>
<arg>msg=${msg}</arg>
</arguments>
<status status="PASS" starttime="20221216 10:40:38.596" endtime="20221216 10:40:38.597"></status>
</kw>
<status status="PASS" starttime="20221216 10:40:14.191" endtime="20221216 10:40:38.598"></status>
</kw>
<kw name="Run Keywords" library="BuiltIn" type="teardown">
<doc>Executes all the given keywords in a sequence.</doc>
<arguments>
<arg>Stop Device Log</arg>
<arg>${yamlData}</arg>
<arg>${log_type}</arg>
<arg>AND</arg>
<arg>Remove Log Handler</arg>
</arguments>
<kw name="Stop device Log" library="res_common">
<arguments>
<arg>${yamlData}</arg>
<arg>${log_type}</arg>
</arguments>
<kw name="Log To Console" library="BuiltIn">
<doc>Logs the given message to the console.</doc>
<arguments>
<arg>"Stopping Modem Logs"</arg>
</arguments>
<status status="PASS" starttime="20221216 10:40:38.605" endtime="20221216 10:40:38.606"></status>
</kw>
<kw name="Device Logging" library="device_reports">
<arguments>
<arg>${yamlData}</arg>
<arg>${TEST NAME}</arg>
<arg>${log_type}</arg>
<arg>STOP</arg>
</arguments>
<msg timestamp="20221216 10:40:38.609" level="INFO">a15b28cf</msg>
<status status="PASS" starttime="20221216 10:40:38.608" endtime="20221216 10:40:38.609"></status>
</kw>
<status status="PASS" starttime="20221216 10:40:38.602" endtime="20221216 10:40:38.609"></status>
</kw>
<kw name="Remove Log Handler" library="res_common">
<kw name="Remove Script Log Handler" library="common_log">
<doc>Removes all the logging handlers
:return: None</doc>
<msg timestamp="20221216 10:40:38.612" level="INFO">[&lt;RobotHandler (NOTSET)&gt;, &lt;StreamHandler (NOTSET)&gt;, &lt;FileHandler D:\LGDEMO\cellular_automation\SDLC\Coding\GATS\GATS_Django_Framework\results\logs\Cellular_GATS_Integration\milestone1\1\sss_12_12\LIVE_LTE_SS_STAB\TC_023_LIVE_LTE_SS_STAB_WIFI_UPD_APP\iteration_1\TC_023_LIVE_LTE_SS_STAB_WIFI_UPD_APP_20221216-104014 (DEBUG)&gt;]</msg>
<status status="PASS" starttime="20221216 10:40:38.612" endtime="20221216 10:40:38.612"></status>
</kw>
<status status="PASS" starttime="20221216 10:40:38.609" endtime="20221216 10:40:38.613"></status>
</kw>
<status status="PASS" starttime="20221216 10:40:38.602" endtime="20221216 10:40:38.613"></status>
</kw>
<doc>Performing Delta Testcases 1</doc>
<tags>
<tag>TC_023_LIVE_LTE_SS_STAB_WIFI_UPD_APP</tag>
</tags>
<timeout value="1 hour 5 minutes"></timeout>
<status status="PASS" starttime="20221216 10:40:14.071" endtime="20221216 10:40:38.613" critical="yes"></status>
</test>
<kw name="Run Keyword" library="BuiltIn" type="teardown">
<doc>Executes the given keyword with the given arguments.</doc>
<arguments>
<arg>Fill Excel</arg>
<arg>${log_type}</arg>
</arguments>
<kw name="Fill Excel" library="res_common">
<arguments>
<arg>${log_type}</arg>
</arguments>
<kw name="Log" library="BuiltIn">
<doc>Logs the given message with the given level.</doc>
<arguments>
<arg>"Creating Excel Sheet"</arg>
</arguments>
<msg timestamp="20221216 10:40:38.758" level="INFO">"Creating Excel Sheet"</msg>
<status status="PASS" starttime="20221216 10:40:38.758" endtime="20221216 10:40:38.758"></status>
</kw>
<kw name="Create Excel" library="excel_sheet">
<arguments>
<arg>${log_type}</arg>
</arguments>
<msg timestamp="20221216 10:40:38.854" level="INFO">['D:\\LGDEMO\\cellular_automation\\SDLC\\Coding\\GATS\\GATS_Django_Framework\\results\\logs\\Cellular_GATS_Integration\\milestone1\\1\\sss_12_12\\Stability_Live\\TC_Stability_Live_Volte_003\\iteration_1/../', 'D:\\LGDEMO\\cellular_automation\\SDLC\\Coding\\GATS\\GATS_Django_Framework\\results\\logs\\Cellular_GATS_Integration\\milestone1\\1\\sss_12_12\\LIVE_LTE_SS_STAB\\TC_023_LIVE_LTE_SS_STAB_WIFI_UPD_APP\\iteration_1/../']</msg>
<status status="PASS" starttime="20221216 10:40:38.762" endtime="20221216 10:40:38.854"></status>
</kw>
<status status="PASS" starttime="20221216 10:40:38.752" endtime="20221216 10:40:38.854"></status>
</kw>
<status status="PASS" starttime="20221216 10:40:38.751" endtime="20221216 10:40:38.854"></status>
</kw>
<status status="PASS" starttime="20221216 10:40:11.627" endtime="20221216 10:40:38.854"></status>
</suite>
<status status="PASS" starttime="20221216 10:40:11.601" endtime="20221216 10:40:38.857"></status>
</suite>
<statistics>
<total>
<stat pass="1" fail="0">Critical Tests</stat>
<stat pass="1" fail="0">All Tests</stat>
</total>
<tag>
<stat pass="1" fail="0">TC_023_LIVE_LTE_SS_STAB_WIFI_UPD_APP</stat>
</tag>
<suite>
<stat pass="1" fail="0" id="s1" name="Robot Scripts">Robot Scripts</stat>
<stat pass="1" fail="0" id="s1-s1" name="LIVE LTE SS STAB">Robot Scripts.LIVE LTE SS STAB</stat>
</suite>
</statistics>
<errors>
</errors>
</robot>
