<?xml version="1.0" encoding="UTF-8"?>
<robot generator="Robot 3.1.1 (Python 3.10.11 on win32)" generated="20230508 16:02:32.699" rpa="false">
<suite id="s1" name="Robot Scripts" source="C:\Users\swatipat\Downloads\MAIN_GATS_CODE\GATS_Django_Framework\scripts\robot_scripts">
<suite id="s1-s1" name="LIVE LTE SS STAB" source="C:\Users\swatipat\Downloads\MAIN_GATS_CODE\GATS_Django_Framework\scripts\robot_scripts\LIVE_LTE_SS_STAB.robot">
<test id="s1-s1-t1" name="TC_336_LIVE_LTE_SS_STAB_CALL_SMS_YT_DL">
<kw name="Run Keywords" library="BuiltIn" type="setup">
<doc>Executes all the given keywords in a sequence.</doc>
<arguments>
<arg>Setup Log</arg>
<arg>${dict.project}</arg>
<arg>${dict.milestone}</arg>
<arg>${dict.session}</arg>
<arg>${dict.device}</arg>
<arg>${dict.iter}</arg>
<arg>LIVE_LTE_SS_STAB</arg>
<arg>@{TEST TAGS}</arg>
<arg>AND</arg>
<arg>Start Device Log</arg>
<arg>${yamlData}</arg>
<arg>${log_type}</arg>
</arguments>
<kw name="Setup Log" library="res_common">
<arguments>
<arg>${dict.project}</arg>
<arg>${dict.milestone}</arg>
<arg>${dict.session}</arg>
<arg>${dict.device}</arg>
<arg>${dict.iter}</arg>
<arg>LIVE_LTE_SS_STAB</arg>
<arg>@{TEST TAGS}</arg>
</arguments>
<kw name="Setup Logging" library="common_log">
<doc>Generates script level logs
:param project: Project name
:param milestone: Milestone name
:param session: Session name
:param device: Device name
:param suite: Suite name
:param auto_id: Automation id(test case id)
:return: h.vinay@globaledgesoft.com</doc>
<arguments>
<arg>${arg1}</arg>
<arg>${arg2}</arg>
<arg>${arg3}</arg>
<arg>${arg4}</arg>
<arg>${arg5}</arg>
<arg>${arg6}</arg>
<arg>${arg7}</arg>
</arguments>
<msg timestamp="20230508 16:02:37.265" level="INFO">executing setup logging</msg>
<msg timestamp="20230508 16:02:37.265" level="INFO">Filename:TC_336_LIVE_LTE_SS_STAB_CALL_SMS_YT_DL</msg>
<msg timestamp="20230508 16:02:37.273" level="INFO">Logging has been setup</msg>
<msg timestamp="20230508 16:02:37.273" level="INFO">Inside common log: Cellular_GATS_Integration milestone1 55 MounicaM31_12_12 iteration_1 LIVE_LTE_SS_STAB TC_336_LIVE_LTE_SS_STAB_CALL_SMS_YT_DL
Inside log_utils_setup Cellular_GATS_Integration milestone1 55 MounicaM31_12_12 LIVE_LTE_SS_STAB TC_336_LIVE_LTE_SS_STAB_CALL_SMS_YT_DL iteration_1
session_dir:Cellular_GATS_Integration\milestone1\55
device:MounicaM31_12_12
suite:LIVE_LTE_SS_STAB
file_name:TC_336_LIVE_LTE_SS_STAB_CALL_SMS_YT_DL
iteration:iteration_1
log_directory:C:\Users\swatipat\Downloads\MAIN_GATS_CODE\GATS_Django_Framework\results\logs\Cellular_GATS_Integration\milestone1\55\MounicaM31_12_12\LIVE_LTE_SS_STAB\TC_336_LIVE_LTE_SS_STAB_CALL_SMS_YT_DL\iteration_1
[log_utils] setup_logging 80 INFO Logging has been setup</msg>
<status status="PASS" starttime="20230508 16:02:37.265" endtime="20230508 16:02:37.273"></status>
</kw>
<status status="PASS" starttime="20230508 16:02:37.265" endtime="20230508 16:02:37.273"></status>
</kw>
<kw name="Start device Log" library="res_common">
<arguments>
<arg>${yamlData}</arg>
<arg>${log_type}</arg>
</arguments>
<kw name="Update The Ymal" library="common_functions">
<arguments>
<arg>${yamlData}</arg>
</arguments>
<assign>
<var>${yamlData}</var>
</assign>
<msg timestamp="20230508 16:02:37.315" level="INFO">${yamlData} = {'common_args': {'Call_duration': 10, 'HTTPS_LINKS': ['https://play.google.com/store/apps/details?id=com.asteor.synergita&amp;hl=TRs', 'https://play.google.com/store/apps/details?id=com.poly.live&amp;hl=TRs',...</msg>
<status status="PASS" starttime="20230508 16:02:37.273" endtime="20230508 16:02:37.315"></status>
</kw>
<kw name="Log To Console" library="BuiltIn">
<doc>Logs the given message to the console.</doc>
<arguments>
<arg>"Starting Modem Logs"</arg>
</arguments>
<status status="PASS" starttime="20230508 16:02:37.315" endtime="20230508 16:02:37.315"></status>
</kw>
<kw name="Device Logging" library="device_reports">
<arguments>
<arg>${yamlData}</arg>
<arg>${TEST NAME}</arg>
<arg>${log_type}</arg>
<arg>START</arg>
</arguments>
<msg timestamp="20230508 16:02:37.323" level="INFO">RZ8N71YR28N</msg>
<status status="PASS" starttime="20230508 16:02:37.315" endtime="20230508 16:02:37.323"></status>
</kw>
<status status="PASS" starttime="20230508 16:02:37.273" endtime="20230508 16:02:37.323"></status>
</kw>
<status status="PASS" starttime="20230508 16:02:37.265" endtime="20230508 16:02:37.323"></status>
</kw>
<kw name="LIVE_SS__223" library="res_common">
<arguments>
<arg>TC_336_LIVE_LTE_SS_STAB_CALL_SMS_YT_DL</arg>
<arg>${yamlData}</arg>
<arg>${log_type}</arg>
</arguments>
<kw name="Log To Console" library="BuiltIn">
<doc>Logs the given message to the console.</doc>
<arguments>
<arg>SS__223</arg>
</arguments>
<status status="PASS" starttime="20230508 16:02:37.326" endtime="20230508 16:02:37.326"></status>
</kw>
<kw name="SS 223" library="TC_336_LIVE_LTE_SS_STAB_CALL_SMS_YT_DL">
<arguments>
<arg>${tst}</arg>
<arg>${yamlData}</arg>
</arguments>
<assign>
<var>${adb_res}</var>
<var>${msg}</var>
</assign>
<msg timestamp="20230508 16:02:38.003" level="INFO">validating SS sim status</msg>
<msg timestamp="20230508 16:02:38.003" level="INFO">validating SS sim successful for RZ8N71YR28N</msg>
<msg timestamp="20230508 16:02:38.003" level="INFO">validating SS sim successful for 92KAY01TTW</msg>
<msg timestamp="20230508 16:02:38.003" level="INFO">Check mobile data status</msg>
<msg timestamp="20230508 16:02:38.003" level="INFO">Enabling mobile data</msg>
<msg timestamp="20230508 16:02:38.460" level="INFO">mobile data is enabled</msg>
<msg timestamp="20230508 16:02:38.460" level="INFO">streaming youtube</msg>
<msg timestamp="20230508 16:02:38.891" level="INFO">triggering call</msg>
<msg timestamp="20230508 16:02:38.891" level="INFO">Calling from device 92KAY01TTW ===&gt; adb -s 92KAY01TTW shell am start -a android.intent.action.CALL -d tel:7893109918</msg>
<msg timestamp="20230508 16:02:44.319" level="INFO">Checking call state of deviceA</msg>
<msg timestamp="20230508 16:02:46.063" level="INFO">Call state fetched successfully and call state is 1</msg>
<msg timestamp="20230508 16:02:46.063" level="INFO">Receiving call in DeviceA</msg>
<msg timestamp="20230508 16:02:46.518" level="INFO">Call received Successfully</msg>
<msg timestamp="20230508 16:02:46.518" level="INFO">sending sms</msg>
<msg timestamp="20230508 16:02:57.497" level="INFO">Terminating call</msg>
<msg timestamp="20230508 16:02:58.135" level="INFO">Call terminated Successfully</msg>
<msg timestamp="20230508 16:02:58.135" level="INFO">disconnecting call</msg>
<msg timestamp="20230508 16:03:21.873" level="INFO">0</msg>
<msg timestamp="20230508 16:03:21.873" level="INFO">${adb_res} = True</msg>
<msg timestamp="20230508 16:03:21.873" level="INFO">${msg} = test case passed</msg>
<status status="PASS" starttime="20230508 16:02:37.326" endtime="20230508 16:03:21.873"></status>
</kw>
<kw name="Fetch Result" library="device_reports">
<arguments>
<arg>${TEST NAME}</arg>
<arg>${adb_res}</arg>
<arg>${msg}</arg>
</arguments>
<status status="FAIL" starttime="20230508 16:03:21.881" endtime="20230508 16:03:21.881"></status>
</kw>
<status status="FAIL" starttime="20230508 16:02:37.323" endtime="20230508 16:03:21.881"></status>
</kw>
<kw name="Run Keywords" library="BuiltIn" type="teardown">
<doc>Executes all the given keywords in a sequence.</doc>
<arguments>
<arg>Stop Device Log</arg>
<arg>${yamlData}</arg>
<arg>${log_type}</arg>
<arg>AND</arg>
<arg>Remove Log Handler</arg>
</arguments>
<kw name="Stop device Log" library="res_common">
<arguments>
<arg>${yamlData}</arg>
<arg>${log_type}</arg>
</arguments>
<kw name="Log To Console" library="BuiltIn">
<doc>Logs the given message to the console.</doc>
<arguments>
<arg>"Stopping Modem Logs"</arg>
</arguments>
<status status="PASS" starttime="20230508 16:03:21.889" endtime="20230508 16:03:21.889"></status>
</kw>
<kw name="Device Logging" library="device_reports">
<arguments>
<arg>${yamlData}</arg>
<arg>${TEST NAME}</arg>
<arg>${log_type}</arg>
<arg>STOP</arg>
</arguments>
<msg timestamp="20230508 16:03:21.897" level="INFO">RZ8N71YR28N</msg>
<status status="PASS" starttime="20230508 16:03:21.897" endtime="20230508 16:03:21.897"></status>
</kw>
<status status="PASS" starttime="20230508 16:03:21.889" endtime="20230508 16:03:21.897"></status>
</kw>
<kw name="Remove Log Handler" library="res_common">
<kw name="Remove Script Log Handler" library="common_log">
<doc>Removes all the logging handlers
:return: None</doc>
<msg timestamp="20230508 16:03:21.897" level="INFO">[&lt;RobotHandler (NOTSET)&gt;, &lt;StreamHandler (NOTSET)&gt;, &lt;FileHandler C:\Users\swatipat\Downloads\MAIN_GATS_CODE\GATS_Django_Framework\results\logs\Cellular_GATS_Integration\milestone1\55\MounicaM31_12_12\LIVE_LTE_SS_STAB\TC_336_LIVE_LTE_SS_STAB_CALL_SMS_YT_DL\iteration_1\TC_336_LIVE_LTE_SS_STAB_CALL_SMS_YT_DL (DEBUG)&gt;]</msg>
<status status="PASS" starttime="20230508 16:03:21.897" endtime="20230508 16:03:21.905"></status>
</kw>
<status status="PASS" starttime="20230508 16:03:21.897" endtime="20230508 16:03:21.905"></status>
</kw>
<status status="PASS" starttime="20230508 16:03:21.889" endtime="20230508 16:03:21.905"></status>
</kw>
<doc>Performing Delta Testcases 223</doc>
<tags>
<tag>TC_336_LIVE_LTE_SS_STAB_CALL_SMS_YT_DL</tag>
</tags>
<timeout value="1 hour 5 minutes"></timeout>
<status status="FAIL" starttime="20230508 16:02:37.257" endtime="20230508 16:03:21.905" critical="yes">Execution terminated by signal</status>
</test>
<kw name="Run Keyword" library="BuiltIn" type="teardown">
<doc>Executes the given keyword with the given arguments.</doc>
<arguments>
<arg>Fill Excel</arg>
<arg>${log_type}</arg>
</arguments>
<kw name="Fill Excel" library="res_common">
<arguments>
<arg>${log_type}</arg>
</arguments>
<kw name="Log" library="BuiltIn">
<doc>Logs the given message with the given level.</doc>
<arguments>
<arg>"Creating Excel Sheet"</arg>
</arguments>
<msg timestamp="20230508 16:03:21.992" level="INFO">"Creating Excel Sheet"</msg>
<status status="PASS" starttime="20230508 16:03:21.992" endtime="20230508 16:03:21.992"></status>
</kw>
<kw name="Create Excel" library="excel_sheet">
<arguments>
<arg>${log_type}</arg>
</arguments>
<msg timestamp="20230508 16:03:22.032" level="INFO">[]</msg>
<status status="PASS" starttime="20230508 16:03:21.992" endtime="20230508 16:03:22.032"></status>
</kw>
<status status="PASS" starttime="20230508 16:03:21.992" endtime="20230508 16:03:22.041"></status>
</kw>
<status status="PASS" starttime="20230508 16:03:21.992" endtime="20230508 16:03:22.041"></status>
</kw>
<status status="FAIL" starttime="20230508 16:02:32.723" endtime="20230508 16:03:22.041"></status>
</suite>
<status status="FAIL" starttime="20230508 16:02:32.707" endtime="20230508 16:03:22.041"></status>
</suite>
<statistics>
<total>
<stat pass="0" fail="1">Critical Tests</stat>
<stat pass="0" fail="1">All Tests</stat>
</total>
<tag>
<stat pass="0" fail="1">TC_336_LIVE_LTE_SS_STAB_CALL_SMS_YT_DL</stat>
</tag>
<suite>
<stat pass="0" fail="1" id="s1" name="Robot Scripts">Robot Scripts</stat>
<stat pass="0" fail="1" id="s1-s1" name="LIVE LTE SS STAB">Robot Scripts.LIVE LTE SS STAB</stat>
</suite>
</statistics>
<errors>
</errors>
</robot>
