<?xml version="1.0" encoding="UTF-8"?>
<robot generator="Robot 3.1.1 (Python 3.10.10 on win32)" generated="20230316 11:15:26.148" rpa="false">
<suite id="s1" name="Robot Scripts" source="C:\Users\swatipat\Downloads\MAIN_GATS_CODE\GATS_Django_Framework\scripts\robot_scripts">
<suite id="s1-s1" name="LIVE LTE DSDS STAB" source="C:\Users\swatipat\Downloads\MAIN_GATS_CODE\GATS_Django_Framework\scripts\robot_scripts\LIVE_LTE_DSDS_STAB.robot">
<test id="s1-s1-t1" name="TC_9_LIVE_LTE_DSDS_STAB_DL_data_Deact_SIM1">
<kw name="Run Keywords" library="BuiltIn" type="setup">
<doc>Executes all the given keywords in a sequence.</doc>
<arguments>
<arg>Setup Log</arg>
<arg>${dict.project}</arg>
<arg>${dict.milestone}</arg>
<arg>${dict.session}</arg>
<arg>${dict.device}</arg>
<arg>${dict.iter}</arg>
<arg>LIVE_LTE_DSDS_STAB</arg>
<arg>@{TEST TAGS}</arg>
<arg>AND</arg>
<arg>Start Device Log</arg>
<arg>${yamlData}</arg>
<arg>${log_type}</arg>
</arguments>
<kw name="Setup Log" library="res_common">
<arguments>
<arg>${dict.project}</arg>
<arg>${dict.milestone}</arg>
<arg>${dict.session}</arg>
<arg>${dict.device}</arg>
<arg>${dict.iter}</arg>
<arg>LIVE_LTE_DSDS_STAB</arg>
<arg>@{TEST TAGS}</arg>
</arguments>
<kw name="Setup Logging" library="common_log">
<doc>Generates script level logs
:param project: Project name
:param milestone: Milestone name
:param session: Session name
:param device: Device name
:param suite: Suite name
:param auto_id: Automation id(test case id)
:return: h.vinay@globaledgesoft.com</doc>
<arguments>
<arg>${arg1}</arg>
<arg>${arg2}</arg>
<arg>${arg3}</arg>
<arg>${arg4}</arg>
<arg>${arg5}</arg>
<arg>${arg6}</arg>
<arg>${arg7}</arg>
</arguments>
<msg timestamp="20230316 11:15:29.504" level="INFO">executing setup logging</msg>
<msg timestamp="20230316 11:15:29.504" level="INFO">Filename:TC_9_LIVE_LTE_DSDS_STAB_DL_data_Deact_SIM1</msg>
<msg timestamp="20230316 11:15:29.504" level="INFO">Logging has been setup</msg>
<msg timestamp="20230316 11:15:29.504" level="INFO">Inside common log: Cellular_GATS_Integration milestone1 21 Pixel_3a_10_Google iteration_1 LIVE_LTE_DSDS_STAB TC_9_LIVE_LTE_DSDS_STAB_DL_data_Deact_SIM1
Inside log_utils_setup Cellular_GATS_Integration milestone1 21 Pixel_3a_10_Google LIVE_LTE_DSDS_STAB TC_9_LIVE_LTE_DSDS_STAB_DL_data_Deact_SIM1 iteration_1
session_dir:Cellular_GATS_Integration\milestone1\21
device:Pixel_3a_10_Google
suite:LIVE_LTE_DSDS_STAB
file_name:TC_9_LIVE_LTE_DSDS_STAB_DL_data_Deact_SIM1
iteration:iteration_1
log_directory:C:\Users\swatipat\Downloads\MAIN_GATS_CODE\GATS_Django_Framework\results\logs\Cellular_GATS_Integration\milestone1\21\Pixel_3a_10_Google\LIVE_LTE_DSDS_STAB\TC_9_LIVE_LTE_DSDS_STAB_DL_data_Deact_SIM1\iteration_1
[log_utils] setup_logging 80 INFO Logging has been setup</msg>
<status status="PASS" starttime="20230316 11:15:29.504" endtime="20230316 11:15:29.504"></status>
</kw>
<status status="PASS" starttime="20230316 11:15:29.504" endtime="20230316 11:15:29.504"></status>
</kw>
<kw name="Start device Log" library="res_common">
<arguments>
<arg>${yamlData}</arg>
<arg>${log_type}</arg>
</arguments>
<kw name="Update The Ymal" library="common_functions">
<arguments>
<arg>${yamlData}</arg>
</arguments>
<assign>
<var>${yamlData}</var>
</assign>
<msg timestamp="20230316 11:15:29.567" level="INFO">${yamlData} = {'common_args': {'Call_duration': 10, 'HTTPS_LINKS': ['https://play.google.com/store/apps/details?id=com.asteor.synergita&amp;hl=TRs', 'https://play.google.com/store/apps/details?id=com.poly.live&amp;hl=TRs',...</msg>
<status status="PASS" starttime="20230316 11:15:29.520" endtime="20230316 11:15:29.567"></status>
</kw>
<kw name="Log To Console" library="BuiltIn">
<doc>Logs the given message to the console.</doc>
<arguments>
<arg>"Starting Modem Logs"</arg>
</arguments>
<status status="PASS" starttime="20230316 11:15:29.567" endtime="20230316 11:15:29.567"></status>
</kw>
<kw name="Device Logging" library="device_reports">
<arguments>
<arg>${yamlData}</arg>
<arg>${TEST NAME}</arg>
<arg>${log_type}</arg>
<arg>START</arg>
</arguments>
<msg timestamp="20230316 11:15:29.567" level="INFO">92KAY01TTW</msg>
<status status="PASS" starttime="20230316 11:15:29.567" endtime="20230316 11:15:29.567"></status>
</kw>
<status status="PASS" starttime="20230316 11:15:29.504" endtime="20230316 11:15:29.567"></status>
</kw>
<status status="PASS" starttime="20230316 11:15:29.504" endtime="20230316 11:15:29.567"></status>
</kw>
<kw name="LIVE_DSDS_3000" library="res_common">
<arguments>
<arg>TC_9_LIVE_LTE_DSDS_STAB_DL_data_Deact_SIM1</arg>
<arg>${yamlData}</arg>
<arg>${log_type}</arg>
</arguments>
<kw name="Log To Console" library="BuiltIn">
<doc>Logs the given message to the console.</doc>
<arguments>
<arg>DSDS_3900</arg>
</arguments>
<status status="PASS" starttime="20230316 11:15:29.567" endtime="20230316 11:15:29.567"></status>
</kw>
<kw name="DSDS 390" library="TC_9_LIVE_LTE_DSDS_STAB_DL_data_Deact_SIM1">
<arguments>
<arg>${tst}</arg>
<arg>${yamlData}</arg>
</arguments>
<assign>
<var>${adb_res}</var>
<var>${msg}</var>
</assign>
<msg timestamp="20230316 11:15:30.085" level="INFO">validating dual sim status</msg>
<msg timestamp="20230316 11:15:30.321" level="INFO">download file</msg>
<msg timestamp="20230316 11:15:49.581" level="INFO">Activate sim</msg>
<msg timestamp="20230316 11:16:00.890" level="INFO">Activation Failed</msg>
<msg timestamp="20230316 11:16:11.591" level="INFO">validating dual sim successful for 92KAY01TTW</msg>
<msg timestamp="20230316 11:16:11.592" level="INFO">${adb_res} = False</msg>
<msg timestamp="20230316 11:16:11.592" level="INFO">${msg} = Activation Failed</msg>
<status status="PASS" starttime="20230316 11:15:29.567" endtime="20230316 11:16:11.592"></status>
</kw>
<kw name="Fetch Result" library="device_reports">
<arguments>
<arg>${TEST NAME}</arg>
<arg>${adb_res}</arg>
<arg>${msg}</arg>
</arguments>
<status status="PASS" starttime="20230316 11:16:11.596" endtime="20230316 11:16:11.598"></status>
</kw>
<kw name="Log" library="BuiltIn">
<doc>Logs the given message with the given level.</doc>
<arguments>
<arg>${adb_res}</arg>
</arguments>
<msg timestamp="20230316 11:16:11.602" level="INFO">False</msg>
<status status="PASS" starttime="20230316 11:16:11.602" endtime="20230316 11:16:11.602"></status>
</kw>
<kw name="Run Keyword If" library="BuiltIn">
<doc>Runs the given keyword with the given arguments, if ``condition`` is true.</doc>
<arguments>
<arg>${adb_res} == True</arg>
<arg>Log To Console</arg>
<arg>${msg}</arg>
<arg>ELSE</arg>
<arg>device_logging</arg>
<arg>${yamlData}</arg>
<arg>${TEST NAME}</arg>
<arg>$${log_type}</arg>
<arg>RESTART</arg>
</arguments>
<kw name="Device Logging" library="device_reports">
<arguments>
<arg>${yamlData}</arg>
<arg>${TEST NAME}</arg>
<arg>$${log_type}</arg>
<arg>RESTART</arg>
</arguments>
<msg timestamp="20230316 11:16:11.606" level="INFO">92KAY01TTW</msg>
<status status="PASS" starttime="20230316 11:16:11.606" endtime="20230316 11:16:11.606"></status>
</kw>
<status status="PASS" starttime="20230316 11:16:11.604" endtime="20230316 11:16:11.606"></status>
</kw>
<kw name="Should Be True" library="BuiltIn">
<doc>Fails if the given condition is not true.</doc>
<arguments>
<arg>${adb_res}</arg>
<arg>msg=${msg}</arg>
</arguments>
<msg timestamp="20230316 11:16:11.609" level="FAIL">Activation Failed</msg>
<status status="FAIL" starttime="20230316 11:16:11.609" endtime="20230316 11:16:11.610"></status>
</kw>
<status status="FAIL" starttime="20230316 11:15:29.567" endtime="20230316 11:16:11.610"></status>
</kw>
<kw name="Run Keywords" library="BuiltIn" type="teardown">
<doc>Executes all the given keywords in a sequence.</doc>
<arguments>
<arg>Stop Device Log</arg>
<arg>${yamlData}</arg>
<arg>${log_type}</arg>
<arg>AND</arg>
<arg>Remove Log Handler</arg>
</arguments>
<kw name="Stop device Log" library="res_common">
<arguments>
<arg>${yamlData}</arg>
<arg>${log_type}</arg>
</arguments>
<kw name="Log To Console" library="BuiltIn">
<doc>Logs the given message to the console.</doc>
<arguments>
<arg>"Stopping Modem Logs"</arg>
</arguments>
<status status="PASS" starttime="20230316 11:16:11.616" endtime="20230316 11:16:11.617"></status>
</kw>
<kw name="Device Logging" library="device_reports">
<arguments>
<arg>${yamlData}</arg>
<arg>${TEST NAME}</arg>
<arg>${log_type}</arg>
<arg>STOP</arg>
</arguments>
<msg timestamp="20230316 11:16:11.625" level="INFO">92KAY01TTW</msg>
<status status="PASS" starttime="20230316 11:16:11.625" endtime="20230316 11:16:11.625"></status>
</kw>
<status status="PASS" starttime="20230316 11:16:11.612" endtime="20230316 11:16:11.625"></status>
</kw>
<kw name="Remove Log Handler" library="res_common">
<kw name="Remove Script Log Handler" library="common_log">
<doc>Removes all the logging handlers
:return: None</doc>
<msg timestamp="20230316 11:16:11.631" level="INFO">[&lt;RobotHandler (NOTSET)&gt;, &lt;StreamHandler (NOTSET)&gt;, &lt;FileHandler C:\Users\swatipat\Downloads\MAIN_GATS_CODE\GATS_Django_Framework\results\logs\Cellular_GATS_Integration\milestone1\21\Pixel_3a_10_Google\LIVE_LTE_DSDS_STAB\TC_9_LIVE_LTE_DSDS_STAB_DL_data_Deact_SIM1\iteration_1\TC_9_LIVE_LTE_DSDS_STAB_DL_data_Deact_SIM1 (DEBUG)&gt;]</msg>
<status status="PASS" starttime="20230316 11:16:11.629" endtime="20230316 11:16:11.635"></status>
</kw>
<status status="PASS" starttime="20230316 11:16:11.625" endtime="20230316 11:16:11.636"></status>
</kw>
<status status="PASS" starttime="20230316 11:16:11.612" endtime="20230316 11:16:11.636"></status>
</kw>
<doc>Performing Delta Testcases 9</doc>
<tags>
<tag>TC_9_LIVE_LTE_DSDS_STAB_DL_data_Deact_SIM1</tag>
</tags>
<status status="FAIL" starttime="20230316 11:15:29.504" endtime="20230316 11:16:11.636" critical="yes">Activation Failed</status>
</test>
<kw name="Run Keyword" library="BuiltIn" type="teardown">
<doc>Executes the given keyword with the given arguments.</doc>
<arguments>
<arg>Fill Excel</arg>
<arg>${log_type}</arg>
</arguments>
<kw name="Fill Excel" library="res_common">
<arguments>
<arg>${log_type}</arg>
</arguments>
<kw name="Log" library="BuiltIn">
<doc>Logs the given message with the given level.</doc>
<arguments>
<arg>"Creating Excel Sheet"</arg>
</arguments>
<msg timestamp="20230316 11:16:11.724" level="INFO">"Creating Excel Sheet"</msg>
<status status="PASS" starttime="20230316 11:16:11.724" endtime="20230316 11:16:11.724"></status>
</kw>
<kw name="Create Excel" library="excel_sheet">
<arguments>
<arg>${log_type}</arg>
</arguments>
<msg timestamp="20230316 11:16:11.786" level="INFO">['C:\\Users\\swatipat\\Downloads\\MAIN_GATS_CODE\\GATS_Django_Framework\\results\\logs\\Cellular_GATS_Integration\\milestone1\\21\\Pixel_3a_10_Google\\LIVE_LTE_DSDS_STAB\\TC_9_LIVE_LTE_DSDS_STAB_DL_data_Deact_SIM1\\iteration_1/../']</msg>
<status status="PASS" starttime="20230316 11:16:11.726" endtime="20230316 11:16:11.786"></status>
</kw>
<status status="PASS" starttime="20230316 11:16:11.721" endtime="20230316 11:16:11.786"></status>
</kw>
<status status="PASS" starttime="20230316 11:16:11.719" endtime="20230316 11:16:11.786"></status>
</kw>
<status status="FAIL" starttime="20230316 11:15:26.164" endtime="20230316 11:16:11.786"></status>
</suite>
<status status="FAIL" starttime="20230316 11:15:26.148" endtime="20230316 11:16:11.789"></status>
</suite>
<statistics>
<total>
<stat pass="0" fail="1">Critical Tests</stat>
<stat pass="0" fail="1">All Tests</stat>
</total>
<tag>
<stat pass="0" fail="1">TC_9_LIVE_LTE_DSDS_STAB_DL_data_Deact_SIM1</stat>
</tag>
<suite>
<stat pass="0" fail="1" id="s1" name="Robot Scripts">Robot Scripts</stat>
<stat pass="0" fail="1" id="s1-s1" name="LIVE LTE DSDS STAB">Robot Scripts.LIVE LTE DSDS STAB</stat>
</suite>
</statistics>
<errors>
</errors>
</robot>
