<?xml version="1.0" encoding="UTF-8"?>
<robot generator="Robot 3.1.1 (Python 3.10.10 on win32)" generated="20230320 11:50:11.946" rpa="false">
<suite id="s1" name="Robot Scripts" source="C:\Users\swatipat\Downloads\MAIN_GATS_CODE\GATS_Django_Framework\scripts\robot_scripts">
<suite id="s1-s1" name="LIVE LTE SS STAB" source="C:\Users\swatipat\Downloads\MAIN_GATS_CODE\GATS_Django_Framework\scripts\robot_scripts\LIVE_LTE_SS_STAB.robot">
<test id="s1-s1-t1" name="TC_bluetooth_wifi_on_off_10times">
<kw name="Run Keywords" library="BuiltIn" type="setup">
<doc>Executes all the given keywords in a sequence.</doc>
<arguments>
<arg>Setup Log</arg>
<arg>${dict.project}</arg>
<arg>${dict.milestone}</arg>
<arg>${dict.session}</arg>
<arg>${dict.device}</arg>
<arg>${dict.iter}</arg>
<arg>LIVE_LTE_SS_STAB</arg>
<arg>@{TEST TAGS}</arg>
<arg>AND</arg>
<arg>Start Device Log</arg>
<arg>${yamlData}</arg>
<arg>${log_type}</arg>
</arguments>
<kw name="Setup Log" library="res_common">
<arguments>
<arg>${dict.project}</arg>
<arg>${dict.milestone}</arg>
<arg>${dict.session}</arg>
<arg>${dict.device}</arg>
<arg>${dict.iter}</arg>
<arg>LIVE_LTE_SS_STAB</arg>
<arg>@{TEST TAGS}</arg>
</arguments>
<kw name="Setup Logging" library="common_log">
<doc>Generates script level logs
:param project: Project name
:param milestone: Milestone name
:param session: Session name
:param device: Device name
:param suite: Suite name
:param auto_id: Automation id(test case id)
:return: h.vinay@globaledgesoft.com</doc>
<arguments>
<arg>${arg1}</arg>
<arg>${arg2}</arg>
<arg>${arg3}</arg>
<arg>${arg4}</arg>
<arg>${arg5}</arg>
<arg>${arg6}</arg>
<arg>${arg7}</arg>
</arguments>
<msg timestamp="20230320 11:50:15.555" level="INFO">executing setup logging</msg>
<msg timestamp="20230320 11:50:15.555" level="INFO">Filename:TC_bluetooth_wifi_on_off_10times</msg>
<msg timestamp="20230320 11:50:15.563" level="INFO">Logging has been setup</msg>
<msg timestamp="20230320 11:50:15.564" level="INFO">Inside common log: Cellular_GATS_Integration milestone1 233 oppo_12_12 iteration_1 LIVE_LTE_SS_STAB TC_bluetooth_wifi_on_off_10times
Inside log_utils_setup Cellular_GATS_Integration milestone1 233 oppo_12_12 LIVE_LTE_SS_STAB TC_bluetooth_wifi_on_off_10times iteration_1
session_dir:Cellular_GATS_Integration\milestone1\233
device:oppo_12_12
suite:LIVE_LTE_SS_STAB
file_name:TC_bluetooth_wifi_on_off_10times
iteration:iteration_1
log_directory:C:\Users\swatipat\Downloads\MAIN_GATS_CODE\GATS_Django_Framework\results\logs\Cellular_GATS_Integration\milestone1\233\oppo_12_12\LIVE_LTE_SS_STAB\TC_bluetooth_wifi_on_off_10times\iteration_1
[log_utils] setup_logging 80 INFO Logging has been setup</msg>
<status status="PASS" starttime="20230320 11:50:15.555" endtime="20230320 11:50:15.564"></status>
</kw>
<status status="PASS" starttime="20230320 11:50:15.555" endtime="20230320 11:50:15.564"></status>
</kw>
<kw name="Start device Log" library="res_common">
<arguments>
<arg>${yamlData}</arg>
<arg>${log_type}</arg>
</arguments>
<kw name="Update The Ymal" library="common_functions">
<arguments>
<arg>${yamlData}</arg>
</arguments>
<assign>
<var>${yamlData}</var>
</assign>
<msg timestamp="20230320 11:50:15.606" level="INFO">${yamlData} = {'common_args': {'Call_duration': 10, 'HTTPS_LINKS': ['https://play.google.com/store/apps/details?id=com.asteor.synergita&amp;hl=TRs', 'https://play.google.com/store/apps/details?id=com.poly.live&amp;hl=TRs',...</msg>
<status status="PASS" starttime="20230320 11:50:15.566" endtime="20230320 11:50:15.606"></status>
</kw>
<kw name="Log To Console" library="BuiltIn">
<doc>Logs the given message to the console.</doc>
<arguments>
<arg>"Starting Modem Logs"</arg>
</arguments>
<status status="PASS" starttime="20230320 11:50:15.606" endtime="20230320 11:50:15.606"></status>
</kw>
<kw name="Device Logging" library="device_reports">
<arguments>
<arg>${yamlData}</arg>
<arg>${TEST NAME}</arg>
<arg>${log_type}</arg>
<arg>START</arg>
</arguments>
<msg timestamp="20230320 11:50:15.614" level="INFO">5TGYYDGU6PSKOZZH</msg>
<status status="PASS" starttime="20230320 11:50:15.614" endtime="20230320 11:50:15.614"></status>
</kw>
<status status="PASS" starttime="20230320 11:50:15.564" endtime="20230320 11:50:15.614"></status>
</kw>
<status status="PASS" starttime="20230320 11:50:15.555" endtime="20230320 11:50:15.614"></status>
</kw>
<kw name="SS_100000" library="res_common">
<arguments>
<arg>TC_bluetooth_wifi_on_off_10times</arg>
<arg>${yamlData}</arg>
<arg>${log_type}</arg>
</arguments>
<kw name="Log To Console" library="BuiltIn">
<doc>Logs the given message to the console.</doc>
<arguments>
<arg>SS_100000</arg>
</arguments>
<status status="PASS" starttime="20230320 11:50:15.616" endtime="20230320 11:50:15.616"></status>
</kw>
<kw name="SS 1000000" library="TC_bluetooth_wifi_on_off_10times">
<arguments>
<arg>${tst}</arg>
<arg>${yamlData}</arg>
</arguments>
<assign>
<var>${adb_res}</var>
<var>${msg}</var>
</assign>
<msg timestamp="20230320 11:50:16.081" level="INFO">validating SS sim status</msg>
<msg timestamp="20230320 11:50:16.081" level="INFO">validating SS sim successful for 5TGYYDGU6PSKOZZH</msg>
<msg timestamp="20230320 11:50:16.081" level="INFO">Enabling wifi</msg>
<msg timestamp="20230320 11:50:17.993" level="WARN">('Connection aborted.', RemoteDisconnected('Remote end closed connection without response')), retrying in 0.5 seconds...</msg>
<msg timestamp="20230320 11:50:36.560" level="INFO">wifi is enabled successfully</msg>
<msg timestamp="20230320 11:50:39.563" level="INFO">Enable bluetooth!!!</msg>
<msg timestamp="20230320 11:50:48.671" level="INFO">wifi is enabled successfully</msg>
<msg timestamp="20230320 11:50:51.680" level="INFO">disable bluetooth!!!</msg>
<msg timestamp="20230320 11:50:59.141" level="INFO">wifi is enabled successfully</msg>
<msg timestamp="20230320 11:51:02.153" level="INFO">disconnecting wifi</msg>
<msg timestamp="20230320 11:51:02.388" level="INFO">Wifi Turn Off</msg>
<msg timestamp="20230320 11:51:05.392" level="INFO">Enabling wifi</msg>
<msg timestamp="20230320 11:51:07.658" level="INFO">wifi is enabled successfully</msg>
<msg timestamp="20230320 11:51:10.667" level="INFO">Enable bluetooth!!!</msg>
<msg timestamp="20230320 11:51:23.160" level="INFO">wifi is enabled successfully</msg>
<msg timestamp="20230320 11:51:26.161" level="INFO">disable bluetooth!!!</msg>
<msg timestamp="20230320 11:51:33.320" level="INFO">wifi is enabled successfully</msg>
<msg timestamp="20230320 11:51:36.322" level="INFO">disconnecting wifi</msg>
<msg timestamp="20230320 11:51:36.586" level="INFO">Wifi Turn Off</msg>
<msg timestamp="20230320 11:51:39.586" level="INFO">Enabling wifi</msg>
<msg timestamp="20230320 11:51:42.924" level="INFO">wifi is enabled successfully</msg>
<msg timestamp="20230320 11:51:45.932" level="INFO">Enable bluetooth!!!</msg>
<msg timestamp="20230320 11:51:59.661" level="INFO">wifi is enabled successfully</msg>
<msg timestamp="20230320 11:52:02.667" level="INFO">disable bluetooth!!!</msg>
<msg timestamp="20230320 11:52:09.286" level="INFO">wifi is enabled successfully</msg>
<msg timestamp="20230320 11:52:12.300" level="INFO">disconnecting wifi</msg>
<msg timestamp="20230320 11:52:12.544" level="INFO">Wifi Turn Off</msg>
<msg timestamp="20230320 11:52:15.560" level="INFO">Enabling wifi</msg>
<msg timestamp="20230320 11:52:17.894" level="INFO">wifi is enabled successfully</msg>
<msg timestamp="20230320 11:52:20.909" level="INFO">Enable bluetooth!!!</msg>
<msg timestamp="20230320 11:52:29.111" level="INFO">wifi is enabled successfully</msg>
<msg timestamp="20230320 11:52:32.115" level="INFO">disable bluetooth!!!</msg>
<msg timestamp="20230320 11:52:39.506" level="INFO">wifi is enabled successfully</msg>
<msg timestamp="20230320 11:52:42.522" level="INFO">disconnecting wifi</msg>
<msg timestamp="20230320 11:52:42.746" level="INFO">Wifi Turn Off</msg>
<msg timestamp="20230320 11:53:04.447" level="INFO">[36m[D 230320 11:50:17 __init__:322][39m [pid:11784] [5TGYYDGU6PSKOZZH] device 5TGYYDGU6PSKOZZH is online
[32m[I 230320 11:50:17 init:156][39m uiautomator2 version: 2.16.14
[36m[D 230320 11:50:17 init:167][39m Shell: ('/data/local/tmp/atx-agent', 'server', '--stop')
[36m[D 230320 11:50:17 init:295][39m Real version: [0, 10, 0], Expect version: [0, 10, 0]
[36m[D 230320 11:50:17 init:167][39m Shell: ('/data/local/tmp/atx-agent', 'server', '--nouia', '-d', '--addr', '127.0.0.1:7912')
[32m[I 230320 11:50:17 init:350][39m Check atx-agent version
[36m[D 230320 11:50:17 init:359][39m Forward: local:tcp:54258 -&gt; remote:tcp:7912
[36m[D 230320 11:50:18 init:359][39m Forward: local:tcp:54258 -&gt; remote:tcp:7912
[36m[D 230320 11:50:18 init:362][39m atx-agent version 0.10.0
[36m[D 230320 11:50:18 init:365][39m device wlan ip: wlan0 have no ip address
[36m[D 230320 11:50:19 __init__:661][39m [pid:11784] [5TGYYDGU6PSKOZZH] kill process(ps): uiautomator
[36m[D 230320 11:50:22 __init__:682][39m [pid:11784] [5TGYYDGU6PSKOZZH] uiautomator-v2 is starting ... left: 40.0s
[36m[D 230320 11:50:23 __init__:682][39m [pid:11784] [5TGYYDGU6PSKOZZH] uiautomator-v2 is starting ... left: 39.0s
[36m[D 230320 11:50:24 __init__:682][39m [pid:11784] [5TGYYDGU6PSKOZZH] uiautomator-v2 is starting ... left: 38.0s
[36m[D 230320 11:50:25 __init__:682][39m [pid:11784] [5TGYYDGU6PSKOZZH] uiautomator-v2 is starting ... left: 36.9s
[36m[D 230320 11:50:26 __init__:682][39m [pid:11784] [5TGYYDGU6PSKOZZH] uiautomator-v2 is starting ... left: 35.9s
[36m[D 230320 11:50:27 __init__:682][39m [pid:11784] [5TGYYDGU6PSKOZZH] uiautomator-v2 is starting ... left: 34.9s
[36m[D 230320 11:50:28 __init__:682][39m [pid:11784] [5TGYYDGU6PSKOZZH] uiautomator-v2 is starting ... left: 33.9s
[36m[D 230320 11:50:29 __init__:682][39m [pid:11784] [5TGYYDGU6PSKOZZH] uiautomator-v2 is starting ... left: 32.9s
[36m[D 230320 11:50:30 __init__:682][39m [pid:11784] [5TGYYDGU6PSKOZZH] uiautomator-v2 is starting ... left: 31.8s
[36m[D 230320 11:50:31 __init__:682][39m [pid:11784] [5TGYYDGU6PSKOZZH] uiautomator-v2 is starting ... left: 30.8s
[36m[D 230320 11:50:32 __init__:682][39m [pid:11784] [5TGYYDGU6PSKOZZH] uiautomator-v2 is starting ... left: 29.8s
[36m[D 230320 11:50:34 __init__:682][39m [pid:11784] [5TGYYDGU6PSKOZZH] uiautomator-v2 is starting ... left: 28.8s
[36m[D 230320 11:50:35 __init__:682][39m [pid:11784] [5TGYYDGU6PSKOZZH] uiautomator-v2 is starting ... left: 27.8s
[36m[D 230320 11:50:35 __init__:696][39m [pid:11784] [5TGYYDGU6PSKOZZH] show float window
[36m[D 230320 11:50:36 __init__:682][39m [pid:11784] [5TGYYDGU6PSKOZZH] uiautomator-v2 is starting ... left: 26.6s
[32m[I 230320 11:50:36 __init__:643][39m [pid:11784] [5TGYYDGU6PSKOZZH] uiautomator back to normal</msg>
<msg timestamp="20230320 11:53:04.447" level="INFO">${adb_res} = True</msg>
<msg timestamp="20230320 11:53:04.447" level="INFO">${msg} = Test case passed</msg>
<status status="PASS" starttime="20230320 11:50:15.616" endtime="20230320 11:53:04.447"></status>
</kw>
<kw name="Fetch Result" library="device_reports">
<arguments>
<arg>${TEST NAME}</arg>
<arg>${adb_res}</arg>
<arg>${msg}</arg>
</arguments>
<status status="PASS" starttime="20230320 11:53:04.447" endtime="20230320 11:53:04.455"></status>
</kw>
<kw name="Log" library="BuiltIn">
<doc>Logs the given message with the given level.</doc>
<arguments>
<arg>${adb_res}</arg>
</arguments>
<msg timestamp="20230320 11:53:04.457" level="INFO">True</msg>
<status status="PASS" starttime="20230320 11:53:04.457" endtime="20230320 11:53:04.457"></status>
</kw>
<kw name="Run Keyword If" library="BuiltIn">
<doc>Runs the given keyword with the given arguments, if ``condition`` is true.</doc>
<arguments>
<arg>${adb_res} == True</arg>
<arg>Log To Console</arg>
<arg>${msg}</arg>
<arg>ELSE</arg>
<arg>device_logging</arg>
<arg>${yamlData}</arg>
<arg>${TEST NAME}</arg>
<arg>$${log_type}</arg>
<arg>RESTART</arg>
</arguments>
<kw name="Log To Console" library="BuiltIn">
<doc>Logs the given message to the console.</doc>
<arguments>
<arg>${msg}</arg>
</arguments>
<status status="PASS" starttime="20230320 11:53:04.457" endtime="20230320 11:53:04.457"></status>
</kw>
<status status="PASS" starttime="20230320 11:53:04.457" endtime="20230320 11:53:04.457"></status>
</kw>
<kw name="Should Be True" library="BuiltIn">
<doc>Fails if the given condition is not true.</doc>
<arguments>
<arg>${adb_res}</arg>
<arg>msg=${msg}</arg>
</arguments>
<status status="PASS" starttime="20230320 11:53:04.466" endtime="20230320 11:53:04.466"></status>
</kw>
<status status="PASS" starttime="20230320 11:50:15.616" endtime="20230320 11:53:04.466"></status>
</kw>
<kw name="Run Keywords" library="BuiltIn" type="teardown">
<doc>Executes all the given keywords in a sequence.</doc>
<arguments>
<arg>Stop Device Log</arg>
<arg>${yamlData}</arg>
<arg>${log_type}</arg>
<arg>AND</arg>
<arg>Remove Log Handler</arg>
</arguments>
<kw name="Stop device Log" library="res_common">
<arguments>
<arg>${yamlData}</arg>
<arg>${log_type}</arg>
</arguments>
<kw name="Log To Console" library="BuiltIn">
<doc>Logs the given message to the console.</doc>
<arguments>
<arg>"Stopping Modem Logs"</arg>
</arguments>
<status status="PASS" starttime="20230320 11:53:04.468" endtime="20230320 11:53:04.468"></status>
</kw>
<kw name="Device Logging" library="device_reports">
<arguments>
<arg>${yamlData}</arg>
<arg>${TEST NAME}</arg>
<arg>${log_type}</arg>
<arg>STOP</arg>
</arguments>
<msg timestamp="20230320 11:53:04.468" level="INFO">5TGYYDGU6PSKOZZH</msg>
<status status="PASS" starttime="20230320 11:53:04.468" endtime="20230320 11:53:04.468"></status>
</kw>
<status status="PASS" starttime="20230320 11:53:04.468" endtime="20230320 11:53:04.468"></status>
</kw>
<kw name="Remove Log Handler" library="res_common">
<kw name="Remove Script Log Handler" library="common_log">
<doc>Removes all the logging handlers
:return: None</doc>
<msg timestamp="20230320 11:53:04.468" level="INFO">[&lt;RobotHandler (NOTSET)&gt;, &lt;StreamHandler (NOTSET)&gt;, &lt;FileHandler C:\Users\swatipat\Downloads\MAIN_GATS_CODE\GATS_Django_Framework\results\logs\Cellular_GATS_Integration\milestone1\233\oppo_12_12\LIVE_LTE_SS_STAB\TC_bluetooth_wifi_on_off_10times\iteration_1\TC_bluetooth_wifi_on_off_10times (DEBUG)&gt;]</msg>
<status status="PASS" starttime="20230320 11:53:04.468" endtime="20230320 11:53:04.476"></status>
</kw>
<status status="PASS" starttime="20230320 11:53:04.468" endtime="20230320 11:53:04.476"></status>
</kw>
<status status="PASS" starttime="20230320 11:53:04.468" endtime="20230320 11:53:04.476"></status>
</kw>
<doc>Performing Delta Testcases 500</doc>
<tags>
<tag>TC_bluetooth_wifi_on_off_10times</tag>
</tags>
<timeout value="1 hour 5 minutes"></timeout>
<status status="PASS" starttime="20230320 11:50:15.545" endtime="20230320 11:53:04.476" critical="yes"></status>
</test>
<kw name="Run Keyword" library="BuiltIn" type="teardown">
<doc>Executes the given keyword with the given arguments.</doc>
<arguments>
<arg>Fill Excel</arg>
<arg>${log_type}</arg>
</arguments>
<kw name="Fill Excel" library="res_common">
<arguments>
<arg>${log_type}</arg>
</arguments>
<kw name="Log" library="BuiltIn">
<doc>Logs the given message with the given level.</doc>
<arguments>
<arg>"Creating Excel Sheet"</arg>
</arguments>
<msg timestamp="20230320 11:53:04.539" level="INFO">"Creating Excel Sheet"</msg>
<status status="PASS" starttime="20230320 11:53:04.539" endtime="20230320 11:53:04.539"></status>
</kw>
<kw name="Create Excel" library="excel_sheet">
<arguments>
<arg>${log_type}</arg>
</arguments>
<msg timestamp="20230320 11:53:04.580" level="INFO">['C:\\Users\\swatipat\\Downloads\\MAIN_GATS_CODE\\GATS_Django_Framework\\results\\logs\\Cellular_GATS_Integration\\milestone1\\233\\oppo_12_12\\LIVE_LTE_SS_STAB\\TC_bluetooth_wifi_on_off_10times\\iteration_1/../']</msg>
<status status="PASS" starttime="20230320 11:53:04.539" endtime="20230320 11:53:04.580"></status>
</kw>
<status status="PASS" starttime="20230320 11:53:04.539" endtime="20230320 11:53:04.580"></status>
</kw>
<status status="PASS" starttime="20230320 11:53:04.537" endtime="20230320 11:53:04.580"></status>
</kw>
<status status="PASS" starttime="20230320 11:50:11.970" endtime="20230320 11:53:04.580"></status>
</suite>
<status status="PASS" starttime="20230320 11:50:11.951" endtime="20230320 11:53:04.580"></status>
</suite>
<statistics>
<total>
<stat pass="1" fail="0">Critical Tests</stat>
<stat pass="1" fail="0">All Tests</stat>
</total>
<tag>
<stat pass="1" fail="0">TC_bluetooth_wifi_on_off_10times</stat>
</tag>
<suite>
<stat pass="1" fail="0" id="s1" name="Robot Scripts">Robot Scripts</stat>
<stat pass="1" fail="0" id="s1-s1" name="LIVE LTE SS STAB">Robot Scripts.LIVE LTE SS STAB</stat>
</suite>
</statistics>
<errors>
<msg timestamp="20230320 11:50:17.993" level="WARN">('Connection aborted.', RemoteDisconnected('Remote end closed connection without response')), retrying in 0.5 seconds...</msg>
</errors>
</robot>
