<?xml version="1.0" encoding="UTF-8"?>
<robot generator="Robot 3.1.1 (Python 3.10.10 on win32)" generated="20230224 15:57:39.603" rpa="false">
<suite id="s1" name="Robot Scripts" source="C:\Users\swatipat\Downloads\MAIN_GATS_CODE\GATS_Django_Framework\scripts\robot_scripts">
<suite id="s1-s1" name="LIVE LTE SS STAB" source="C:\Users\swatipat\Downloads\MAIN_GATS_CODE\GATS_Django_Framework\scripts\robot_scripts\LIVE_LTE_SS_STAB.robot">
<test id="s1-s1-t1" name="TC_PLMN_Wifi_Operator">
<kw name="Run Keywords" library="BuiltIn" type="setup">
<doc>Executes all the given keywords in a sequence.</doc>
<arguments>
<arg>Setup Log</arg>
<arg>${dict.project}</arg>
<arg>${dict.milestone}</arg>
<arg>${dict.session}</arg>
<arg>${dict.device}</arg>
<arg>${dict.iter}</arg>
<arg>LIVE_LTE_SS_STAB</arg>
<arg>@{TEST TAGS}</arg>
<arg>AND</arg>
<arg>Start Device Log</arg>
<arg>${yamlData}</arg>
<arg>${log_type}</arg>
</arguments>
<kw name="Setup Log" library="res_common">
<arguments>
<arg>${dict.project}</arg>
<arg>${dict.milestone}</arg>
<arg>${dict.session}</arg>
<arg>${dict.device}</arg>
<arg>${dict.iter}</arg>
<arg>LIVE_LTE_SS_STAB</arg>
<arg>@{TEST TAGS}</arg>
</arguments>
<kw name="Setup Logging" library="common_log">
<doc>Generates script level logs
:param project: Project name
:param milestone: Milestone name
:param session: Session name
:param device: Device name
:param suite: Suite name
:param auto_id: Automation id(test case id)
:return: h.vinay@globaledgesoft.com</doc>
<arguments>
<arg>${arg1}</arg>
<arg>${arg2}</arg>
<arg>${arg3}</arg>
<arg>${arg4}</arg>
<arg>${arg5}</arg>
<arg>${arg6}</arg>
<arg>${arg7}</arg>
</arguments>
<msg timestamp="20230224 15:57:42.964" level="INFO">executing setup logging</msg>
<msg timestamp="20230224 15:57:42.964" level="INFO">Filename:TC_PLMN_Wifi_Operator</msg>
<msg timestamp="20230224 15:57:42.975" level="INFO">Logging has been setup</msg>
<msg timestamp="20230224 15:57:42.976" level="INFO">Inside common log: Cellular_GATS_Integration milestone1 55 OnePlusNord_12_12 iteration_1 LIVE_LTE_SS_STAB TC_PLMN_Wifi_Operator
Inside log_utils_setup Cellular_GATS_Integration milestone1 55 OnePlusNord_12_12 LIVE_LTE_SS_STAB TC_PLMN_Wifi_Operator iteration_1
session_dir:Cellular_GATS_Integration\milestone1\55
device:OnePlusNord_12_12
suite:LIVE_LTE_SS_STAB
file_name:TC_PLMN_Wifi_Operator
iteration:iteration_1
log_directory:C:\Users\swatipat\Downloads\MAIN_GATS_CODE\GATS_Django_Framework\results\logs\Cellular_GATS_Integration\milestone1\55\OnePlusNord_12_12\LIVE_LTE_SS_STAB\TC_PLMN_Wifi_Operator\iteration_1
[log_utils] setup_logging 80 INFO Logging has been setup</msg>
<status status="PASS" starttime="20230224 15:57:42.964" endtime="20230224 15:57:42.976"></status>
</kw>
<status status="PASS" starttime="20230224 15:57:42.964" endtime="20230224 15:57:42.976"></status>
</kw>
<kw name="Start device Log" library="res_common">
<arguments>
<arg>${yamlData}</arg>
<arg>${log_type}</arg>
</arguments>
<kw name="Update The Ymal" library="common_functions">
<arguments>
<arg>${yamlData}</arg>
</arguments>
<assign>
<var>${yamlData}</var>
</assign>
<msg timestamp="20230224 15:57:43.023" level="INFO">${yamlData} = {'common_args': {'Call_duration': 10, 'HTTPS_LINKS': ['https://play.google.com/store/apps/details?id=com.asteor.synergita&amp;hl=TRs', 'https://play.google.com/store/apps/details?id=com.poly.live&amp;hl=TRs',...</msg>
<status status="PASS" starttime="20230224 15:57:42.977" endtime="20230224 15:57:43.023"></status>
</kw>
<kw name="Log To Console" library="BuiltIn">
<doc>Logs the given message to the console.</doc>
<arguments>
<arg>"Starting Modem Logs"</arg>
</arguments>
<status status="PASS" starttime="20230224 15:57:43.023" endtime="20230224 15:57:43.023"></status>
</kw>
<kw name="Device Logging" library="device_reports">
<arguments>
<arg>${yamlData}</arg>
<arg>${TEST NAME}</arg>
<arg>${log_type}</arg>
<arg>START</arg>
</arguments>
<msg timestamp="20230224 15:57:43.033" level="INFO">060afc4e</msg>
<status status="PASS" starttime="20230224 15:57:43.023" endtime="20230224 15:57:43.033"></status>
</kw>
<status status="PASS" starttime="20230224 15:57:42.976" endtime="20230224 15:57:43.033"></status>
</kw>
<status status="PASS" starttime="20230224 15:57:42.964" endtime="20230224 15:57:43.033"></status>
</kw>
<kw name="TC_SS_01" library="res_common">
<arguments>
<arg>TC_PLMN_Wifi_Operator</arg>
<arg>${yamlData}</arg>
<arg>${log_type}</arg>
</arguments>
<kw name="Log To Console" library="BuiltIn">
<doc>Logs the given message to the console.</doc>
<arguments>
<arg>SS_TC_1</arg>
</arguments>
<status status="PASS" starttime="20230224 15:57:43.033" endtime="20230224 15:57:43.033"></status>
</kw>
<kw name="SS TC 1" library="TC_PLMN_Wifi_Operator">
<arguments>
<arg>${tst}</arg>
<arg>${yamlData}</arg>
</arguments>
<assign>
<var>${adb_res}</var>
<var>${msg}</var>
</assign>
<msg timestamp="20230224 15:57:43.299" level="INFO">validating SS sim status</msg>
<msg timestamp="20230224 15:57:43.299" level="INFO">validating SS sim successful for 060afc4e</msg>
<msg timestamp="20230224 15:57:43.299" level="INFO">Enabling wifi</msg>
<msg timestamp="20230224 15:57:46.756" level="INFO">perform mplmn </msg>
<msg timestamp="20230224 15:58:01.401" level="INFO">${adb_res} = True</msg>
<msg timestamp="20230224 15:58:01.401" level="INFO">${msg} = test case passed</msg>
<status status="PASS" starttime="20230224 15:57:43.033" endtime="20230224 15:58:01.401"></status>
</kw>
<kw name="Fetch Result" library="device_reports">
<arguments>
<arg>${TEST NAME}</arg>
<arg>${adb_res}</arg>
<arg>${msg}</arg>
</arguments>
<status status="PASS" starttime="20230224 15:58:01.417" endtime="20230224 15:58:01.417"></status>
</kw>
<kw name="Log" library="BuiltIn">
<doc>Logs the given message with the given level.</doc>
<arguments>
<arg>${adb_res}</arg>
</arguments>
<msg timestamp="20230224 15:58:01.417" level="INFO">True</msg>
<status status="PASS" starttime="20230224 15:58:01.417" endtime="20230224 15:58:01.417"></status>
</kw>
<kw name="Run Keyword If" library="BuiltIn">
<doc>Runs the given keyword with the given arguments, if ``condition`` is true.</doc>
<arguments>
<arg>${adb_res} == True</arg>
<arg>Log To Console</arg>
<arg>${msg}</arg>
<arg>ELSE</arg>
<arg>device_logging</arg>
<arg>${yamlData}</arg>
<arg>${TEST NAME}</arg>
<arg>$${log_type}</arg>
<arg>RESTART</arg>
</arguments>
<kw name="Log To Console" library="BuiltIn">
<doc>Logs the given message to the console.</doc>
<arguments>
<arg>${msg}</arg>
</arguments>
<status status="PASS" starttime="20230224 15:58:01.432" endtime="20230224 15:58:01.432"></status>
</kw>
<status status="PASS" starttime="20230224 15:58:01.432" endtime="20230224 15:58:01.432"></status>
</kw>
<kw name="Should Be True" library="BuiltIn">
<doc>Fails if the given condition is not true.</doc>
<arguments>
<arg>${adb_res}</arg>
<arg>msg=${msg}</arg>
</arguments>
<status status="PASS" starttime="20230224 15:58:01.432" endtime="20230224 15:58:01.432"></status>
</kw>
<status status="PASS" starttime="20230224 15:57:43.033" endtime="20230224 15:58:01.432"></status>
</kw>
<kw name="Run Keywords" library="BuiltIn" type="teardown">
<doc>Executes all the given keywords in a sequence.</doc>
<arguments>
<arg>Stop Device Log</arg>
<arg>${yamlData}</arg>
<arg>${log_type}</arg>
<arg>AND</arg>
<arg>Remove Log Handler</arg>
</arguments>
<kw name="Stop device Log" library="res_common">
<arguments>
<arg>${yamlData}</arg>
<arg>${log_type}</arg>
</arguments>
<kw name="Log To Console" library="BuiltIn">
<doc>Logs the given message to the console.</doc>
<arguments>
<arg>"Stopping Modem Logs"</arg>
</arguments>
<status status="PASS" starttime="20230224 15:58:01.450" endtime="20230224 15:58:01.450"></status>
</kw>
<kw name="Device Logging" library="device_reports">
<arguments>
<arg>${yamlData}</arg>
<arg>${TEST NAME}</arg>
<arg>${log_type}</arg>
<arg>STOP</arg>
</arguments>
<msg timestamp="20230224 15:58:01.450" level="INFO">060afc4e</msg>
<status status="PASS" starttime="20230224 15:58:01.450" endtime="20230224 15:58:01.450"></status>
</kw>
<status status="PASS" starttime="20230224 15:58:01.450" endtime="20230224 15:58:01.450"></status>
</kw>
<kw name="Remove Log Handler" library="res_common">
<kw name="Remove Script Log Handler" library="common_log">
<doc>Removes all the logging handlers
:return: None</doc>
<msg timestamp="20230224 15:58:01.450" level="INFO">[&lt;RobotHandler (NOTSET)&gt;, &lt;StreamHandler (NOTSET)&gt;, &lt;FileHandler C:\Users\swatipat\Downloads\MAIN_GATS_CODE\GATS_Django_Framework\results\logs\Cellular_GATS_Integration\milestone1\55\OnePlusNord_12_12\LIVE_LTE_SS_STAB\TC_PLMN_Wifi_Operator\iteration_1\TC_PLMN_Wifi_Operator (DEBUG)&gt;]</msg>
<status status="PASS" starttime="20230224 15:58:01.450" endtime="20230224 15:58:01.450"></status>
</kw>
<status status="PASS" starttime="20230224 15:58:01.450" endtime="20230224 15:58:01.450"></status>
</kw>
<status status="PASS" starttime="20230224 15:58:01.450" endtime="20230224 15:58:01.450"></status>
</kw>
<doc>Performing Delta Testcases 500</doc>
<tags>
<tag>TC_PLMN_Wifi_Operator</tag>
</tags>
<timeout value="1 hour 5 minutes"></timeout>
<status status="PASS" starttime="20230224 15:57:42.954" endtime="20230224 15:58:01.450" critical="yes"></status>
</test>
<kw name="Run Keyword" library="BuiltIn" type="teardown">
<doc>Executes the given keyword with the given arguments.</doc>
<arguments>
<arg>Fill Excel</arg>
<arg>${log_type}</arg>
</arguments>
<kw name="Fill Excel" library="res_common">
<arguments>
<arg>${log_type}</arg>
</arguments>
<kw name="Log" library="BuiltIn">
<doc>Logs the given message with the given level.</doc>
<arguments>
<arg>"Creating Excel Sheet"</arg>
</arguments>
<msg timestamp="20230224 15:58:01.526" level="INFO">"Creating Excel Sheet"</msg>
<status status="PASS" starttime="20230224 15:58:01.526" endtime="20230224 15:58:01.526"></status>
</kw>
<kw name="Create Excel" library="excel_sheet">
<arguments>
<arg>${log_type}</arg>
</arguments>
<msg timestamp="20230224 15:58:01.563" level="INFO">['C:\\Users\\swatipat\\Downloads\\MAIN_GATS_CODE\\GATS_Django_Framework\\results\\logs\\Cellular_GATS_Integration\\milestone1\\55\\OnePlusNord_12_12\\LIVE_LTE_SS_STAB\\TC_PLMN_Wifi_Operator\\iteration_1/../']</msg>
<status status="PASS" starttime="20230224 15:58:01.526" endtime="20230224 15:58:01.563"></status>
</kw>
<status status="PASS" starttime="20230224 15:58:01.518" endtime="20230224 15:58:01.563"></status>
</kw>
<status status="PASS" starttime="20230224 15:58:01.518" endtime="20230224 15:58:01.563"></status>
</kw>
<status status="PASS" starttime="20230224 15:57:39.626" endtime="20230224 15:58:01.563"></status>
</suite>
<status status="PASS" starttime="20230224 15:57:39.603" endtime="20230224 15:58:01.563"></status>
</suite>
<statistics>
<total>
<stat pass="1" fail="0">Critical Tests</stat>
<stat pass="1" fail="0">All Tests</stat>
</total>
<tag>
<stat pass="1" fail="0">TC_PLMN_Wifi_Operator</stat>
</tag>
<suite>
<stat pass="1" fail="0" id="s1" name="Robot Scripts">Robot Scripts</stat>
<stat pass="1" fail="0" id="s1-s1" name="LIVE LTE SS STAB">Robot Scripts.LIVE LTE SS STAB</stat>
</suite>
</statistics>
<errors>
</errors>
</robot>
