<?xml version="1.0" encoding="UTF-8"?>
<robot generator="Robot 3.1.1 (Python 3.8.0 on win32)" generated="20230116 17:32:42.028" rpa="false">
<suite id="s1" name="Robot Scripts" source="D:\LGDEMO\cellular_automation\SDLC\Coding\GATS\GATS_Django_Framework\scripts\robot_scripts">
<suite id="s1-s1" name="LIVE LTE SS STAB" source="D:\LGDEMO\cellular_automation\SDLC\Coding\GATS\GATS_Django_Framework\scripts\robot_scripts\LIVE_LTE_SS_STAB.robot">
<test id="s1-s1-t1" name="TC_023_LIVE_LTE_SS_STAB_WIFI_UPD_APP">
<kw name="Run Keywords" library="BuiltIn" type="setup">
<doc>Executes all the given keywords in a sequence.</doc>
<arguments>
<arg>Setup Log</arg>
<arg>${dict.project}</arg>
<arg>${dict.milestone}</arg>
<arg>${dict.session}</arg>
<arg>${dict.device}</arg>
<arg>${dict.iter}</arg>
<arg>LIVE_LTE_SS_STAB</arg>
<arg>@{TEST TAGS}</arg>
<arg>AND</arg>
<arg>Start Device Log</arg>
<arg>${yamlData}</arg>
<arg>${log_type}</arg>
</arguments>
<kw name="Setup Log" library="res_common">
<arguments>
<arg>${dict.project}</arg>
<arg>${dict.milestone}</arg>
<arg>${dict.session}</arg>
<arg>${dict.device}</arg>
<arg>${dict.iter}</arg>
<arg>LIVE_LTE_SS_STAB</arg>
<arg>@{TEST TAGS}</arg>
</arguments>
<kw name="Setup Logging" library="common_log">
<doc>Generates script level logs
:param project: Project name
:param milestone: Milestone name
:param session: Session name
:param device: Device name
:param suite: Suite name
:param auto_id: Automation id(test case id)
:return: h.vinay@globaledgesoft.com</doc>
<arguments>
<arg>${arg1}</arg>
<arg>${arg2}</arg>
<arg>${arg3}</arg>
<arg>${arg4}</arg>
<arg>${arg5}</arg>
<arg>${arg6}</arg>
<arg>${arg7}</arg>
</arguments>
<msg timestamp="20230116 17:32:43.673" level="INFO">executing setup logging</msg>
<msg timestamp="20230116 17:32:43.673" level="INFO">Filename:TC_023_LIVE_LTE_SS_STAB_WIFI_UPD_APP</msg>
<msg timestamp="20230116 17:32:43.675" level="INFO">Logging has been setup</msg>
<msg timestamp="20230116 17:32:43.675" level="INFO">Inside common log: Cellular_GATS_Integration milestone1 1 Mi10t_12_12 iteration_1 LIVE_LTE_SS_STAB TC_023_LIVE_LTE_SS_STAB_WIFI_UPD_APP
Inside log_utils_setup Cellular_GATS_Integration milestone1 1 Mi10t_12_12 LIVE_LTE_SS_STAB TC_023_LIVE_LTE_SS_STAB_WIFI_UPD_APP iteration_1
session_dir:Cellular_GATS_Integration\milestone1\1
device:Mi10t_12_12
suite:LIVE_LTE_SS_STAB
file_name:TC_023_LIVE_LTE_SS_STAB_WIFI_UPD_APP
iteration:iteration_1
log_directory:D:\LGDEMO\cellular_automation\SDLC\Coding\GATS\GATS_Django_Framework\results\logs\Cellular_GATS_Integration\milestone1\1\Mi10t_12_12\LIVE_LTE_SS_STAB\TC_023_LIVE_LTE_SS_STAB_WIFI_UPD_APP\iteration_1
[log_utils] setup_logging 79 INFO Logging has been setup</msg>
<status status="PASS" starttime="20230116 17:32:43.670" endtime="20230116 17:32:43.675"></status>
</kw>
<status status="PASS" starttime="20230116 17:32:43.667" endtime="20230116 17:32:43.675"></status>
</kw>
<kw name="Start device Log" library="res_common">
<arguments>
<arg>${yamlData}</arg>
<arg>${log_type}</arg>
</arguments>
<kw name="Update The Ymal" library="common_functions">
<arguments>
<arg>${yamlData}</arg>
</arguments>
<assign>
<var>${yamlData}</var>
</assign>
<msg timestamp="20230116 17:32:43.761" level="INFO">${yamlData} = {'common_args': {'Call_duration': 10, 'HTTPS_LINKS': ['https://play.google.com/store/apps/details?id=com.asteor.synergita&amp;hl=TRs', 'https://play.google.com/store/apps/details?id=com.poly.live&amp;hl=TRs',...</msg>
<status status="PASS" starttime="20230116 17:32:43.680" endtime="20230116 17:32:43.761"></status>
</kw>
<kw name="Log To Console" library="BuiltIn">
<doc>Logs the given message to the console.</doc>
<arguments>
<arg>"Starting Modem Logs"</arg>
</arguments>
<status status="PASS" starttime="20230116 17:32:43.764" endtime="20230116 17:32:43.765"></status>
</kw>
<kw name="Device Logging" library="device_reports">
<arguments>
<arg>${yamlData}</arg>
<arg>${TEST NAME}</arg>
<arg>${log_type}</arg>
<arg>START</arg>
</arguments>
<msg timestamp="20230116 17:32:43.768" level="INFO">a15b28cf</msg>
<status status="PASS" starttime="20230116 17:32:43.767" endtime="20230116 17:32:43.768"></status>
</kw>
<status status="PASS" starttime="20230116 17:32:43.675" endtime="20230116 17:32:43.768"></status>
</kw>
<status status="PASS" starttime="20230116 17:32:43.666" endtime="20230116 17:32:43.768"></status>
</kw>
<kw name="LIVE_SS__1" library="res_common">
<arguments>
<arg>TC_023_LIVE_LTE_SS_STAB_WIFI_UPD_APP</arg>
<arg>${yamlData}</arg>
<arg>${log_type}</arg>
</arguments>
<kw name="Log To Console" library="BuiltIn">
<doc>Logs the given message to the console.</doc>
<arguments>
<arg>SS__1</arg>
</arguments>
<status status="PASS" starttime="20230116 17:32:43.772" endtime="20230116 17:32:43.772"></status>
</kw>
<kw name="SS 1" library="TC_023_LIVE_LTE_SS_STAB_WIFI_UPD_APP">
<arguments>
<arg>${tst}</arg>
<arg>${yamlData}</arg>
</arguments>
<assign>
<var>${adb_res}</var>
<var>${msg}</var>
</assign>
<msg timestamp="20230116 17:32:43.897" level="INFO">validating SS sim status</msg>
<msg timestamp="20230116 17:32:43.963" level="INFO">validating SS sim successful for a15b28cf</msg>
<msg timestamp="20230116 17:32:43.963" level="INFO">Calling from device 92KAY01TTW ===&gt; adb -s 92KAY01TTW shell am start -a android.intent.action.CALL -d tel:7829887654</msg>
<msg timestamp="20230116 17:32:54.110" level="INFO">Receiving call in device B</msg>
<msg timestamp="20230116 17:32:54.262" level="INFO">Call received Successfully</msg>
<msg timestamp="20230116 17:32:54.262" level="INFO">performing a2b call is success</msg>
<msg timestamp="20230116 17:32:54.263" level="INFO">Enabling wifi</msg>
<msg timestamp="20230116 17:32:58.137" level="WARN">('Connection aborted.', RemoteDisconnected('Remote end closed connection without response')), retrying in 0.5 seconds...</msg>
<msg timestamp="20230116 17:32:59.691" level="INFO">sending sms</msg>
<msg timestamp="20230116 17:33:12.998" level="INFO">Test case executed successfully</msg>
<msg timestamp="20230116 17:33:12.998" level="INFO">Terminating call in device A</msg>
<msg timestamp="20230116 17:33:13.111" level="INFO">Call terminated Successfully</msg>
<msg timestamp="20230116 17:33:13.112" level="INFO">[36m[D 230116 17:32:57 __init__:322][39m [pid:15980] [a15b28cf] device a15b28cf is online
[32m[I 230116 17:32:57 init:156][39m uiautomator2 version: 2.16.14
[36m[D 230116 17:32:57 init:167][39m Shell: ('/data/local/tmp/atx-agent', 'server', '--stop')
[36m[D 230116 17:32:58 init:295][39m Real version: [0, 10, 0], Expect version: [0, 10, 0]
[36m[D 230116 17:32:58 init:167][39m Shell: ('/data/local/tmp/atx-agent', 'server', '--nouia', '-d', '--addr', '127.0.0.1:7912')
[32m[I 230116 17:32:58 init:350][39m Check atx-agent version
[36m[D 230116 17:32:58 init:359][39m Forward: local:tcp:64643 -&gt; remote:tcp:7912
[36m[D 230116 17:32:58 init:359][39m Forward: local:tcp:64643 -&gt; remote:tcp:7912
[36m[D 230116 17:32:58 init:362][39m atx-agent version 0.10.0
[36m[D 230116 17:32:58 init:365][39m device wlan ip: wlan0 have no ip address</msg>
<msg timestamp="20230116 17:33:13.112" level="INFO">${adb_res} = True</msg>
<msg timestamp="20230116 17:33:13.112" level="INFO">${msg} = Executed successfully</msg>
<status status="PASS" starttime="20230116 17:32:43.775" endtime="20230116 17:33:13.112"></status>
</kw>
<kw name="Fetch Result" library="device_reports">
<arguments>
<arg>${TEST NAME}</arg>
<arg>${adb_res}</arg>
<arg>${msg}</arg>
</arguments>
<status status="PASS" starttime="20230116 17:33:13.116" endtime="20230116 17:33:13.118"></status>
</kw>
<kw name="Log" library="BuiltIn">
<doc>Logs the given message with the given level.</doc>
<arguments>
<arg>${adb_res}</arg>
</arguments>
<msg timestamp="20230116 17:33:13.121" level="INFO">True</msg>
<status status="PASS" starttime="20230116 17:33:13.120" endtime="20230116 17:33:13.121"></status>
</kw>
<kw name="Run Keyword If" library="BuiltIn">
<doc>Runs the given keyword with the given arguments, if ``condition`` is true.</doc>
<arguments>
<arg>${adb_res} == True</arg>
<arg>Log To Console</arg>
<arg>${msg}</arg>
<arg>ELSE</arg>
<arg>device_logging</arg>
<arg>${yamlData}</arg>
<arg>${TEST NAME}</arg>
<arg>$${log_type}</arg>
<arg>RESTART</arg>
</arguments>
<kw name="Log To Console" library="BuiltIn">
<doc>Logs the given message to the console.</doc>
<arguments>
<arg>${msg}</arg>
</arguments>
<status status="PASS" starttime="20230116 17:33:13.127" endtime="20230116 17:33:13.128"></status>
</kw>
<status status="PASS" starttime="20230116 17:33:13.124" endtime="20230116 17:33:13.128"></status>
</kw>
<kw name="Should Be True" library="BuiltIn">
<doc>Fails if the given condition is not true.</doc>
<arguments>
<arg>${adb_res}</arg>
<arg>msg=${msg}</arg>
</arguments>
<status status="PASS" starttime="20230116 17:33:13.130" endtime="20230116 17:33:13.130"></status>
</kw>
<status status="PASS" starttime="20230116 17:32:43.768" endtime="20230116 17:33:13.131"></status>
</kw>
<kw name="Run Keywords" library="BuiltIn" type="teardown">
<doc>Executes all the given keywords in a sequence.</doc>
<arguments>
<arg>Stop Device Log</arg>
<arg>${yamlData}</arg>
<arg>${log_type}</arg>
<arg>AND</arg>
<arg>Remove Log Handler</arg>
</arguments>
<kw name="Stop device Log" library="res_common">
<arguments>
<arg>${yamlData}</arg>
<arg>${log_type}</arg>
</arguments>
<kw name="Log To Console" library="BuiltIn">
<doc>Logs the given message to the console.</doc>
<arguments>
<arg>"Stopping Modem Logs"</arg>
</arguments>
<status status="PASS" starttime="20230116 17:33:13.135" endtime="20230116 17:33:13.136"></status>
</kw>
<kw name="Device Logging" library="device_reports">
<arguments>
<arg>${yamlData}</arg>
<arg>${TEST NAME}</arg>
<arg>${log_type}</arg>
<arg>STOP</arg>
</arguments>
<msg timestamp="20230116 17:33:13.140" level="INFO">a15b28cf</msg>
<status status="PASS" starttime="20230116 17:33:13.139" endtime="20230116 17:33:13.140"></status>
</kw>
<status status="PASS" starttime="20230116 17:33:13.133" endtime="20230116 17:33:13.140"></status>
</kw>
<kw name="Remove Log Handler" library="res_common">
<kw name="Remove Script Log Handler" library="common_log">
<doc>Removes all the logging handlers
:return: None</doc>
<msg timestamp="20230116 17:33:13.142" level="INFO">[&lt;RobotHandler (NOTSET)&gt;, &lt;StreamHandler (NOTSET)&gt;, &lt;FileHandler D:\LGDEMO\cellular_automation\SDLC\Coding\GATS\GATS_Django_Framework\results\logs\Cellular_GATS_Integration\milestone1\1\Mi10t_12_12\LIVE_LTE_SS_STAB\TC_023_LIVE_LTE_SS_STAB_WIFI_UPD_APP\iteration_1\TC_023_LIVE_LTE_SS_STAB_WIFI_UPD_APP_20230116-173243 (DEBUG)&gt;]</msg>
<status status="PASS" starttime="20230116 17:33:13.142" endtime="20230116 17:33:13.143"></status>
</kw>
<status status="PASS" starttime="20230116 17:33:13.140" endtime="20230116 17:33:13.143"></status>
</kw>
<status status="PASS" starttime="20230116 17:33:13.133" endtime="20230116 17:33:13.143"></status>
</kw>
<doc>Performing Delta Testcases 1</doc>
<tags>
<tag>TC_023_LIVE_LTE_SS_STAB_WIFI_UPD_APP</tag>
</tags>
<timeout value="1 hour 5 minutes"></timeout>
<status status="PASS" starttime="20230116 17:32:43.656" endtime="20230116 17:33:13.143" critical="yes"></status>
</test>
<kw name="Run Keyword" library="BuiltIn" type="teardown">
<doc>Executes the given keyword with the given arguments.</doc>
<arguments>
<arg>Fill Excel</arg>
<arg>${log_type}</arg>
</arguments>
<kw name="Fill Excel" library="res_common">
<arguments>
<arg>${log_type}</arg>
</arguments>
<kw name="Log" library="BuiltIn">
<doc>Logs the given message with the given level.</doc>
<arguments>
<arg>"Creating Excel Sheet"</arg>
</arguments>
<msg timestamp="20230116 17:33:13.241" level="INFO">"Creating Excel Sheet"</msg>
<status status="PASS" starttime="20230116 17:33:13.241" endtime="20230116 17:33:13.241"></status>
</kw>
<kw name="Create Excel" library="excel_sheet">
<arguments>
<arg>${log_type}</arg>
</arguments>
<msg timestamp="20230116 17:33:13.317" level="INFO">['D:\\LGDEMO\\cellular_automation\\SDLC\\Coding\\GATS\\GATS_Django_Framework\\results\\logs\\Cellular_GATS_Integration\\milestone1\\1\\Mi10t_12_12\\Stability_Live\\TC_Stability_Live_Volte_003\\iteration_1/../', 'D:\\LGDEMO\\cellular_automation\\SDLC\\Coding\\GATS\\GATS_Django_Framework\\results\\logs\\Cellular_GATS_Integration\\milestone1\\1\\Mi10t_12_12\\LIVE_LTE_SS_STAB\\TC_023_LIVE_LTE_SS_STAB_WIFI_UPD_APP\\iteration_1/../']</msg>
<status status="PASS" starttime="20230116 17:33:13.243" endtime="20230116 17:33:13.317"></status>
</kw>
<status status="PASS" starttime="20230116 17:33:13.239" endtime="20230116 17:33:13.317"></status>
</kw>
<status status="PASS" starttime="20230116 17:33:13.238" endtime="20230116 17:33:13.318"></status>
</kw>
<status status="PASS" starttime="20230116 17:32:42.048" endtime="20230116 17:33:13.318"></status>
</suite>
<status status="PASS" starttime="20230116 17:32:42.031" endtime="20230116 17:33:13.319"></status>
</suite>
<statistics>
<total>
<stat pass="1" fail="0">Critical Tests</stat>
<stat pass="1" fail="0">All Tests</stat>
</total>
<tag>
<stat pass="1" fail="0">TC_023_LIVE_LTE_SS_STAB_WIFI_UPD_APP</stat>
</tag>
<suite>
<stat pass="1" fail="0" id="s1" name="Robot Scripts">Robot Scripts</stat>
<stat pass="1" fail="0" id="s1-s1" name="LIVE LTE SS STAB">Robot Scripts.LIVE LTE SS STAB</stat>
</suite>
</statistics>
<errors>
<msg timestamp="20230116 17:32:58.137" level="WARN">('Connection aborted.', RemoteDisconnected('Remote end closed connection without response')), retrying in 0.5 seconds...</msg>
</errors>
</robot>
