<?xml version="1.0" encoding="UTF-8"?>
<robot generator="Robot 3.1.1 (Python 3.10.11 on win32)" generated="20230509 16:50:22.529" rpa="false">
<suite id="s1" name="Robot Scripts" source="C:\Users\swatipat\Downloads\MAIN_GATS_CODE\GATS_Django_Framework\scripts\robot_scripts">
<suite id="s1-s1" name="LIVE LTE SS STAB" source="C:\Users\swatipat\Downloads\MAIN_GATS_CODE\GATS_Django_Framework\scripts\robot_scripts\LIVE_LTE_SS_STAB.robot">
<test id="s1-s1-t1" name="TC_333_LIVE_LTE_SS_STAB_MT_CONF">
<kw name="Run Keywords" library="BuiltIn" type="setup">
<doc>Executes all the given keywords in a sequence.</doc>
<arguments>
<arg>Setup Log</arg>
<arg>${dict.project}</arg>
<arg>${dict.milestone}</arg>
<arg>${dict.session}</arg>
<arg>${dict.device}</arg>
<arg>${dict.iter}</arg>
<arg>LIVE_LTE_SS_STAB</arg>
<arg>@{TEST TAGS}</arg>
<arg>AND</arg>
<arg>Start Device Log</arg>
<arg>${yamlData}</arg>
<arg>${log_type}</arg>
</arguments>
<kw name="Setup Log" library="res_common">
<arguments>
<arg>${dict.project}</arg>
<arg>${dict.milestone}</arg>
<arg>${dict.session}</arg>
<arg>${dict.device}</arg>
<arg>${dict.iter}</arg>
<arg>LIVE_LTE_SS_STAB</arg>
<arg>@{TEST TAGS}</arg>
</arguments>
<kw name="Setup Logging" library="common_log">
<doc>Generates script level logs
:param project: Project name
:param milestone: Milestone name
:param session: Session name
:param device: Device name
:param suite: Suite name
:param auto_id: Automation id(test case id)
:return: h.vinay@globaledgesoft.com</doc>
<arguments>
<arg>${arg1}</arg>
<arg>${arg2}</arg>
<arg>${arg3}</arg>
<arg>${arg4}</arg>
<arg>${arg5}</arg>
<arg>${arg6}</arg>
<arg>${arg7}</arg>
</arguments>
<msg timestamp="20230509 16:50:25.877" level="INFO">executing setup logging</msg>
<msg timestamp="20230509 16:50:25.877" level="INFO">Filename:TC_333_LIVE_LTE_SS_STAB_MT_CONF</msg>
<msg timestamp="20230509 16:50:25.877" level="INFO">Logging has been setup</msg>
<msg timestamp="20230509 16:50:25.877" level="INFO">Inside common log: Cellular_GATS_Integration milestone1 55 oppo_12_12 iteration_1 LIVE_LTE_SS_STAB TC_333_LIVE_LTE_SS_STAB_MT_CONF
Inside log_utils_setup Cellular_GATS_Integration milestone1 55 oppo_12_12 LIVE_LTE_SS_STAB TC_333_LIVE_LTE_SS_STAB_MT_CONF iteration_1
session_dir:Cellular_GATS_Integration\milestone1\55
device:oppo_12_12
suite:LIVE_LTE_SS_STAB
file_name:TC_333_LIVE_LTE_SS_STAB_MT_CONF
iteration:iteration_1
log_directory:C:\Users\swatipat\Downloads\MAIN_GATS_CODE\GATS_Django_Framework\results\logs\Cellular_GATS_Integration\milestone1\55\oppo_12_12\LIVE_LTE_SS_STAB\TC_333_LIVE_LTE_SS_STAB_MT_CONF\iteration_1
[log_utils] setup_logging 80 INFO Logging has been setup</msg>
<status status="PASS" starttime="20230509 16:50:25.877" endtime="20230509 16:50:25.877"></status>
</kw>
<status status="PASS" starttime="20230509 16:50:25.877" endtime="20230509 16:50:25.877"></status>
</kw>
<kw name="Start device Log" library="res_common">
<arguments>
<arg>${yamlData}</arg>
<arg>${log_type}</arg>
</arguments>
<kw name="Update The Ymal" library="common_functions">
<arguments>
<arg>${yamlData}</arg>
</arguments>
<assign>
<var>${yamlData}</var>
</assign>
<msg timestamp="20230509 16:50:25.926" level="INFO">${yamlData} = {'common_args': {'Call_duration': 10, 'HTTPS_LINKS': ['https://play.google.com/store/apps/details?id=com.asteor.synergita&amp;hl=TRs', 'https://play.google.com/store/apps/details?id=com.poly.live&amp;hl=TRs',...</msg>
<status status="PASS" starttime="20230509 16:50:25.885" endtime="20230509 16:50:25.926"></status>
</kw>
<kw name="Log To Console" library="BuiltIn">
<doc>Logs the given message to the console.</doc>
<arguments>
<arg>"Starting Modem Logs"</arg>
</arguments>
<status status="PASS" starttime="20230509 16:50:25.926" endtime="20230509 16:50:25.926"></status>
</kw>
<kw name="Device Logging" library="device_reports">
<arguments>
<arg>${yamlData}</arg>
<arg>${TEST NAME}</arg>
<arg>${log_type}</arg>
<arg>START</arg>
</arguments>
<msg timestamp="20230509 16:50:25.939" level="INFO">5TGYYDGU6PSKOZZH</msg>
<status status="PASS" starttime="20230509 16:50:25.939" endtime="20230509 16:50:25.939"></status>
</kw>
<status status="PASS" starttime="20230509 16:50:25.877" endtime="20230509 16:50:25.939"></status>
</kw>
<status status="PASS" starttime="20230509 16:50:25.877" endtime="20230509 16:50:25.939"></status>
</kw>
<kw name="LIVE_SS__220" library="res_common">
<arguments>
<arg>TC_333_LIVE_LTE_SS_STAB_MT_CONF</arg>
<arg>${yamlData}</arg>
<arg>${log_type}</arg>
</arguments>
<kw name="Log To Console" library="BuiltIn">
<doc>Logs the given message to the console.</doc>
<arguments>
<arg>SS__220</arg>
</arguments>
<status status="PASS" starttime="20230509 16:50:25.939" endtime="20230509 16:50:25.939"></status>
</kw>
<kw name="SS 220" library="TC_333_LIVE_LTE_SS_STAB_MT_CONF">
<arguments>
<arg>${tst}</arg>
<arg>${yamlData}</arg>
</arguments>
<assign>
<var>${adb_res}</var>
<var>${msg}</var>
</assign>
<msg timestamp="20230509 16:50:26.681" level="INFO">validating SS sim status</msg>
<msg timestamp="20230509 16:50:26.681" level="INFO">validating SS sim successful for 5TGYYDGU6PSKOZZH</msg>
<msg timestamp="20230509 16:50:26.681" level="INFO">validating SS sim successful for 2d0c8aa1</msg>
<msg timestamp="20230509 16:50:26.681" level="INFO">perform mt volte call</msg>
<msg timestamp="20230509 16:50:26.681" level="INFO">Calling from device 2d0c8aa1 ===&gt; adb -s 2d0c8aa1 shell am start -a android.intent.action.CALL -d tel:8150865662</msg>
<msg timestamp="20230509 16:50:31.966" level="INFO">Receiving call in device B</msg>
<msg timestamp="20230509 16:50:32.245" level="INFO">Call received Successfully</msg>
<msg timestamp="20230509 16:50:37.245" level="INFO">perform mt volte call</msg>
<msg timestamp="20230509 16:50:37.246" level="INFO">Calling from device 2d0c8aa1 ===&gt; adb -s 2d0c8aa1 shell am start -a android.intent.action.CALL -d tel:7893109918</msg>
<msg timestamp="20230509 16:50:42.591" level="INFO">Receiving call in device B</msg>
<msg timestamp="20230509 16:50:42.844" level="INFO">Call received Successfully</msg>
<msg timestamp="20230509 16:50:50.847" level="INFO">merging calls</msg>
<msg timestamp="20230509 16:51:13.166" level="FAIL">ReferenceError: resourceid is not allowed.</msg>
<status status="FAIL" starttime="20230509 16:50:25.939" endtime="20230509 16:51:13.166"></status>
</kw>
<status status="FAIL" starttime="20230509 16:50:25.939" endtime="20230509 16:51:13.166"></status>
</kw>
<kw name="Run Keywords" library="BuiltIn" type="teardown">
<doc>Executes all the given keywords in a sequence.</doc>
<arguments>
<arg>Stop Device Log</arg>
<arg>${yamlData}</arg>
<arg>${log_type}</arg>
<arg>AND</arg>
<arg>Remove Log Handler</arg>
</arguments>
<kw name="Stop device Log" library="res_common">
<arguments>
<arg>${yamlData}</arg>
<arg>${log_type}</arg>
</arguments>
<kw name="Log To Console" library="BuiltIn">
<doc>Logs the given message to the console.</doc>
<arguments>
<arg>"Stopping Modem Logs"</arg>
</arguments>
<status status="PASS" starttime="20230509 16:51:13.182" endtime="20230509 16:51:13.182"></status>
</kw>
<kw name="Device Logging" library="device_reports">
<arguments>
<arg>${yamlData}</arg>
<arg>${TEST NAME}</arg>
<arg>${log_type}</arg>
<arg>STOP</arg>
</arguments>
<msg timestamp="20230509 16:51:13.182" level="INFO">5TGYYDGU6PSKOZZH</msg>
<status status="PASS" starttime="20230509 16:51:13.182" endtime="20230509 16:51:13.182"></status>
</kw>
<status status="PASS" starttime="20230509 16:51:13.182" endtime="20230509 16:51:13.182"></status>
</kw>
<kw name="Remove Log Handler" library="res_common">
<kw name="Remove Script Log Handler" library="common_log">
<doc>Removes all the logging handlers
:return: None</doc>
<msg timestamp="20230509 16:51:13.182" level="INFO">[&lt;RobotHandler (NOTSET)&gt;, &lt;StreamHandler (NOTSET)&gt;, &lt;FileHandler C:\Users\swatipat\Downloads\MAIN_GATS_CODE\GATS_Django_Framework\results\logs\Cellular_GATS_Integration\milestone1\55\oppo_12_12\LIVE_LTE_SS_STAB\TC_333_LIVE_LTE_SS_STAB_MT_CONF\iteration_1\TC_333_LIVE_LTE_SS_STAB_MT_CONF (DEBUG)&gt;]</msg>
<status status="PASS" starttime="20230509 16:51:13.182" endtime="20230509 16:51:13.182"></status>
</kw>
<status status="PASS" starttime="20230509 16:51:13.182" endtime="20230509 16:51:13.182"></status>
</kw>
<status status="PASS" starttime="20230509 16:51:13.182" endtime="20230509 16:51:13.182"></status>
</kw>
<doc>Performing Delta Testcases 220</doc>
<tags>
<tag>TC_333_LIVE_LTE_SS_STAB_MT_CONF</tag>
</tags>
<timeout value="1 hour 5 minutes"></timeout>
<status status="FAIL" starttime="20230509 16:50:25.867" endtime="20230509 16:51:13.182" critical="yes">ReferenceError: resourceid is not allowed.</status>
</test>
<kw name="Run Keyword" library="BuiltIn" type="teardown">
<doc>Executes the given keyword with the given arguments.</doc>
<arguments>
<arg>Fill Excel</arg>
<arg>${log_type}</arg>
</arguments>
<kw name="Fill Excel" library="res_common">
<arguments>
<arg>${log_type}</arg>
</arguments>
<kw name="Log" library="BuiltIn">
<doc>Logs the given message with the given level.</doc>
<arguments>
<arg>"Creating Excel Sheet"</arg>
</arguments>
<msg timestamp="20230509 16:51:13.246" level="INFO">"Creating Excel Sheet"</msg>
<status status="PASS" starttime="20230509 16:51:13.246" endtime="20230509 16:51:13.246"></status>
</kw>
<kw name="Create Excel" library="excel_sheet">
<arguments>
<arg>${log_type}</arg>
</arguments>
<msg timestamp="20230509 16:51:13.297" level="INFO">[]</msg>
<status status="PASS" starttime="20230509 16:51:13.246" endtime="20230509 16:51:13.297"></status>
</kw>
<status status="PASS" starttime="20230509 16:51:13.246" endtime="20230509 16:51:13.297"></status>
</kw>
<status status="PASS" starttime="20230509 16:51:13.246" endtime="20230509 16:51:13.297"></status>
</kw>
<status status="FAIL" starttime="20230509 16:50:22.555" endtime="20230509 16:51:13.297"></status>
</suite>
<status status="FAIL" starttime="20230509 16:50:22.546" endtime="20230509 16:51:13.297"></status>
</suite>
<statistics>
<total>
<stat pass="0" fail="1">Critical Tests</stat>
<stat pass="0" fail="1">All Tests</stat>
</total>
<tag>
<stat pass="0" fail="1">TC_333_LIVE_LTE_SS_STAB_MT_CONF</stat>
</tag>
<suite>
<stat pass="0" fail="1" id="s1" name="Robot Scripts">Robot Scripts</stat>
<stat pass="0" fail="1" id="s1-s1" name="LIVE LTE SS STAB">Robot Scripts.LIVE LTE SS STAB</stat>
</suite>
</statistics>
<errors>
</errors>
</robot>
