<?xml version="1.0" encoding="UTF-8"?>
<robot generator="Robot 3.1.1 (Python 3.10.10 on win32)" generated="20230223 18:47:11.540" rpa="false">
<suite id="s1" name="Robot Scripts" source="C:\Users\swatipat\Downloads\MAIN_GATS_CODE\GATS_Django_Framework\scripts\robot_scripts">
<suite id="s1-s1" name="LIVE LTE SS STAB" source="C:\Users\swatipat\Downloads\MAIN_GATS_CODE\GATS_Django_Framework\scripts\robot_scripts\LIVE_LTE_SS_STAB.robot">
<test id="s1-s1-t1" name="TC_bluetooth_wifi_on_off_10times">
<kw name="Run Keywords" library="BuiltIn" type="setup">
<doc>Executes all the given keywords in a sequence.</doc>
<arguments>
<arg>Setup Log</arg>
<arg>${dict.project}</arg>
<arg>${dict.milestone}</arg>
<arg>${dict.session}</arg>
<arg>${dict.device}</arg>
<arg>${dict.iter}</arg>
<arg>LIVE_LTE_SS_STAB</arg>
<arg>@{TEST TAGS}</arg>
<arg>AND</arg>
<arg>Start Device Log</arg>
<arg>${yamlData}</arg>
<arg>${log_type}</arg>
</arguments>
<kw name="Setup Log" library="res_common">
<arguments>
<arg>${dict.project}</arg>
<arg>${dict.milestone}</arg>
<arg>${dict.session}</arg>
<arg>${dict.device}</arg>
<arg>${dict.iter}</arg>
<arg>LIVE_LTE_SS_STAB</arg>
<arg>@{TEST TAGS}</arg>
</arguments>
<kw name="Setup Logging" library="common_log">
<doc>Generates script level logs
:param project: Project name
:param milestone: Milestone name
:param session: Session name
:param device: Device name
:param suite: Suite name
:param auto_id: Automation id(test case id)
:return: h.vinay@globaledgesoft.com</doc>
<arguments>
<arg>${arg1}</arg>
<arg>${arg2}</arg>
<arg>${arg3}</arg>
<arg>${arg4}</arg>
<arg>${arg5}</arg>
<arg>${arg6}</arg>
<arg>${arg7}</arg>
</arguments>
<msg timestamp="20230223 18:47:15.975" level="INFO">executing setup logging</msg>
<msg timestamp="20230223 18:47:15.975" level="INFO">Filename:TC_bluetooth_wifi_on_off_10times</msg>
<msg timestamp="20230223 18:47:15.986" level="INFO">Logging has been setup</msg>
<msg timestamp="20230223 18:47:15.986" level="INFO">Inside common log: Cellular_GATS_Integration milestone1 786555 Pixel2_10_Google iteration_1 LIVE_LTE_SS_STAB TC_bluetooth_wifi_on_off_10times
Inside log_utils_setup Cellular_GATS_Integration milestone1 786555 Pixel2_10_Google LIVE_LTE_SS_STAB TC_bluetooth_wifi_on_off_10times iteration_1
session_dir:Cellular_GATS_Integration\milestone1\786555
device:Pixel2_10_Google
suite:LIVE_LTE_SS_STAB
file_name:TC_bluetooth_wifi_on_off_10times
iteration:iteration_1
log_directory:C:\Users\swatipat\Downloads\MAIN_GATS_CODE\GATS_Django_Framework\results\logs\Cellular_GATS_Integration\milestone1\786555\Pixel2_10_Google\LIVE_LTE_SS_STAB\TC_bluetooth_wifi_on_off_10times\iteration_1
[log_utils] setup_logging 80 INFO Logging has been setup</msg>
<status status="PASS" starttime="20230223 18:47:15.975" endtime="20230223 18:47:15.986"></status>
</kw>
<status status="PASS" starttime="20230223 18:47:15.975" endtime="20230223 18:47:15.986"></status>
</kw>
<kw name="Start device Log" library="res_common">
<arguments>
<arg>${yamlData}</arg>
<arg>${log_type}</arg>
</arguments>
<kw name="Update The Ymal" library="common_functions">
<arguments>
<arg>${yamlData}</arg>
</arguments>
<assign>
<var>${yamlData}</var>
</assign>
<msg timestamp="20230223 18:47:16.051" level="INFO">${yamlData} = {'common_args': {'Call_duration': 10, 'HTTPS_LINKS': ['https://play.google.com/store/apps/details?id=com.asteor.synergita&amp;hl=TRs', 'https://play.google.com/store/apps/details?id=com.poly.live&amp;hl=TRs',...</msg>
<status status="PASS" starttime="20230223 18:47:15.986" endtime="20230223 18:47:16.051"></status>
</kw>
<kw name="Log To Console" library="BuiltIn">
<doc>Logs the given message to the console.</doc>
<arguments>
<arg>"Starting Modem Logs"</arg>
</arguments>
<status status="PASS" starttime="20230223 18:47:16.051" endtime="20230223 18:47:16.059"></status>
</kw>
<kw name="Device Logging" library="device_reports">
<arguments>
<arg>${yamlData}</arg>
<arg>${TEST NAME}</arg>
<arg>${log_type}</arg>
<arg>START</arg>
</arguments>
<msg timestamp="20230223 18:47:16.062" level="INFO">92KAY01TTW</msg>
<status status="PASS" starttime="20230223 18:47:16.062" endtime="20230223 18:47:16.062"></status>
</kw>
<status status="PASS" starttime="20230223 18:47:15.986" endtime="20230223 18:47:16.062"></status>
</kw>
<status status="PASS" starttime="20230223 18:47:15.975" endtime="20230223 18:47:16.062"></status>
</kw>
<kw name="SS_100000" library="res_common">
<arguments>
<arg>TC_bluetooth_wifi_on_off_10times</arg>
<arg>${yamlData}</arg>
<arg>${log_type}</arg>
</arguments>
<kw name="Log To Console" library="BuiltIn">
<doc>Logs the given message to the console.</doc>
<arguments>
<arg>SS_100000</arg>
</arguments>
<status status="PASS" starttime="20230223 18:47:16.071" endtime="20230223 18:47:16.071"></status>
</kw>
<kw name="SS 1000000" library="TC_bluetooth_wifi_on_off_10times">
<arguments>
<arg>${tst}</arg>
<arg>${yamlData}</arg>
</arguments>
<assign>
<var>${adb_res}</var>
<var>${msg}</var>
</assign>
<msg timestamp="20230223 18:47:16.387" level="INFO">validating SS sim status</msg>
<msg timestamp="20230223 18:47:16.387" level="INFO">validating SS sim successful for 92KAY01TTW</msg>
<msg timestamp="20230223 18:47:16.389" level="INFO">Enabling wifi</msg>
<msg timestamp="20230223 18:47:20.731" level="INFO">wifi is enabled successfully</msg>
<msg timestamp="20230223 18:47:30.736" level="INFO">Enable bluetooth!!!</msg>
<msg timestamp="20230223 18:47:44.598" level="INFO">wifi is enabled successfully</msg>
<msg timestamp="20230223 18:47:54.610" level="INFO">disable bluetooth!!!</msg>
<msg timestamp="20230223 18:47:57.881" level="INFO">wifi is enabled successfully</msg>
<msg timestamp="20230223 18:48:07.889" level="INFO">disconnecting wifi</msg>
<msg timestamp="20230223 18:48:08.467" level="INFO">Wifi Turn Off</msg>
<msg timestamp="20230223 18:48:18.475" level="INFO">Enabling wifi</msg>
<msg timestamp="20230223 18:48:22.336" level="INFO">wifi is enabled successfully</msg>
<msg timestamp="20230223 18:48:32.337" level="INFO">Enable bluetooth!!!</msg>
<msg timestamp="20230223 18:48:42.347" level="INFO">wifi is enabled successfully</msg>
<msg timestamp="20230223 18:48:52.352" level="INFO">disable bluetooth!!!</msg>
<msg timestamp="20230223 18:48:55.564" level="INFO">wifi is enabled successfully</msg>
<msg timestamp="20230223 18:49:05.572" level="INFO">disconnecting wifi</msg>
<msg timestamp="20230223 18:49:06.124" level="INFO">Wifi Turn Off</msg>
<msg timestamp="20230223 18:49:16.139" level="INFO">Enabling wifi</msg>
<msg timestamp="20230223 18:49:20.053" level="INFO">wifi is enabled successfully</msg>
<msg timestamp="20230223 18:49:30.057" level="INFO">Enable bluetooth!!!</msg>
<msg timestamp="20230223 18:49:39.919" level="INFO">wifi is enabled successfully</msg>
<msg timestamp="20230223 18:49:49.931" level="INFO">disable bluetooth!!!</msg>
<msg timestamp="20230223 18:49:53.343" level="INFO">wifi is enabled successfully</msg>
<msg timestamp="20230223 18:50:03.345" level="INFO">disconnecting wifi</msg>
<msg timestamp="20230223 18:50:03.884" level="INFO">Wifi Turn Off</msg>
<msg timestamp="20230223 18:50:13.893" level="INFO">Enabling wifi</msg>
<msg timestamp="20230223 18:50:17.680" level="INFO">wifi is enabled successfully</msg>
<msg timestamp="20230223 18:50:27.687" level="INFO">Enable bluetooth!!!</msg>
<msg timestamp="20230223 18:50:37.710" level="INFO">wifi is enabled successfully</msg>
<msg timestamp="20230223 18:50:47.714" level="INFO">disable bluetooth!!!</msg>
<msg timestamp="20230223 18:50:51.019" level="INFO">wifi is enabled successfully</msg>
<msg timestamp="20230223 18:51:01.027" level="INFO">disconnecting wifi</msg>
<msg timestamp="20230223 18:51:01.570" level="INFO">Wifi Turn Off</msg>
<msg timestamp="20230223 18:51:11.581" level="INFO">Enabling wifi</msg>
<msg timestamp="20230223 18:51:15.455" level="INFO">wifi is enabled successfully</msg>
<msg timestamp="20230223 18:51:25.457" level="INFO">Enable bluetooth!!!</msg>
<msg timestamp="20230223 18:51:35.453" level="INFO">wifi is enabled successfully</msg>
<msg timestamp="20230223 18:51:45.457" level="INFO">disable bluetooth!!!</msg>
<msg timestamp="20230223 18:51:48.813" level="INFO">wifi is enabled successfully</msg>
<msg timestamp="20230223 18:51:58.818" level="INFO">disconnecting wifi</msg>
<msg timestamp="20230223 18:51:59.354" level="INFO">Wifi Turn Off</msg>
<msg timestamp="20230223 18:52:09.362" level="INFO">Enabling wifi</msg>
<msg timestamp="20230223 18:52:13.277" level="INFO">wifi is enabled successfully</msg>
<msg timestamp="20230223 18:52:23.282" level="INFO">Enable bluetooth!!!</msg>
<msg timestamp="20230223 18:52:33.567" level="INFO">wifi is enabled successfully</msg>
<msg timestamp="20230223 18:52:43.577" level="INFO">disable bluetooth!!!</msg>
<msg timestamp="20230223 18:52:46.897" level="INFO">wifi is enabled successfully</msg>
<msg timestamp="20230223 18:52:56.913" level="INFO">disconnecting wifi</msg>
<msg timestamp="20230223 18:52:57.472" level="INFO">Wifi Turn Off</msg>
<msg timestamp="20230223 18:53:07.486" level="INFO">Enabling wifi</msg>
<msg timestamp="20230223 18:53:11.651" level="INFO">wifi is enabled successfully</msg>
<msg timestamp="20230223 18:53:21.656" level="INFO">Enable bluetooth!!!</msg>
<msg timestamp="20230223 18:53:31.564" level="INFO">wifi is enabled successfully</msg>
<msg timestamp="20230223 18:53:41.575" level="INFO">disable bluetooth!!!</msg>
<msg timestamp="20230223 18:53:44.846" level="INFO">wifi is enabled successfully</msg>
<msg timestamp="20230223 18:53:54.868" level="INFO">disconnecting wifi</msg>
<msg timestamp="20230223 18:53:55.424" level="INFO">Wifi Turn Off</msg>
<msg timestamp="20230223 18:54:05.437" level="INFO">Enabling wifi</msg>
<msg timestamp="20230223 18:54:09.187" level="INFO">wifi is enabled successfully</msg>
<msg timestamp="20230223 18:54:19.189" level="INFO">Enable bluetooth!!!</msg>
<msg timestamp="20230223 18:54:29.190" level="INFO">wifi is enabled successfully</msg>
<msg timestamp="20230223 18:54:39.195" level="INFO">disable bluetooth!!!</msg>
<msg timestamp="20230223 18:54:42.500" level="INFO">wifi is enabled successfully</msg>
<msg timestamp="20230223 18:54:52.501" level="INFO">disconnecting wifi</msg>
<msg timestamp="20230223 18:54:53.059" level="INFO">Wifi Turn Off</msg>
<msg timestamp="20230223 18:55:03.073" level="INFO">Enabling wifi</msg>
<msg timestamp="20230223 18:55:07.102" level="INFO">wifi is enabled successfully</msg>
<msg timestamp="20230223 18:55:17.110" level="INFO">Enable bluetooth!!!</msg>
<msg timestamp="20230223 18:55:27.273" level="INFO">wifi is enabled successfully</msg>
<msg timestamp="20230223 18:55:37.279" level="INFO">disable bluetooth!!!</msg>
<msg timestamp="20230223 18:55:40.590" level="INFO">wifi is enabled successfully</msg>
<msg timestamp="20230223 18:55:50.593" level="INFO">disconnecting wifi</msg>
<msg timestamp="20230223 18:55:51.169" level="INFO">Wifi Turn Off</msg>
<msg timestamp="20230223 18:56:01.177" level="INFO">Enabling wifi</msg>
<msg timestamp="20230223 18:56:05.029" level="INFO">wifi is enabled successfully</msg>
<msg timestamp="20230223 18:56:15.044" level="INFO">Enable bluetooth!!!</msg>
<msg timestamp="20230223 18:56:25.066" level="INFO">wifi is enabled successfully</msg>
<msg timestamp="20230223 18:56:35.073" level="INFO">disable bluetooth!!!</msg>
<msg timestamp="20230223 18:56:38.329" level="INFO">wifi is enabled successfully</msg>
<msg timestamp="20230223 18:56:48.337" level="INFO">disconnecting wifi</msg>
<msg timestamp="20230223 18:56:48.854" level="INFO">Wifi Turn Off</msg>
<msg timestamp="20230223 18:57:08.405" level="INFO">${adb_res} = True</msg>
<msg timestamp="20230223 18:57:08.405" level="INFO">${msg} = Test case passed</msg>
<status status="PASS" starttime="20230223 18:47:16.071" endtime="20230223 18:57:08.405"></status>
</kw>
<kw name="Fetch Result" library="device_reports">
<arguments>
<arg>${TEST NAME}</arg>
<arg>${adb_res}</arg>
<arg>${msg}</arg>
</arguments>
<status status="PASS" starttime="20230223 18:57:08.405" endtime="20230223 18:57:08.413"></status>
</kw>
<kw name="Log" library="BuiltIn">
<doc>Logs the given message with the given level.</doc>
<arguments>
<arg>${adb_res}</arg>
</arguments>
<msg timestamp="20230223 18:57:08.413" level="INFO">True</msg>
<status status="PASS" starttime="20230223 18:57:08.413" endtime="20230223 18:57:08.413"></status>
</kw>
<kw name="Run Keyword If" library="BuiltIn">
<doc>Runs the given keyword with the given arguments, if ``condition`` is true.</doc>
<arguments>
<arg>${adb_res} == True</arg>
<arg>Log To Console</arg>
<arg>${msg}</arg>
<arg>ELSE</arg>
<arg>device_logging</arg>
<arg>${yamlData}</arg>
<arg>${TEST NAME}</arg>
<arg>$${log_type}</arg>
<arg>RESTART</arg>
</arguments>
<kw name="Log To Console" library="BuiltIn">
<doc>Logs the given message to the console.</doc>
<arguments>
<arg>${msg}</arg>
</arguments>
<status status="PASS" starttime="20230223 18:57:08.421" endtime="20230223 18:57:08.421"></status>
</kw>
<status status="PASS" starttime="20230223 18:57:08.421" endtime="20230223 18:57:08.421"></status>
</kw>
<kw name="Should Be True" library="BuiltIn">
<doc>Fails if the given condition is not true.</doc>
<arguments>
<arg>${adb_res}</arg>
<arg>msg=${msg}</arg>
</arguments>
<status status="PASS" starttime="20230223 18:57:08.426" endtime="20230223 18:57:08.426"></status>
</kw>
<status status="PASS" starttime="20230223 18:47:16.062" endtime="20230223 18:57:08.426"></status>
</kw>
<kw name="Run Keywords" library="BuiltIn" type="teardown">
<doc>Executes all the given keywords in a sequence.</doc>
<arguments>
<arg>Stop Device Log</arg>
<arg>${yamlData}</arg>
<arg>${log_type}</arg>
<arg>AND</arg>
<arg>Remove Log Handler</arg>
</arguments>
<kw name="Stop device Log" library="res_common">
<arguments>
<arg>${yamlData}</arg>
<arg>${log_type}</arg>
</arguments>
<kw name="Log To Console" library="BuiltIn">
<doc>Logs the given message to the console.</doc>
<arguments>
<arg>"Stopping Modem Logs"</arg>
</arguments>
<status status="PASS" starttime="20230223 18:57:08.430" endtime="20230223 18:57:08.430"></status>
</kw>
<kw name="Device Logging" library="device_reports">
<arguments>
<arg>${yamlData}</arg>
<arg>${TEST NAME}</arg>
<arg>${log_type}</arg>
<arg>STOP</arg>
</arguments>
<msg timestamp="20230223 18:57:08.435" level="INFO">92KAY01TTW</msg>
<status status="PASS" starttime="20230223 18:57:08.435" endtime="20230223 18:57:08.435"></status>
</kw>
<status status="PASS" starttime="20230223 18:57:08.430" endtime="20230223 18:57:08.435"></status>
</kw>
<kw name="Remove Log Handler" library="res_common">
<kw name="Remove Script Log Handler" library="common_log">
<doc>Removes all the logging handlers
:return: None</doc>
<msg timestamp="20230223 18:57:08.437" level="INFO">[&lt;RobotHandler (NOTSET)&gt;, &lt;StreamHandler (NOTSET)&gt;, &lt;FileHandler C:\Users\swatipat\Downloads\MAIN_GATS_CODE\GATS_Django_Framework\results\logs\Cellular_GATS_Integration\milestone1\786555\Pixel2_10_Google\LIVE_LTE_SS_STAB\TC_bluetooth_wifi_on_off_10times\iteration_1\TC_bluetooth_wifi_on_off_10times (DEBUG)&gt;]</msg>
<status status="PASS" starttime="20230223 18:57:08.437" endtime="20230223 18:57:08.437"></status>
</kw>
<status status="PASS" starttime="20230223 18:57:08.435" endtime="20230223 18:57:08.440"></status>
</kw>
<status status="PASS" starttime="20230223 18:57:08.430" endtime="20230223 18:57:08.440"></status>
</kw>
<doc>Performing Delta Testcases 500</doc>
<tags>
<tag>TC_bluetooth_wifi_on_off_10times</tag>
</tags>
<timeout value="1 hour 5 minutes"></timeout>
<status status="PASS" starttime="20230223 18:47:15.967" endtime="20230223 18:57:08.440" critical="yes"></status>
</test>
<kw name="Run Keyword" library="BuiltIn" type="teardown">
<doc>Executes the given keyword with the given arguments.</doc>
<arguments>
<arg>Fill Excel</arg>
<arg>${log_type}</arg>
</arguments>
<kw name="Fill Excel" library="res_common">
<arguments>
<arg>${log_type}</arg>
</arguments>
<kw name="Log" library="BuiltIn">
<doc>Logs the given message with the given level.</doc>
<arguments>
<arg>"Creating Excel Sheet"</arg>
</arguments>
<msg timestamp="20230223 18:57:08.508" level="INFO">"Creating Excel Sheet"</msg>
<status status="PASS" starttime="20230223 18:57:08.508" endtime="20230223 18:57:08.508"></status>
</kw>
<kw name="Create Excel" library="excel_sheet">
<arguments>
<arg>${log_type}</arg>
</arguments>
<msg timestamp="20230223 18:57:08.562" level="INFO">['C:\\Users\\swatipat\\Downloads\\MAIN_GATS_CODE\\GATS_Django_Framework\\results\\logs\\Cellular_GATS_Integration\\milestone1\\786555\\Pixel2_10_Google\\LIVE_LTE_SS_STAB\\TC_bluetooth_wifi_on_off_10times\\iteration_1/../']</msg>
<status status="PASS" starttime="20230223 18:57:08.508" endtime="20230223 18:57:08.562"></status>
</kw>
<status status="PASS" starttime="20230223 18:57:08.508" endtime="20230223 18:57:08.562"></status>
</kw>
<status status="PASS" starttime="20230223 18:57:08.508" endtime="20230223 18:57:08.562"></status>
</kw>
<status status="PASS" starttime="20230223 18:47:11.576" endtime="20230223 18:57:08.562"></status>
</suite>
<status status="PASS" starttime="20230223 18:47:11.548" endtime="20230223 18:57:08.562"></status>
</suite>
<statistics>
<total>
<stat pass="1" fail="0">Critical Tests</stat>
<stat pass="1" fail="0">All Tests</stat>
</total>
<tag>
<stat pass="1" fail="0">TC_bluetooth_wifi_on_off_10times</stat>
</tag>
<suite>
<stat pass="1" fail="0" id="s1" name="Robot Scripts">Robot Scripts</stat>
<stat pass="1" fail="0" id="s1-s1" name="LIVE LTE SS STAB">Robot Scripts.LIVE LTE SS STAB</stat>
</suite>
</statistics>
<errors>
</errors>
</robot>
