<?xml version="1.0" encoding="UTF-8"?>
<robot generator="Robot 3.1.1 (Python 3.10.5 on win32)" generated="20220809 17:57:19.982" rpa="false">
<suite id="s1" name="Robot Scripts" source="C:\Users\ackulkar\Documents\Projects\DjangoGatsFramework\scripts\robot_scripts">
<suite id="s1-s1" name="LIVE LTE SS STAB" source="C:\Users\ackulkar\Documents\Projects\DjangoGatsFramework\scripts\robot_scripts\LIVE_LTE_SS_STAB.robot">
<test id="s1-s1-t1" name="TC_023_LIVE_LTE_SS_STAB_WIFI_UPD_APP">
<kw name="Run Keywords" library="BuiltIn" type="setup">
<doc>Executes all the given keywords in a sequence.</doc>
<arguments>
<arg>Setup Log</arg>
<arg>${dict.project}</arg>
<arg>${dict.milestone}</arg>
<arg>${dict.session}</arg>
<arg>${dict.device}</arg>
<arg>${dict.iter}</arg>
<arg>LIVE_LTE_SS_STAB</arg>
<arg>@{TEST TAGS}</arg>
<arg>AND</arg>
<arg>Start Device Log</arg>
<arg>${yamlData}</arg>
<arg>${log_type}</arg>
</arguments>
<kw name="Setup Log" library="res_common">
<arguments>
<arg>${dict.project}</arg>
<arg>${dict.milestone}</arg>
<arg>${dict.session}</arg>
<arg>${dict.device}</arg>
<arg>${dict.iter}</arg>
<arg>LIVE_LTE_SS_STAB</arg>
<arg>@{TEST TAGS}</arg>
</arguments>
<kw name="Setup Logging" library="common_log">
<doc>Generates script level logs
:param project: Project name
:param milestone: Milestone name
:param session: Session name
:param device: Device name
:param suite: Suite name
:param auto_id: Automation id(test case id)
:return: h.vinay@globaledgesoft.com</doc>
<arguments>
<arg>${arg1}</arg>
<arg>${arg2}</arg>
<arg>${arg3}</arg>
<arg>${arg4}</arg>
<arg>${arg5}</arg>
<arg>${arg6}</arg>
<arg>${arg7}</arg>
</arguments>
<msg timestamp="20220809 17:57:24.705" level="INFO">executing setup logging</msg>
<msg timestamp="20220809 17:57:24.705" level="INFO">Filename:TC_023_LIVE_LTE_SS_STAB_WIFI_UPD_APP</msg>
<msg timestamp="20220809 17:57:24.707" level="INFO">Logging has been setup</msg>
<msg timestamp="20220809 17:57:24.707" level="INFO">Inside common log: Cellular_GATS_Integration milestone1 4002 Pixel3a_12_12 iteration_1 LIVE_LTE_SS_STAB TC_023_LIVE_LTE_SS_STAB_WIFI_UPD_APP
Inside log_utils_setup Cellular_GATS_Integration milestone1 4002 Pixel3a_12_12 LIVE_LTE_SS_STAB TC_023_LIVE_LTE_SS_STAB_WIFI_UPD_APP iteration_1
session_dir:Cellular_GATS_Integration\milestone1\4002
device:Pixel3a_12_12
suite:LIVE_LTE_SS_STAB
file_name:TC_023_LIVE_LTE_SS_STAB_WIFI_UPD_APP
iteration:iteration_1
log_directory:C:\Users\ackulkar\Documents\Projects\DjangoGatsFramework\results\logs\Cellular_GATS_Integration\milestone1\4002\Pixel3a_12_12\LIVE_LTE_SS_STAB\TC_023_LIVE_LTE_SS_STAB_WIFI_UPD_APP\iteration_1
[log_utils] setup_logging 79 INFO Logging has been setup</msg>
<status status="PASS" starttime="20220809 17:57:24.704" endtime="20220809 17:57:24.707"></status>
</kw>
<status status="PASS" starttime="20220809 17:57:24.702" endtime="20220809 17:57:24.707"></status>
</kw>
<kw name="Start device Log" library="res_common">
<arguments>
<arg>${yamlData}</arg>
<arg>${log_type}</arg>
</arguments>
<kw name="Update The Ymal" library="common_functions">
<arguments>
<arg>${yamlData}</arg>
</arguments>
<assign>
<var>${yamlData}</var>
</assign>
<msg timestamp="20220809 17:57:24.765" level="INFO">${yamlData} = {'common_args': {'Call_duration': 10, 'HTTPS_LINKS': ['https://play.google.com/store/apps/details?id=com.asteor.synergita&amp;hl=TRs', 'https://play.google.com/store/apps/details?id=com.poly.live&amp;hl=TRs',...</msg>
<status status="PASS" starttime="20220809 17:57:24.709" endtime="20220809 17:57:24.765"></status>
</kw>
<kw name="Log To Console" library="BuiltIn">
<doc>Logs the given message to the console.</doc>
<arguments>
<arg>"Starting Modem Logs"</arg>
</arguments>
<status status="PASS" starttime="20220809 17:57:24.767" endtime="20220809 17:57:24.768"></status>
</kw>
<kw name="Device Logging" library="device_reports">
<arguments>
<arg>${yamlData}</arg>
<arg>${TEST NAME}</arg>
<arg>${log_type}</arg>
<arg>START</arg>
</arguments>
<msg timestamp="20220809 17:57:24.770" level="INFO">a15b28cf</msg>
<status status="PASS" starttime="20220809 17:57:24.770" endtime="20220809 17:57:24.771"></status>
</kw>
<status status="PASS" starttime="20220809 17:57:24.707" endtime="20220809 17:57:24.771"></status>
</kw>
<status status="PASS" starttime="20220809 17:57:24.701" endtime="20220809 17:57:24.771"></status>
</kw>
<kw name="LIVE_SS__1" library="res_common">
<arguments>
<arg>TC_023_LIVE_LTE_SS_STAB_WIFI_UPD_APP</arg>
<arg>${yamlData}</arg>
<arg>${log_type}</arg>
</arguments>
<kw name="Log To Console" library="BuiltIn">
<doc>Logs the given message to the console.</doc>
<arguments>
<arg>SS__1</arg>
</arguments>
<status status="PASS" starttime="20220809 17:57:24.773" endtime="20220809 17:57:24.775"></status>
</kw>
<kw name="SS 1" library="TC_023_LIVE_LTE_SS_STAB_WIFI_UPD_APP">
<arguments>
<arg>${tst}</arg>
<arg>${yamlData}</arg>
</arguments>
<assign>
<var>${adb_res}</var>
<var>${msg}</var>
</assign>
<msg timestamp="20220809 17:57:25.114" level="INFO">validating SS sim status</msg>
<msg timestamp="20220809 17:57:25.330" level="INFO">validating SS sim successful for a15b28cf</msg>
<msg timestamp="20220809 17:57:25.331" level="INFO">Enabling wifi</msg>
<msg timestamp="20220809 17:57:52.232" level="INFO">wifi is enabled successfully</msg>
<msg timestamp="20220809 17:57:52.233" level="INFO">updating all apps</msg>
<msg timestamp="20220809 18:03:10.837" level="INFO">[36m[D 220809 17:57:29 __init__:661][39m [pid:15864] [a15b28cf] kill process(ps): uiautomator
[36m[D 220809 17:57:29 __init__:392][39m [pid:15864] [a15b28cf] Install app-uiautomator.apk
[36m[D 220809 17:57:41 __init__:392][39m [pid:15864] [a15b28cf] Install app-uiautomator-test.apk
[36m[D 220809 17:57:48 __init__:682][39m [pid:15864] [a15b28cf] uiautomator-v2 is starting ... left: 40.0s
[36m[D 220809 17:57:49 __init__:682][39m [pid:15864] [a15b28cf] uiautomator-v2 is starting ... left: 39.0s
[36m[D 220809 17:57:50 __init__:682][39m [pid:15864] [a15b28cf] uiautomator-v2 is starting ... left: 37.9s
[36m[D 220809 17:57:51 __init__:696][39m [pid:15864] [a15b28cf] show float window
[36m[D 220809 17:57:52 __init__:682][39m [pid:15864] [a15b28cf] uiautomator-v2 is starting ... left: 36.7s
[32m[I 220809 17:57:52 __init__:643][39m [pid:15864] [a15b28cf] uiautomator back to normal
[32m[I 220809 18:02:57 __init__:293][39m [pid:15864] [a15b28cf] USB disconnected, fallback to WiFi, ATX_AGENT_URL=http://172.16.20.8:7912
[32m[I 220809 18:02:59 __init__:362][39m [pid:15864] [a15b28cf] wait-for-device, time left(3.0s)
[32m[I 220809 18:03:00 __init__:362][39m [pid:15864] [a15b28cf] wait-for-device, time left(2.0s)
[32m[I 220809 18:03:01 __init__:362][39m [pid:15864] [a15b28cf] wait-for-device, time left(1.0s)
[32m[I 220809 18:03:02 __init__:293][39m [pid:15864] [a15b28cf] USB disconnected, fallback to WiFi, ATX_AGENT_URL=http://172.16.20.8:7912
[32m[I 220809 18:03:05 __init__:293][39m [pid:15864] [a15b28cf] USB disconnected, fallback to WiFi, ATX_AGENT_URL=http://172.16.20.8:7912
[32m[I 220809 18:03:07 __init__:362][39m [pid:15864] [a15b28cf] wait-for-device, time left(3.0s)
[32m[I 220809 18:03:08 __init__:362][39m [pid:15864] [a15b28cf] wait-for-device, time left(2.0s)
[32m[I 220809 18:03:09 __init__:362][39m [pid:15864] [a15b28cf] wait-for-device, time left(1.0s)</msg>
<msg timestamp="20220809 18:03:10.845" level="FAIL">USB device a15b28cf is offline</msg>
<status status="FAIL" starttime="20220809 17:57:24.777" endtime="20220809 18:03:10.846"></status>
</kw>
<status status="FAIL" starttime="20220809 17:57:24.771" endtime="20220809 18:03:10.847"></status>
</kw>
<kw name="Run Keywords" library="BuiltIn" type="teardown">
<doc>Executes all the given keywords in a sequence.</doc>
<arguments>
<arg>Stop Device Log</arg>
<arg>${yamlData}</arg>
<arg>${log_type}</arg>
<arg>AND</arg>
<arg>Remove Log Handler</arg>
</arguments>
<kw name="Stop device Log" library="res_common">
<arguments>
<arg>${yamlData}</arg>
<arg>${log_type}</arg>
</arguments>
<kw name="Log To Console" library="BuiltIn">
<doc>Logs the given message to the console.</doc>
<arguments>
<arg>"Stopping Modem Logs"</arg>
</arguments>
<status status="PASS" starttime="20220809 18:03:10.854" endtime="20220809 18:03:10.854"></status>
</kw>
<kw name="Device Logging" library="device_reports">
<arguments>
<arg>${yamlData}</arg>
<arg>${TEST NAME}</arg>
<arg>${log_type}</arg>
<arg>STOP</arg>
</arguments>
<msg timestamp="20220809 18:03:10.858" level="INFO">a15b28cf</msg>
<status status="PASS" starttime="20220809 18:03:10.858" endtime="20220809 18:03:10.858"></status>
</kw>
<status status="PASS" starttime="20220809 18:03:10.851" endtime="20220809 18:03:10.858"></status>
</kw>
<kw name="Remove Log Handler" library="res_common">
<kw name="Remove Script Log Handler" library="common_log">
<doc>Removes all the logging handlers
:return: None</doc>
<msg timestamp="20220809 18:03:10.869" level="INFO">[&lt;RobotHandler (NOTSET)&gt;, &lt;StreamHandler (NOTSET)&gt;, &lt;FileHandler C:\Users\ackulkar\Documents\Projects\DjangoGatsFramework\results\logs\Cellular_GATS_Integration\milestone1\4002\Pixel3a_12_12\LIVE_LTE_SS_STAB\TC_023_LIVE_LTE_SS_STAB_WIFI_UPD_APP\iteration_1\TC_023_LIVE_LTE_SS_STAB_WIFI_UPD_APP_20220809-175724 (DEBUG)&gt;]</msg>
<status status="PASS" starttime="20220809 18:03:10.868" endtime="20220809 18:03:10.870"></status>
</kw>
<status status="PASS" starttime="20220809 18:03:10.858" endtime="20220809 18:03:10.871"></status>
</kw>
<status status="PASS" starttime="20220809 18:03:10.851" endtime="20220809 18:03:10.871"></status>
</kw>
<doc>Performing Delta Testcases 1</doc>
<tags>
<tag>TC_023_LIVE_LTE_SS_STAB_WIFI_UPD_APP</tag>
</tags>
<timeout value="1 hour 5 minutes"></timeout>
<status status="FAIL" starttime="20220809 17:57:24.692" endtime="20220809 18:03:10.871" critical="yes">USB device a15b28cf is offline</status>
</test>
<kw name="Run Keyword" library="BuiltIn" type="teardown">
<doc>Executes the given keyword with the given arguments.</doc>
<arguments>
<arg>Fill Excel</arg>
<arg>${log_type}</arg>
</arguments>
<kw name="Fill Excel" library="res_common">
<arguments>
<arg>${log_type}</arg>
</arguments>
<kw name="Log" library="BuiltIn">
<doc>Logs the given message with the given level.</doc>
<arguments>
<arg>"Creating Excel Sheet"</arg>
</arguments>
<msg timestamp="20220809 18:03:11.033" level="INFO">"Creating Excel Sheet"</msg>
<status status="PASS" starttime="20220809 18:03:11.033" endtime="20220809 18:03:11.033"></status>
</kw>
<kw name="Create Excel" library="excel_sheet">
<arguments>
<arg>${log_type}</arg>
</arguments>
<msg timestamp="20220809 18:03:11.126" level="INFO">[]</msg>
<status status="PASS" starttime="20220809 18:03:11.037" endtime="20220809 18:03:11.129"></status>
</kw>
<status status="PASS" starttime="20220809 18:03:11.026" endtime="20220809 18:03:11.129"></status>
</kw>
<status status="PASS" starttime="20220809 18:03:11.026" endtime="20220809 18:03:11.129"></status>
</kw>
<status status="FAIL" starttime="20220809 17:57:20.014" endtime="20220809 18:03:11.129"></status>
</suite>
<status status="FAIL" starttime="20220809 17:57:19.989" endtime="20220809 18:03:11.136"></status>
</suite>
<statistics>
<total>
<stat pass="0" fail="1">Critical Tests</stat>
<stat pass="0" fail="1">All Tests</stat>
</total>
<tag>
<stat pass="0" fail="1">TC_023_LIVE_LTE_SS_STAB_WIFI_UPD_APP</stat>
</tag>
<suite>
<stat pass="0" fail="1" id="s1" name="Robot Scripts">Robot Scripts</stat>
<stat pass="0" fail="1" id="s1-s1" name="LIVE LTE SS STAB">Robot Scripts.LIVE LTE SS STAB</stat>
</suite>
</statistics>
<errors>
</errors>
</robot>
