<?xml version="1.0" encoding="UTF-8"?>
<robot generator="Robot 3.1.1 (Python 3.10.5 on win32)" generated="20220809 19:32:40.959" rpa="false">
<suite id="s1" name="Robot Scripts" source="C:\Users\ackulkar\Documents\Projects\DjangoGatsFramework\scripts\robot_scripts">
<suite id="s1-s1" name="MQTT" source="C:\Users\ackulkar\Documents\Projects\DjangoGatsFramework\scripts\robot_scripts\MQTT.robot">
<test id="s1-s1-t1" name="TC_MQTT_CONNECT_001">
<kw name="Run Keywords" library="BuiltIn" type="setup">
<doc>Executes all the given keywords in a sequence.</doc>
<arguments>
<arg>Setup Log</arg>
<arg>${dict.project}</arg>
<arg>${dict.milestone}</arg>
<arg>${dict.session}</arg>
<arg>${dict.device}</arg>
<arg>${dict.iter}</arg>
<arg>MQTT</arg>
<arg>@{TEST TAGS}</arg>
<arg>AND</arg>
<arg>Start Device Log</arg>
<arg>${yamlData}</arg>
<arg>${log_type}</arg>
</arguments>
<kw name="Setup Log" library="res_common">
<arguments>
<arg>${dict.project}</arg>
<arg>${dict.milestone}</arg>
<arg>${dict.session}</arg>
<arg>${dict.device}</arg>
<arg>${dict.iter}</arg>
<arg>MQTT</arg>
<arg>@{TEST TAGS}</arg>
</arguments>
<kw name="Setup Logging" library="common_log">
<doc>Generates script level logs
:param project: Project name
:param milestone: Milestone name
:param session: Session name
:param device: Device name
:param suite: Suite name
:param auto_id: Automation id(test case id)
:return: h.vinay@globaledgesoft.com</doc>
<arguments>
<arg>${arg1}</arg>
<arg>${arg2}</arg>
<arg>${arg3}</arg>
<arg>${arg4}</arg>
<arg>${arg5}</arg>
<arg>${arg6}</arg>
<arg>${arg7}</arg>
</arguments>
<msg timestamp="20220809 19:32:46.011" level="INFO">executing setup logging</msg>
<msg timestamp="20220809 19:32:46.011" level="INFO">Filename:TC_MQTT_CONNECT_001</msg>
<msg timestamp="20220809 19:32:46.013" level="INFO">Logging has been setup</msg>
<msg timestamp="20220809 19:32:46.014" level="INFO">Inside common log: GATS_IOT_PROJECT milestone1 229 BG96_12_12 iteration_1 MQTT TC_MQTT_CONNECT_001
Inside log_utils_setup GATS_IOT_PROJECT milestone1 229 BG96_12_12 MQTT TC_MQTT_CONNECT_001 iteration_1
session_dir:GATS_IOT_PROJECT\milestone1\229
device:BG96_12_12
suite:MQTT
file_name:TC_MQTT_CONNECT_001
iteration:iteration_1
log_directory:C:\Users\ackulkar\Documents\Projects\DjangoGatsFramework\results\logs\GATS_IOT_PROJECT\milestone1\229\BG96_12_12\MQTT\TC_MQTT_CONNECT_001\iteration_1
[log_utils] setup_logging 79 INFO Logging has been setup</msg>
<status status="PASS" starttime="20220809 19:32:46.011" endtime="20220809 19:32:46.014"></status>
</kw>
<status status="PASS" starttime="20220809 19:32:46.008" endtime="20220809 19:32:46.014"></status>
</kw>
<kw name="Start device Log" library="res_common">
<arguments>
<arg>${yamlData}</arg>
<arg>${log_type}</arg>
</arguments>
<kw name="Update The Ymal" library="common_functions">
<arguments>
<arg>${yamlData}</arg>
</arguments>
<assign>
<var>${yamlData}</var>
</assign>
<msg timestamp="20220809 19:32:46.017" level="INFO">{'deviceName': 'BG96', 'macId': '00:1B:44:11:3A:B7', 'mileStoneName': 'milestone1', 'serialId': 'NA', 'testCase': [{'TC_MQTT_CONNECT_001': 1}], 'testRunId': 26, 'testcase_config': {'TC_MQTT_CONNECT_001': {'ClientID': '12345678', 'Flags': 198, 'KeepAlive': 60, 'Password': '123467', 'Port': 1883, 'ProtoName': 'MQTT', 'ProtoVersion': 6, 'TCP_IP': 'localhost', 'Username': 'Globaledge', 'WillMsg': 'On', 'WillTopic': 'home/global/cellular'}}}</msg>
<msg timestamp="20220809 19:32:46.017" level="INFO">${yamlData} = {'deviceName': 'BG96', 'macId': '00:1B:44:11:3A:B7', 'mileStoneName': 'milestone1', 'serialId': 'NA', 'testCase': [{'TC_MQTT_CONNECT_001': 1}], 'testRunId': 26, 'testcase_config': {'TC_MQTT_CONNECT_00...</msg>
<status status="PASS" starttime="20220809 19:32:46.017" endtime="20220809 19:32:46.017"></status>
</kw>
<kw name="Log To Console" library="BuiltIn">
<doc>Logs the given message to the console.</doc>
<arguments>
<arg>"Starting Modem Logs"</arg>
</arguments>
<status status="PASS" starttime="20220809 19:32:46.020" endtime="20220809 19:32:46.021"></status>
</kw>
<kw name="Device Logging" library="device_reports">
<arguments>
<arg>${yamlData}</arg>
<arg>${TEST NAME}</arg>
<arg>${log_type}</arg>
<arg>START</arg>
</arguments>
<status status="PASS" starttime="20220809 19:32:46.024" endtime="20220809 19:32:46.024"></status>
</kw>
<status status="PASS" starttime="20220809 19:32:46.014" endtime="20220809 19:32:46.024"></status>
</kw>
<status status="PASS" starttime="20220809 19:32:46.008" endtime="20220809 19:32:46.024"></status>
</kw>
<kw name="Mqtt 01" library="TC_MQTT_CONNECT_01">
<arguments>
<arg>TC_MQTT_CONNECT_001</arg>
<arg>${yamlData}</arg>
</arguments>
<assign>
<var>${adb_res}</var>
<var>${msg}</var>
</assign>
<msg timestamp="20220809 19:32:48.058" level="INFO">Hello</msg>
<msg timestamp="20220809 19:32:48.059" level="INFO">${adb_res} = False</msg>
<msg timestamp="20220809 19:32:48.061" level="INFO">${msg} = Failures</msg>
<status status="PASS" starttime="20220809 19:32:46.027" endtime="20220809 19:32:48.062"></status>
</kw>
<kw name="Fetch Result" library="device_reports">
<arguments>
<arg>${TEST NAME}</arg>
<arg>${adb_res}</arg>
<arg>${msg}</arg>
</arguments>
<status status="PASS" starttime="20220809 19:32:48.075" endtime="20220809 19:32:48.080"></status>
</kw>
<kw name="Should Be True" library="BuiltIn">
<doc>Fails if the given condition is not true.</doc>
<arguments>
<arg>${adb_res}</arg>
<arg>msg=${msg}</arg>
</arguments>
<msg timestamp="20220809 19:32:48.093" level="FAIL">Failures</msg>
<status status="FAIL" starttime="20220809 19:32:48.091" endtime="20220809 19:32:48.093"></status>
</kw>
<kw name="Run Keywords" library="BuiltIn" type="teardown">
<doc>Executes all the given keywords in a sequence.</doc>
<arguments>
<arg>Stop Device Log</arg>
<arg>${yamlData}</arg>
<arg>${log_type}</arg>
<arg>AND</arg>
<arg>Remove Log Handler</arg>
</arguments>
<kw name="Stop device Log" library="res_common">
<arguments>
<arg>${yamlData}</arg>
<arg>${log_type}</arg>
</arguments>
<kw name="Log To Console" library="BuiltIn">
<doc>Logs the given message to the console.</doc>
<arguments>
<arg>"Stopping Modem Logs"</arg>
</arguments>
<status status="PASS" starttime="20220809 19:32:48.113" endtime="20220809 19:32:48.116"></status>
</kw>
<kw name="Device Logging" library="device_reports">
<arguments>
<arg>${yamlData}</arg>
<arg>${TEST NAME}</arg>
<arg>${log_type}</arg>
<arg>STOP</arg>
</arguments>
<status status="PASS" starttime="20220809 19:32:48.124" endtime="20220809 19:32:48.125"></status>
</kw>
<status status="PASS" starttime="20220809 19:32:48.105" endtime="20220809 19:32:48.126"></status>
</kw>
<kw name="Remove Log Handler" library="res_common">
<kw name="Remove Script Log Handler" library="common_log">
<doc>Removes all the logging handlers
:return: None</doc>
<msg timestamp="20220809 19:32:48.138" level="INFO">[&lt;RobotHandler (NOTSET)&gt;, &lt;StreamHandler (NOTSET)&gt;, &lt;FileHandler C:\Users\ackulkar\Documents\Projects\DjangoGatsFramework\results\logs\GATS_IOT_PROJECT\milestone1\229\BG96_12_12\MQTT\TC_MQTT_CONNECT_001\iteration_1\TC_MQTT_CONNECT_001_20220809-193246 (DEBUG)&gt;]</msg>
<status status="PASS" starttime="20220809 19:32:48.134" endtime="20220809 19:32:48.142"></status>
</kw>
<status status="PASS" starttime="20220809 19:32:48.126" endtime="20220809 19:32:48.142"></status>
</kw>
<status status="PASS" starttime="20220809 19:32:48.101" endtime="20220809 19:32:48.143"></status>
</kw>
<doc>Performing Delta Testcases 1</doc>
<tags>
<tag>TC_MQTT_CONNECT_001</tag>
</tags>
<status status="FAIL" starttime="20220809 19:32:45.999" endtime="20220809 19:32:48.143" critical="yes">Failures</status>
</test>
<kw name="Run Keyword" library="BuiltIn" type="teardown">
<doc>Executes the given keyword with the given arguments.</doc>
<arguments>
<arg>Fill Excel</arg>
<arg>${log_type}</arg>
</arguments>
<kw name="Fill Excel" library="res_common">
<arguments>
<arg>${log_type}</arg>
</arguments>
<kw name="Log" library="BuiltIn">
<doc>Logs the given message with the given level.</doc>
<arguments>
<arg>"Creating Excel Sheet"</arg>
</arguments>
<msg timestamp="20220809 19:32:48.331" level="INFO">"Creating Excel Sheet"</msg>
<status status="PASS" starttime="20220809 19:32:48.330" endtime="20220809 19:32:48.331"></status>
</kw>
<kw name="Create Excel" library="excel_sheet">
<arguments>
<arg>${log_type}</arg>
</arguments>
<msg timestamp="20220809 19:32:48.431" level="INFO">['C:\\Users\\ackulkar\\Documents\\Projects\\DjangoGatsFramework\\results\\logs\\GATS_IOT_PROJECT\\milestone1\\229\\BG96_12_12\\MQTT\\TC_MQTT_CONNECT_001\\iteration_1/../']</msg>
<status status="PASS" starttime="20220809 19:32:48.333" endtime="20220809 19:32:48.431"></status>
</kw>
<status status="PASS" starttime="20220809 19:32:48.325" endtime="20220809 19:32:48.431"></status>
</kw>
<status status="PASS" starttime="20220809 19:32:48.323" endtime="20220809 19:32:48.432"></status>
</kw>
<status status="FAIL" starttime="20220809 19:32:40.990" endtime="20220809 19:32:48.432"></status>
</suite>
<status status="FAIL" starttime="20220809 19:32:40.963" endtime="20220809 19:32:48.434"></status>
</suite>
<statistics>
<total>
<stat pass="0" fail="1">Critical Tests</stat>
<stat pass="0" fail="1">All Tests</stat>
</total>
<tag>
<stat pass="0" fail="1">TC_MQTT_CONNECT_001</stat>
</tag>
<suite>
<stat pass="0" fail="1" id="s1" name="Robot Scripts">Robot Scripts</stat>
<stat pass="0" fail="1" id="s1-s1" name="MQTT">Robot Scripts.MQTT</stat>
</suite>
</statistics>
<errors>
</errors>
</robot>
