<?xml version="1.0" encoding="UTF-8"?>
<robot generator="Robot 3.1.1 (Python 3.10.9 on win32)" generated="20230206 16:21:39.069" rpa="false">
<suite id="s1" name="Robot Scripts" source="C:\Users\swatipat\Downloads\MAIN_GATS_CODE\GATS_Django_Framework\scripts\robot_scripts">
<suite id="s1-s1" name="LIVE LTE SS STAB" source="C:\Users\swatipat\Downloads\MAIN_GATS_CODE\GATS_Django_Framework\scripts\robot_scripts\LIVE_LTE_SS_STAB.robot">
<test id="s1-s1-t1" name="TC_072_LIVE_LTE_SS_STAB_APM_FM">
<kw name="Run Keywords" library="BuiltIn" type="setup">
<doc>Executes all the given keywords in a sequence.</doc>
<arguments>
<arg>Setup Log</arg>
<arg>${dict.project}</arg>
<arg>${dict.milestone}</arg>
<arg>${dict.session}</arg>
<arg>${dict.device}</arg>
<arg>${dict.iter}</arg>
<arg>LIVE_LTE_SS_STAB</arg>
<arg>@{TEST TAGS}</arg>
<arg>AND</arg>
<arg>Start Device Log</arg>
<arg>${yamlData}</arg>
<arg>${log_type}</arg>
</arguments>
<kw name="Setup Log" library="res_common">
<arguments>
<arg>${dict.project}</arg>
<arg>${dict.milestone}</arg>
<arg>${dict.session}</arg>
<arg>${dict.device}</arg>
<arg>${dict.iter}</arg>
<arg>LIVE_LTE_SS_STAB</arg>
<arg>@{TEST TAGS}</arg>
</arguments>
<kw name="Setup Logging" library="common_log">
<doc>Generates script level logs
:param project: Project name
:param milestone: Milestone name
:param session: Session name
:param device: Device name
:param suite: Suite name
:param auto_id: Automation id(test case id)
:return: h.vinay@globaledgesoft.com</doc>
<arguments>
<arg>${arg1}</arg>
<arg>${arg2}</arg>
<arg>${arg3}</arg>
<arg>${arg4}</arg>
<arg>${arg5}</arg>
<arg>${arg6}</arg>
<arg>${arg7}</arg>
</arguments>
<msg timestamp="20230206 16:21:42.553" level="INFO">executing setup logging</msg>
<msg timestamp="20230206 16:21:42.553" level="INFO">Filename:TC_072_LIVE_LTE_SS_STAB_APM_FM</msg>
<msg timestamp="20230206 16:21:42.553" level="INFO">Logging has been setup</msg>
<msg timestamp="20230206 16:21:42.553" level="INFO">Inside common log: Cellular_GATS_Integration milestone1 123445678 Pixel3a_10_Google iteration_1 LIVE_LTE_SS_STAB TC_072_LIVE_LTE_SS_STAB_APM_FM
Inside log_utils_setup Cellular_GATS_Integration milestone1 123445678 Pixel3a_10_Google LIVE_LTE_SS_STAB TC_072_LIVE_LTE_SS_STAB_APM_FM iteration_1
session_dir:Cellular_GATS_Integration\milestone1\123445678
device:Pixel3a_10_Google
suite:LIVE_LTE_SS_STAB
file_name:TC_072_LIVE_LTE_SS_STAB_APM_FM
iteration:iteration_1
log_directory:C:\Users\swatipat\Downloads\MAIN_GATS_CODE\GATS_Django_Framework\results\logs\Cellular_GATS_Integration\milestone1\123445678\Pixel3a_10_Google\LIVE_LTE_SS_STAB\TC_072_LIVE_LTE_SS_STAB_APM_FM\iteration_1
[log_utils] setup_logging 80 INFO Logging has been setup</msg>
<status status="PASS" starttime="20230206 16:21:42.553" endtime="20230206 16:21:42.553"></status>
</kw>
<status status="PASS" starttime="20230206 16:21:42.553" endtime="20230206 16:21:42.553"></status>
</kw>
<kw name="Start device Log" library="res_common">
<arguments>
<arg>${yamlData}</arg>
<arg>${log_type}</arg>
</arguments>
<kw name="Update The Ymal" library="common_functions">
<arguments>
<arg>${yamlData}</arg>
</arguments>
<assign>
<var>${yamlData}</var>
</assign>
<msg timestamp="20230206 16:21:42.607" level="INFO">${yamlData} = {'common_args': {'Call_duration': 10, 'HTTPS_LINKS': ['https://play.google.com/store/apps/details?id=com.asteor.synergita&amp;hl=TRs', 'https://play.google.com/store/apps/details?id=com.poly.live&amp;hl=TRs',...</msg>
<status status="PASS" starttime="20230206 16:21:42.553" endtime="20230206 16:21:42.607"></status>
</kw>
<kw name="Log To Console" library="BuiltIn">
<doc>Logs the given message to the console.</doc>
<arguments>
<arg>"Starting Modem Logs"</arg>
</arguments>
<status status="PASS" starttime="20230206 16:21:42.607" endtime="20230206 16:21:42.607"></status>
</kw>
<kw name="Device Logging" library="device_reports">
<arguments>
<arg>${yamlData}</arg>
<arg>${TEST NAME}</arg>
<arg>${log_type}</arg>
<arg>START</arg>
</arguments>
<msg timestamp="20230206 16:21:42.607" level="INFO">92KAY01TTW</msg>
<status status="PASS" starttime="20230206 16:21:42.607" endtime="20230206 16:21:42.607"></status>
</kw>
<status status="PASS" starttime="20230206 16:21:42.553" endtime="20230206 16:21:42.607"></status>
</kw>
<status status="PASS" starttime="20230206 16:21:42.553" endtime="20230206 16:21:42.607"></status>
</kw>
<kw name="LIVE_SS__36" library="res_common">
<arguments>
<arg>TC_072_LIVE_LTE_SS_STAB_APM_FM</arg>
<arg>${yamlData}</arg>
<arg>${log_type}</arg>
</arguments>
<kw name="Log To Console" library="BuiltIn">
<doc>Logs the given message to the console.</doc>
<arguments>
<arg>SS__36</arg>
</arguments>
<status status="PASS" starttime="20230206 16:21:42.607" endtime="20230206 16:21:42.607"></status>
</kw>
<kw name="SS 36" library="TC_072_LIVE_LTE_SS_STAB_APM_FM">
<arguments>
<arg>${tst}</arg>
<arg>${yamlData}</arg>
</arguments>
<assign>
<var>${adb_res}</var>
<var>${msg}</var>
</assign>
<msg timestamp="20230206 16:21:42.891" level="INFO">validating SS sim status</msg>
<msg timestamp="20230206 16:21:43.043" level="INFO">validating SS sim successful for 92KAY01TTW</msg>
<msg timestamp="20230206 16:21:43.043" level="INFO">checking mobile data</msg>
<msg timestamp="20230206 16:21:43.656" level="INFO">play fm</msg>
<msg timestamp="20230206 16:22:01.121" level="INFO">Started playing FM</msg>
<msg timestamp="20230206 16:22:01.121" level="INFO">enabling airplane mode</msg>
<msg timestamp="20230206 16:22:01.121" level="INFO">opening wireles settings</msg>
<msg timestamp="20230206 16:22:03.745" level="INFO">toggling airplane mode</msg>
<msg timestamp="20230206 16:22:14.569" level="INFO">apm enabled</msg>
<msg timestamp="20230206 16:22:14.569" level="INFO">disabling airplane mode</msg>
<msg timestamp="20230206 16:22:14.569" level="INFO">opening wireles settings</msg>
<msg timestamp="20230206 16:22:17.304" level="INFO">toggling airplane mode</msg>
<msg timestamp="20230206 16:22:28.056" level="INFO">apm disabled</msg>
<msg timestamp="20230206 16:22:28.056" level="INFO">clicked on plane mode</msg>
<msg timestamp="20230206 16:22:28.056" level="INFO">opening wireles settings</msg>
<msg timestamp="20230206 16:22:37.697" level="INFO">${adb_res} = True</msg>
<msg timestamp="20230206 16:22:37.697" level="INFO">${msg} = test case executed</msg>
<status status="PASS" starttime="20230206 16:21:42.607" endtime="20230206 16:22:37.697"></status>
</kw>
<kw name="Fetch Result" library="device_reports">
<arguments>
<arg>${TEST NAME}</arg>
<arg>${adb_res}</arg>
<arg>${msg}</arg>
</arguments>
<status status="PASS" starttime="20230206 16:22:37.697" endtime="20230206 16:22:37.705"></status>
</kw>
<kw name="Log" library="BuiltIn">
<doc>Logs the given message with the given level.</doc>
<arguments>
<arg>${adb_res}</arg>
</arguments>
<msg timestamp="20230206 16:22:37.705" level="INFO">True</msg>
<status status="PASS" starttime="20230206 16:22:37.705" endtime="20230206 16:22:37.705"></status>
</kw>
<kw name="Run Keyword If" library="BuiltIn">
<doc>Runs the given keyword with the given arguments, if ``condition`` is true.</doc>
<arguments>
<arg>${adb_res} == True</arg>
<arg>Log To Console</arg>
<arg>${msg}</arg>
<arg>ELSE</arg>
<arg>device_logging</arg>
<arg>${yamlData}</arg>
<arg>${TEST NAME}</arg>
<arg>$${log_type}</arg>
<arg>RESTART</arg>
</arguments>
<kw name="Log To Console" library="BuiltIn">
<doc>Logs the given message to the console.</doc>
<arguments>
<arg>${msg}</arg>
</arguments>
<status status="PASS" starttime="20230206 16:22:37.722" endtime="20230206 16:22:37.722"></status>
</kw>
<status status="PASS" starttime="20230206 16:22:37.705" endtime="20230206 16:22:37.722"></status>
</kw>
<kw name="Should Be True" library="BuiltIn">
<doc>Fails if the given condition is not true.</doc>
<arguments>
<arg>${adb_res}</arg>
<arg>msg=${msg}</arg>
</arguments>
<status status="PASS" starttime="20230206 16:22:37.722" endtime="20230206 16:22:37.722"></status>
</kw>
<status status="PASS" starttime="20230206 16:21:42.607" endtime="20230206 16:22:37.722"></status>
</kw>
<kw name="Run Keywords" library="BuiltIn" type="teardown">
<doc>Executes all the given keywords in a sequence.</doc>
<arguments>
<arg>Stop Device Log</arg>
<arg>${yamlData}</arg>
<arg>${log_type}</arg>
<arg>AND</arg>
<arg>Remove Log Handler</arg>
</arguments>
<kw name="Stop device Log" library="res_common">
<arguments>
<arg>${yamlData}</arg>
<arg>${log_type}</arg>
</arguments>
<kw name="Log To Console" library="BuiltIn">
<doc>Logs the given message to the console.</doc>
<arguments>
<arg>"Stopping Modem Logs"</arg>
</arguments>
<status status="PASS" starttime="20230206 16:22:37.722" endtime="20230206 16:22:37.722"></status>
</kw>
<kw name="Device Logging" library="device_reports">
<arguments>
<arg>${yamlData}</arg>
<arg>${TEST NAME}</arg>
<arg>${log_type}</arg>
<arg>STOP</arg>
</arguments>
<msg timestamp="20230206 16:22:37.722" level="INFO">92KAY01TTW</msg>
<status status="PASS" starttime="20230206 16:22:37.722" endtime="20230206 16:22:37.722"></status>
</kw>
<status status="PASS" starttime="20230206 16:22:37.722" endtime="20230206 16:22:37.722"></status>
</kw>
<kw name="Remove Log Handler" library="res_common">
<kw name="Remove Script Log Handler" library="common_log">
<doc>Removes all the logging handlers
:return: None</doc>
<msg timestamp="20230206 16:22:37.737" level="INFO">[&lt;RobotHandler (NOTSET)&gt;, &lt;StreamHandler (NOTSET)&gt;, &lt;FileHandler C:\Users\swatipat\Downloads\MAIN_GATS_CODE\GATS_Django_Framework\results\logs\Cellular_GATS_Integration\milestone1\123445678\Pixel3a_10_Google\LIVE_LTE_SS_STAB\TC_072_LIVE_LTE_SS_STAB_APM_FM\iteration_1\TC_072_LIVE_LTE_SS_STAB_APM_FM (DEBUG)&gt;]</msg>
<status status="PASS" starttime="20230206 16:22:37.737" endtime="20230206 16:22:37.737"></status>
</kw>
<status status="PASS" starttime="20230206 16:22:37.722" endtime="20230206 16:22:37.737"></status>
</kw>
<status status="PASS" starttime="20230206 16:22:37.722" endtime="20230206 16:22:37.737"></status>
</kw>
<doc>Performing Delta Testcases 36</doc>
<tags>
<tag>TC_072_LIVE_LTE_SS_STAB_APM_FM</tag>
</tags>
<timeout value="1 hour 5 minutes"></timeout>
<status status="PASS" starttime="20230206 16:21:42.538" endtime="20230206 16:22:37.737" critical="yes"></status>
</test>
<kw name="Run Keyword" library="BuiltIn" type="teardown">
<doc>Executes the given keyword with the given arguments.</doc>
<arguments>
<arg>Fill Excel</arg>
<arg>${log_type}</arg>
</arguments>
<kw name="Fill Excel" library="res_common">
<arguments>
<arg>${log_type}</arg>
</arguments>
<kw name="Log" library="BuiltIn">
<doc>Logs the given message with the given level.</doc>
<arguments>
<arg>"Creating Excel Sheet"</arg>
</arguments>
<msg timestamp="20230206 16:22:37.796" level="INFO">"Creating Excel Sheet"</msg>
<status status="PASS" starttime="20230206 16:22:37.796" endtime="20230206 16:22:37.796"></status>
</kw>
<kw name="Create Excel" library="excel_sheet">
<arguments>
<arg>${log_type}</arg>
</arguments>
<msg timestamp="20230206 16:22:37.844" level="INFO">['C:\\Users\\swatipat\\Downloads\\MAIN_GATS_CODE\\GATS_Django_Framework\\results\\logs\\Cellular_GATS_Integration\\milestone1\\123445678\\Pixel3a_10_Google\\LIVE_LTE_SS_STAB\\TC_072_LIVE_LTE_SS_STAB_APM_FM\\iteration_1/../']</msg>
<status status="PASS" starttime="20230206 16:22:37.796" endtime="20230206 16:22:37.844"></status>
</kw>
<status status="PASS" starttime="20230206 16:22:37.796" endtime="20230206 16:22:37.844"></status>
</kw>
<status status="PASS" starttime="20230206 16:22:37.796" endtime="20230206 16:22:37.844"></status>
</kw>
<status status="PASS" starttime="20230206 16:21:39.088" endtime="20230206 16:22:37.844"></status>
</suite>
<status status="PASS" starttime="20230206 16:21:39.077" endtime="20230206 16:22:37.846"></status>
</suite>
<statistics>
<total>
<stat pass="1" fail="0">Critical Tests</stat>
<stat pass="1" fail="0">All Tests</stat>
</total>
<tag>
<stat pass="1" fail="0">TC_072_LIVE_LTE_SS_STAB_APM_FM</stat>
</tag>
<suite>
<stat pass="1" fail="0" id="s1" name="Robot Scripts">Robot Scripts</stat>
<stat pass="1" fail="0" id="s1-s1" name="LIVE LTE SS STAB">Robot Scripts.LIVE LTE SS STAB</stat>
</suite>
</statistics>
<errors>
</errors>
</robot>
