<?xml version="1.0" encoding="UTF-8"?>
<robot generator="Robot 3.1.1 (Python 3.10.11 on win32)" generated="20230509 15:32:54.707" rpa="false">
<suite id="s1" name="Robot Scripts" source="C:\Users\swatipat\Downloads\MAIN_GATS_CODE\GATS_Django_Framework\scripts\robot_scripts">
<suite id="s1-s1" name="LIVE LTE SS STAB" source="C:\Users\swatipat\Downloads\MAIN_GATS_CODE\GATS_Django_Framework\scripts\robot_scripts\LIVE_LTE_SS_STAB.robot">
<test id="s1-s1-t1" name="TC_391_LIVE_LTE_SS_STAB_APM_WIFICALL">
<kw name="Run Keywords" library="BuiltIn" type="setup">
<doc>Executes all the given keywords in a sequence.</doc>
<arguments>
<arg>Setup Log</arg>
<arg>${dict.project}</arg>
<arg>${dict.milestone}</arg>
<arg>${dict.session}</arg>
<arg>${dict.device}</arg>
<arg>${dict.iter}</arg>
<arg>LIVE_LTE_SS_STAB</arg>
<arg>@{TEST TAGS}</arg>
<arg>AND</arg>
<arg>Start Device Log</arg>
<arg>${yamlData}</arg>
<arg>${log_type}</arg>
</arguments>
<kw name="Setup Log" library="res_common">
<arguments>
<arg>${dict.project}</arg>
<arg>${dict.milestone}</arg>
<arg>${dict.session}</arg>
<arg>${dict.device}</arg>
<arg>${dict.iter}</arg>
<arg>LIVE_LTE_SS_STAB</arg>
<arg>@{TEST TAGS}</arg>
</arguments>
<kw name="Setup Logging" library="common_log">
<doc>Generates script level logs
:param project: Project name
:param milestone: Milestone name
:param session: Session name
:param device: Device name
:param suite: Suite name
:param auto_id: Automation id(test case id)
:return: h.vinay@globaledgesoft.com</doc>
<arguments>
<arg>${arg1}</arg>
<arg>${arg2}</arg>
<arg>${arg3}</arg>
<arg>${arg4}</arg>
<arg>${arg5}</arg>
<arg>${arg6}</arg>
<arg>${arg7}</arg>
</arguments>
<msg timestamp="20230509 15:32:58.556" level="INFO">executing setup logging</msg>
<msg timestamp="20230509 15:32:58.556" level="INFO">Filename:TC_391_LIVE_LTE_SS_STAB_APM_WIFICALL</msg>
<msg timestamp="20230509 15:32:58.557" level="INFO">Logging has been setup</msg>
<msg timestamp="20230509 15:32:58.557" level="INFO">Inside common log: Cellular_GATS_Integration milestone1 55 Pixel_3a_10_Google iteration_1 LIVE_LTE_SS_STAB TC_391_LIVE_LTE_SS_STAB_APM_WIFICALL
Inside log_utils_setup Cellular_GATS_Integration milestone1 55 Pixel_3a_10_Google LIVE_LTE_SS_STAB TC_391_LIVE_LTE_SS_STAB_APM_WIFICALL iteration_1
session_dir:Cellular_GATS_Integration\milestone1\55
device:Pixel_3a_10_Google
suite:LIVE_LTE_SS_STAB
file_name:TC_391_LIVE_LTE_SS_STAB_APM_WIFICALL
iteration:iteration_1
log_directory:C:\Users\swatipat\Downloads\MAIN_GATS_CODE\GATS_Django_Framework\results\logs\Cellular_GATS_Integration\milestone1\55\Pixel_3a_10_Google\LIVE_LTE_SS_STAB\TC_391_LIVE_LTE_SS_STAB_APM_WIFICALL\iteration_1
[log_utils] setup_logging 80 INFO Logging has been setup</msg>
<status status="PASS" starttime="20230509 15:32:58.547" endtime="20230509 15:32:58.557"></status>
</kw>
<status status="PASS" starttime="20230509 15:32:58.547" endtime="20230509 15:32:58.557"></status>
</kw>
<kw name="Start device Log" library="res_common">
<arguments>
<arg>${yamlData}</arg>
<arg>${log_type}</arg>
</arguments>
<kw name="Update The Ymal" library="common_functions">
<arguments>
<arg>${yamlData}</arg>
</arguments>
<assign>
<var>${yamlData}</var>
</assign>
<msg timestamp="20230509 15:32:58.606" level="INFO">${yamlData} = {'common_args': {'Call_duration': 10, 'HTTPS_LINKS': ['https://play.google.com/store/apps/details?id=com.asteor.synergita&amp;hl=TRs', 'https://play.google.com/store/apps/details?id=com.poly.live&amp;hl=TRs',...</msg>
<status status="PASS" starttime="20230509 15:32:58.557" endtime="20230509 15:32:58.606"></status>
</kw>
<kw name="Log To Console" library="BuiltIn">
<doc>Logs the given message to the console.</doc>
<arguments>
<arg>"Starting Modem Logs"</arg>
</arguments>
<status status="PASS" starttime="20230509 15:32:58.606" endtime="20230509 15:32:58.606"></status>
</kw>
<kw name="Device Logging" library="device_reports">
<arguments>
<arg>${yamlData}</arg>
<arg>${TEST NAME}</arg>
<arg>${log_type}</arg>
<arg>START</arg>
</arguments>
<msg timestamp="20230509 15:32:58.606" level="INFO">92KAY01TTW</msg>
<status status="PASS" starttime="20230509 15:32:58.606" endtime="20230509 15:32:58.606"></status>
</kw>
<status status="PASS" starttime="20230509 15:32:58.557" endtime="20230509 15:32:58.606"></status>
</kw>
<status status="PASS" starttime="20230509 15:32:58.547" endtime="20230509 15:32:58.606"></status>
</kw>
<kw name="LIVE_SS__269" library="res_common">
<arguments>
<arg>TC_391_LIVE_LTE_SS_STAB_APM_WIFICALL</arg>
<arg>${yamlData}</arg>
<arg>${log_type}</arg>
</arguments>
<kw name="Log To Console" library="BuiltIn">
<doc>Logs the given message to the console.</doc>
<arguments>
<arg>SS__269</arg>
</arguments>
<status status="PASS" starttime="20230509 15:32:58.617" endtime="20230509 15:32:58.617"></status>
</kw>
<kw name="SS 269" library="TC_391_LIVE_LTE_SS_STAB_APM_WIFICALL">
<arguments>
<arg>${tst}</arg>
<arg>${yamlData}</arg>
</arguments>
<assign>
<var>${adb_res}</var>
<var>${msg}</var>
</assign>
<msg timestamp="20230509 15:32:59.266" level="INFO">validating SS sim status</msg>
<msg timestamp="20230509 15:32:59.266" level="INFO">validating SS sim successful for 92KAY01TTW</msg>
<msg timestamp="20230509 15:32:59.266" level="INFO">validating SS sim successful for RZ8N71YR28N</msg>
<msg timestamp="20230509 15:32:59.266" level="INFO">connect to wifi</msg>
<msg timestamp="20230509 15:33:03.896" level="INFO">enable vowifi</msg>
<msg timestamp="20230509 15:33:14.270" level="INFO">enabling airplane mode</msg>
<msg timestamp="20230509 15:33:14.270" level="INFO">opening wireles settings</msg>
<msg timestamp="20230509 15:33:17.298" level="INFO">toggling airplane mode</msg>
<msg timestamp="20230509 15:33:28.062" level="INFO">apm enabled</msg>
<msg timestamp="20230509 15:33:28.062" level="INFO">disabling airplane mode</msg>
<msg timestamp="20230509 15:33:28.062" level="INFO">opening wireles settings</msg>
<msg timestamp="20230509 15:33:31.133" level="INFO">toggling airplane mode</msg>
<msg timestamp="20230509 15:33:42.074" level="INFO">apm disabled</msg>
<msg timestamp="20230509 15:33:42.074" level="INFO">triggering  call</msg>
<msg timestamp="20230509 15:33:42.074" level="INFO">Calling from device 92KAY01TTW ===&gt; adb -s 92KAY01TTW shell am start -a android.intent.action.CALL -d tel:7893109918</msg>
<msg timestamp="20230509 15:33:47.417" level="INFO">Receiving call in device B</msg>
<msg timestamp="20230509 15:33:47.801" level="INFO">Call received Successfully</msg>
<msg timestamp="20230509 15:33:47.801" level="INFO">Terminating call @ M0 side</msg>
<msg timestamp="20230509 15:33:48.524" level="INFO">Call terminated Successfully</msg>
<msg timestamp="20230509 15:33:48.524" level="INFO">triggering call</msg>
<msg timestamp="20230509 15:33:48.524" level="INFO">VT Calling from device RZ8N71YR28N ===&gt; adb -s RZ8N71YR28N shell am start -a android.intent.action.CALL -d tel:7019991704 --ei android.telecom.extra.START_CALL_WITH_VIDEO_STATE 3</msg>
<msg timestamp="20230509 15:33:59.348" level="INFO">Call state fetched successfully and call state is 1</msg>
<msg timestamp="20230509 15:33:59.348" level="INFO">Receiving call in device B</msg>
<msg timestamp="20230509 15:34:00.075" level="INFO">Call received Successfully</msg>
<msg timestamp="20230509 15:34:00.075" level="INFO">Terminating call @ M0 side</msg>
<msg timestamp="20230509 15:34:00.729" level="INFO">Call terminated Successfully</msg>
<msg timestamp="20230509 15:34:00.729" level="INFO">opening wireles settings</msg>
<msg timestamp="20230509 15:34:12.167" level="WARN">('Connection aborted.', RemoteDisconnected('Remote end closed connection without response')), retrying in 0.5 seconds...</msg>
<msg timestamp="20230509 15:34:25.161" level="INFO">[36m[D 230509 15:34:11 __init__:322][39m [pid:8160] [RZ8N71YR28N] device RZ8N71YR28N is online
[32m[I 230509 15:34:11 init:156][39m uiautomator2 version: 2.16.14
[36m[D 230509 15:34:11 init:167][39m Shell: ('/data/local/tmp/atx-agent', 'server', '--stop')
[36m[D 230509 15:34:12 init:295][39m Real version: [0, 10, 0], Expect version: [0, 10, 0]
[36m[D 230509 15:34:12 init:167][39m Shell: ('/data/local/tmp/atx-agent', 'server', '--nouia', '-d', '--addr', '127.0.0.1:7912')
[32m[I 230509 15:34:12 init:350][39m Check atx-agent version
[36m[D 230509 15:34:12 init:359][39m Forward: local:tcp:51337 -&gt; remote:tcp:7912
[36m[D 230509 15:34:12 init:359][39m Forward: local:tcp:51337 -&gt; remote:tcp:7912
[36m[D 230509 15:34:12 init:362][39m atx-agent version 0.10.0
[36m[D 230509 15:34:12 init:365][39m device wlan ip: wlan0 have no ip address</msg>
<msg timestamp="20230509 15:34:25.161" level="INFO">${adb_res} = True</msg>
<msg timestamp="20230509 15:34:25.161" level="INFO">${msg} = Test case executed successfully</msg>
<status status="PASS" starttime="20230509 15:32:58.617" endtime="20230509 15:34:25.161"></status>
</kw>
<kw name="Fetch Result" library="device_reports">
<arguments>
<arg>${TEST NAME}</arg>
<arg>${adb_res}</arg>
<arg>${msg}</arg>
</arguments>
<status status="PASS" starttime="20230509 15:34:25.177" endtime="20230509 15:34:25.177"></status>
</kw>
<kw name="Log" library="BuiltIn">
<doc>Logs the given message with the given level.</doc>
<arguments>
<arg>${adb_res}</arg>
</arguments>
<msg timestamp="20230509 15:34:25.177" level="INFO">True</msg>
<status status="PASS" starttime="20230509 15:34:25.177" endtime="20230509 15:34:25.177"></status>
</kw>
<kw name="Run Keyword If" library="BuiltIn">
<doc>Runs the given keyword with the given arguments, if ``condition`` is true.</doc>
<arguments>
<arg>${adb_res} == True</arg>
<arg>Log To Console</arg>
<arg>${msg}</arg>
<arg>ELSE</arg>
<arg>device_logging</arg>
<arg>${yamlData}</arg>
<arg>${TEST NAME}</arg>
<arg>$${log_type}</arg>
<arg>RESTART</arg>
</arguments>
<kw name="Log To Console" library="BuiltIn">
<doc>Logs the given message to the console.</doc>
<arguments>
<arg>${msg}</arg>
</arguments>
<status status="PASS" starttime="20230509 15:34:25.177" endtime="20230509 15:34:25.177"></status>
</kw>
<status status="PASS" starttime="20230509 15:34:25.177" endtime="20230509 15:34:25.177"></status>
</kw>
<kw name="Should Be True" library="BuiltIn">
<doc>Fails if the given condition is not true.</doc>
<arguments>
<arg>${adb_res}</arg>
<arg>msg=${msg}</arg>
</arguments>
<status status="PASS" starttime="20230509 15:34:25.177" endtime="20230509 15:34:25.177"></status>
</kw>
<status status="PASS" starttime="20230509 15:32:58.606" endtime="20230509 15:34:25.177"></status>
</kw>
<kw name="Run Keywords" library="BuiltIn" type="teardown">
<doc>Executes all the given keywords in a sequence.</doc>
<arguments>
<arg>Stop Device Log</arg>
<arg>${yamlData}</arg>
<arg>${log_type}</arg>
<arg>AND</arg>
<arg>Remove Log Handler</arg>
</arguments>
<kw name="Stop device Log" library="res_common">
<arguments>
<arg>${yamlData}</arg>
<arg>${log_type}</arg>
</arguments>
<kw name="Log To Console" library="BuiltIn">
<doc>Logs the given message to the console.</doc>
<arguments>
<arg>"Stopping Modem Logs"</arg>
</arguments>
<status status="PASS" starttime="20230509 15:34:25.194" endtime="20230509 15:34:25.194"></status>
</kw>
<kw name="Device Logging" library="device_reports">
<arguments>
<arg>${yamlData}</arg>
<arg>${TEST NAME}</arg>
<arg>${log_type}</arg>
<arg>STOP</arg>
</arguments>
<msg timestamp="20230509 15:34:25.194" level="INFO">92KAY01TTW</msg>
<status status="PASS" starttime="20230509 15:34:25.194" endtime="20230509 15:34:25.194"></status>
</kw>
<status status="PASS" starttime="20230509 15:34:25.194" endtime="20230509 15:34:25.194"></status>
</kw>
<kw name="Remove Log Handler" library="res_common">
<kw name="Remove Script Log Handler" library="common_log">
<doc>Removes all the logging handlers
:return: None</doc>
<msg timestamp="20230509 15:34:25.194" level="INFO">[&lt;RobotHandler (NOTSET)&gt;, &lt;StreamHandler (NOTSET)&gt;, &lt;FileHandler C:\Users\swatipat\Downloads\MAIN_GATS_CODE\GATS_Django_Framework\results\logs\Cellular_GATS_Integration\milestone1\55\Pixel_3a_10_Google\LIVE_LTE_SS_STAB\TC_391_LIVE_LTE_SS_STAB_APM_WIFICALL\iteration_1\TC_391_LIVE_LTE_SS_STAB_APM_WIFICALL (DEBUG)&gt;]</msg>
<status status="PASS" starttime="20230509 15:34:25.194" endtime="20230509 15:34:25.194"></status>
</kw>
<status status="PASS" starttime="20230509 15:34:25.194" endtime="20230509 15:34:25.194"></status>
</kw>
<status status="PASS" starttime="20230509 15:34:25.194" endtime="20230509 15:34:25.194"></status>
</kw>
<doc>Performing Delta Testcases 269</doc>
<tags>
<tag>TC_391_LIVE_LTE_SS_STAB_APM_WIFICALL</tag>
</tags>
<timeout value="1 hour 5 minutes"></timeout>
<status status="PASS" starttime="20230509 15:32:58.545" endtime="20230509 15:34:25.194" critical="yes"></status>
</test>
<kw name="Run Keyword" library="BuiltIn" type="teardown">
<doc>Executes the given keyword with the given arguments.</doc>
<arguments>
<arg>Fill Excel</arg>
<arg>${log_type}</arg>
</arguments>
<kw name="Fill Excel" library="res_common">
<arguments>
<arg>${log_type}</arg>
</arguments>
<kw name="Log" library="BuiltIn">
<doc>Logs the given message with the given level.</doc>
<arguments>
<arg>"Creating Excel Sheet"</arg>
</arguments>
<msg timestamp="20230509 15:34:25.261" level="INFO">"Creating Excel Sheet"</msg>
<status status="PASS" starttime="20230509 15:34:25.261" endtime="20230509 15:34:25.261"></status>
</kw>
<kw name="Create Excel" library="excel_sheet">
<arguments>
<arg>${log_type}</arg>
</arguments>
<msg timestamp="20230509 15:34:25.309" level="INFO">['C:\\Users\\swatipat\\Downloads\\MAIN_GATS_CODE\\GATS_Django_Framework\\results\\logs\\Cellular_GATS_Integration\\milestone1\\55\\Pixel_3a_10_Google\\LIVE_LTE_SS_STAB\\TC_391_LIVE_LTE_SS_STAB_APM_WIFICALL\\iteration_1/../']</msg>
<status status="PASS" starttime="20230509 15:34:25.261" endtime="20230509 15:34:25.309"></status>
</kw>
<status status="PASS" starttime="20230509 15:34:25.261" endtime="20230509 15:34:25.309"></status>
</kw>
<status status="PASS" starttime="20230509 15:34:25.261" endtime="20230509 15:34:25.309"></status>
</kw>
<status status="PASS" starttime="20230509 15:32:54.732" endtime="20230509 15:34:25.309"></status>
</suite>
<status status="PASS" starttime="20230509 15:32:54.713" endtime="20230509 15:34:25.325"></status>
</suite>
<statistics>
<total>
<stat pass="1" fail="0">Critical Tests</stat>
<stat pass="1" fail="0">All Tests</stat>
</total>
<tag>
<stat pass="1" fail="0">TC_391_LIVE_LTE_SS_STAB_APM_WIFICALL</stat>
</tag>
<suite>
<stat pass="1" fail="0" id="s1" name="Robot Scripts">Robot Scripts</stat>
<stat pass="1" fail="0" id="s1-s1" name="LIVE LTE SS STAB">Robot Scripts.LIVE LTE SS STAB</stat>
</suite>
</statistics>
<errors>
<msg timestamp="20230509 15:34:12.167" level="WARN">('Connection aborted.', RemoteDisconnected('Remote end closed connection without response')), retrying in 0.5 seconds...</msg>
</errors>
</robot>
