<?xml version="1.0" encoding="UTF-8"?>
<robot generator="Robot 3.1.1 (Python 3.10.10 on win32)" generated="20230316 16:45:22.470" rpa="false">
<suite id="s1" name="Robot Scripts" source="C:\Users\swatipat\Downloads\MAIN_GATS_CODE\GATS_Django_Framework\scripts\robot_scripts">
<suite id="s1-s1" name="LIVE LTE SS STAB" source="C:\Users\swatipat\Downloads\MAIN_GATS_CODE\GATS_Django_Framework\scripts\robot_scripts\LIVE_LTE_SS_STAB.robot">
<test id="s1-s1-t1" name="TC_PLMN_Wifi_Operator">
<kw name="Run Keywords" library="BuiltIn" type="setup">
<doc>Executes all the given keywords in a sequence.</doc>
<arguments>
<arg>Setup Log</arg>
<arg>${dict.project}</arg>
<arg>${dict.milestone}</arg>
<arg>${dict.session}</arg>
<arg>${dict.device}</arg>
<arg>${dict.iter}</arg>
<arg>LIVE_LTE_SS_STAB</arg>
<arg>@{TEST TAGS}</arg>
<arg>AND</arg>
<arg>Start Device Log</arg>
<arg>${yamlData}</arg>
<arg>${log_type}</arg>
</arguments>
<kw name="Setup Log" library="res_common">
<arguments>
<arg>${dict.project}</arg>
<arg>${dict.milestone}</arg>
<arg>${dict.session}</arg>
<arg>${dict.device}</arg>
<arg>${dict.iter}</arg>
<arg>LIVE_LTE_SS_STAB</arg>
<arg>@{TEST TAGS}</arg>
</arguments>
<kw name="Setup Logging" library="common_log">
<doc>Generates script level logs
:param project: Project name
:param milestone: Milestone name
:param session: Session name
:param device: Device name
:param suite: Suite name
:param auto_id: Automation id(test case id)
:return: h.vinay@globaledgesoft.com</doc>
<arguments>
<arg>${arg1}</arg>
<arg>${arg2}</arg>
<arg>${arg3}</arg>
<arg>${arg4}</arg>
<arg>${arg5}</arg>
<arg>${arg6}</arg>
<arg>${arg7}</arg>
</arguments>
<msg timestamp="20230316 16:45:26.115" level="INFO">executing setup logging</msg>
<msg timestamp="20230316 16:45:26.115" level="INFO">Filename:TC_PLMN_Wifi_Operator</msg>
<msg timestamp="20230316 16:45:26.124" level="INFO">Logging has been setup</msg>
<msg timestamp="20230316 16:45:26.125" level="INFO">Inside common log: Cellular_GATS_Integration milestone1 233 OnePlus_12_12 iteration_1 LIVE_LTE_SS_STAB TC_PLMN_Wifi_Operator
Inside log_utils_setup Cellular_GATS_Integration milestone1 233 OnePlus_12_12 LIVE_LTE_SS_STAB TC_PLMN_Wifi_Operator iteration_1
session_dir:Cellular_GATS_Integration\milestone1\233
device:OnePlus_12_12
suite:LIVE_LTE_SS_STAB
file_name:TC_PLMN_Wifi_Operator
iteration:iteration_1
log_directory:C:\Users\swatipat\Downloads\MAIN_GATS_CODE\GATS_Django_Framework\results\logs\Cellular_GATS_Integration\milestone1\233\OnePlus_12_12\LIVE_LTE_SS_STAB\TC_PLMN_Wifi_Operator\iteration_1
[log_utils] setup_logging 80 INFO Logging has been setup</msg>
<status status="PASS" starttime="20230316 16:45:26.115" endtime="20230316 16:45:26.125"></status>
</kw>
<status status="PASS" starttime="20230316 16:45:26.115" endtime="20230316 16:45:26.125"></status>
</kw>
<kw name="Start device Log" library="res_common">
<arguments>
<arg>${yamlData}</arg>
<arg>${log_type}</arg>
</arguments>
<kw name="Update The Ymal" library="common_functions">
<arguments>
<arg>${yamlData}</arg>
</arguments>
<assign>
<var>${yamlData}</var>
</assign>
<msg timestamp="20230316 16:45:26.167" level="INFO">${yamlData} = {'common_args': {'Call_duration': 10, 'HTTPS_LINKS': ['https://play.google.com/store/apps/details?id=com.asteor.synergita&amp;hl=TRs', 'https://play.google.com/store/apps/details?id=com.poly.live&amp;hl=TRs',...</msg>
<status status="PASS" starttime="20230316 16:45:26.125" endtime="20230316 16:45:26.167"></status>
</kw>
<kw name="Log To Console" library="BuiltIn">
<doc>Logs the given message to the console.</doc>
<arguments>
<arg>"Starting Modem Logs"</arg>
</arguments>
<status status="PASS" starttime="20230316 16:45:26.167" endtime="20230316 16:45:26.175"></status>
</kw>
<kw name="Device Logging" library="device_reports">
<arguments>
<arg>${yamlData}</arg>
<arg>${TEST NAME}</arg>
<arg>${log_type}</arg>
<arg>START</arg>
</arguments>
<msg timestamp="20230316 16:45:26.175" level="INFO">2d0c8aa1</msg>
<status status="PASS" starttime="20230316 16:45:26.175" endtime="20230316 16:45:26.175"></status>
</kw>
<status status="PASS" starttime="20230316 16:45:26.125" endtime="20230316 16:45:26.175"></status>
</kw>
<status status="PASS" starttime="20230316 16:45:26.115" endtime="20230316 16:45:26.175"></status>
</kw>
<kw name="TC_SS_01" library="res_common">
<arguments>
<arg>TC_PLMN_Wifi_Operator</arg>
<arg>${yamlData}</arg>
<arg>${log_type}</arg>
</arguments>
<kw name="Log To Console" library="BuiltIn">
<doc>Logs the given message to the console.</doc>
<arguments>
<arg>SS_TC_1</arg>
</arguments>
<status status="PASS" starttime="20230316 16:45:26.175" endtime="20230316 16:45:26.185"></status>
</kw>
<kw name="SS TC 1" library="TC_PLMN_Wifi_Operator">
<arguments>
<arg>${tst}</arg>
<arg>${yamlData}</arg>
</arguments>
<assign>
<var>${adb_res}</var>
<var>${msg}</var>
</assign>
<msg timestamp="20230316 16:45:26.882" level="INFO">validating SS sim status</msg>
<msg timestamp="20230316 16:45:26.882" level="INFO">validating SS sim successful for 2d0c8aa1</msg>
<msg timestamp="20230316 16:45:26.882" level="INFO">enabling wifi</msg>
<msg timestamp="20230316 16:45:27.259" level="INFO">plmn seraching with SIM1 while call running</msg>
<msg timestamp="20230316 16:45:31.162" level="WARN">('Connection aborted.', RemoteDisconnected('Remote end closed connection without response')), retrying in 0.5 seconds...</msg>
<msg timestamp="20230316 16:45:40.499" level="INFO">plmn search failed</msg>
<msg timestamp="20230316 16:45:55.572" level="INFO">[36m[D 230316 16:45:30 __init__:322][39m [pid:12568] [2d0c8aa1] device 2d0c8aa1 is online
[32m[I 230316 16:45:30 init:156][39m uiautomator2 version: 2.16.14
[36m[D 230316 16:45:30 init:167][39m Shell: ('/data/local/tmp/atx-agent', 'server', '--stop')
[36m[D 230316 16:45:30 init:295][39m Real version: [0, 10, 0], Expect version: [0, 10, 0]
[36m[D 230316 16:45:30 init:167][39m Shell: ('/data/local/tmp/atx-agent', 'server', '--nouia', '-d', '--addr', '127.0.0.1:7912')
[32m[I 230316 16:45:31 init:350][39m Check atx-agent version
[36m[D 230316 16:45:31 init:359][39m Forward: local:tcp:58694 -&gt; remote:tcp:7912
[36m[D 230316 16:45:31 init:359][39m Forward: local:tcp:58694 -&gt; remote:tcp:7912
[36m[D 230316 16:45:31 init:362][39m atx-agent version 0.10.0
[36m[D 230316 16:45:31 init:365][39m device wlan ip: wlan0 have no ip address</msg>
<msg timestamp="20230316 16:45:55.572" level="INFO">${adb_res} = False</msg>
<msg timestamp="20230316 16:45:55.572" level="INFO">${msg} = SIM1 not found</msg>
<status status="PASS" starttime="20230316 16:45:26.187" endtime="20230316 16:45:55.572"></status>
</kw>
<kw name="Fetch Result" library="device_reports">
<arguments>
<arg>${TEST NAME}</arg>
<arg>${adb_res}</arg>
<arg>${msg}</arg>
</arguments>
<status status="PASS" starttime="20230316 16:45:55.572" endtime="20230316 16:45:55.580"></status>
</kw>
<kw name="Log" library="BuiltIn">
<doc>Logs the given message with the given level.</doc>
<arguments>
<arg>${adb_res}</arg>
</arguments>
<msg timestamp="20230316 16:45:55.582" level="INFO">False</msg>
<status status="PASS" starttime="20230316 16:45:55.582" endtime="20230316 16:45:55.582"></status>
</kw>
<kw name="Run Keyword If" library="BuiltIn">
<doc>Runs the given keyword with the given arguments, if ``condition`` is true.</doc>
<arguments>
<arg>${adb_res} == True</arg>
<arg>Log To Console</arg>
<arg>${msg}</arg>
<arg>ELSE</arg>
<arg>device_logging</arg>
<arg>${yamlData}</arg>
<arg>${TEST NAME}</arg>
<arg>$${log_type}</arg>
<arg>RESTART</arg>
</arguments>
<kw name="Device Logging" library="device_reports">
<arguments>
<arg>${yamlData}</arg>
<arg>${TEST NAME}</arg>
<arg>$${log_type}</arg>
<arg>RESTART</arg>
</arguments>
<msg timestamp="20230316 16:45:55.591" level="INFO">2d0c8aa1</msg>
<status status="PASS" starttime="20230316 16:45:55.591" endtime="20230316 16:45:55.591"></status>
</kw>
<status status="PASS" starttime="20230316 16:45:55.582" endtime="20230316 16:45:55.591"></status>
</kw>
<kw name="Should Be True" library="BuiltIn">
<doc>Fails if the given condition is not true.</doc>
<arguments>
<arg>${adb_res}</arg>
<arg>msg=${msg}</arg>
</arguments>
<msg timestamp="20230316 16:45:55.591" level="FAIL">SIM1 not found</msg>
<status status="FAIL" starttime="20230316 16:45:55.591" endtime="20230316 16:45:55.591"></status>
</kw>
<status status="FAIL" starttime="20230316 16:45:26.175" endtime="20230316 16:45:55.591"></status>
</kw>
<kw name="Run Keywords" library="BuiltIn" type="teardown">
<doc>Executes all the given keywords in a sequence.</doc>
<arguments>
<arg>Stop Device Log</arg>
<arg>${yamlData}</arg>
<arg>${log_type}</arg>
<arg>AND</arg>
<arg>Remove Log Handler</arg>
</arguments>
<kw name="Stop device Log" library="res_common">
<arguments>
<arg>${yamlData}</arg>
<arg>${log_type}</arg>
</arguments>
<kw name="Log To Console" library="BuiltIn">
<doc>Logs the given message to the console.</doc>
<arguments>
<arg>"Stopping Modem Logs"</arg>
</arguments>
<status status="PASS" starttime="20230316 16:45:55.591" endtime="20230316 16:45:55.591"></status>
</kw>
<kw name="Device Logging" library="device_reports">
<arguments>
<arg>${yamlData}</arg>
<arg>${TEST NAME}</arg>
<arg>${log_type}</arg>
<arg>STOP</arg>
</arguments>
<msg timestamp="20230316 16:45:55.591" level="INFO">2d0c8aa1</msg>
<status status="PASS" starttime="20230316 16:45:55.591" endtime="20230316 16:45:55.591"></status>
</kw>
<status status="PASS" starttime="20230316 16:45:55.591" endtime="20230316 16:45:55.591"></status>
</kw>
<kw name="Remove Log Handler" library="res_common">
<kw name="Remove Script Log Handler" library="common_log">
<doc>Removes all the logging handlers
:return: None</doc>
<msg timestamp="20230316 16:45:55.600" level="INFO">[&lt;RobotHandler (NOTSET)&gt;, &lt;StreamHandler (NOTSET)&gt;, &lt;FileHandler C:\Users\swatipat\Downloads\MAIN_GATS_CODE\GATS_Django_Framework\results\logs\Cellular_GATS_Integration\milestone1\233\OnePlus_12_12\LIVE_LTE_SS_STAB\TC_PLMN_Wifi_Operator\iteration_1\TC_PLMN_Wifi_Operator (DEBUG)&gt;]</msg>
<status status="PASS" starttime="20230316 16:45:55.600" endtime="20230316 16:45:55.602"></status>
</kw>
<status status="PASS" starttime="20230316 16:45:55.591" endtime="20230316 16:45:55.602"></status>
</kw>
<status status="PASS" starttime="20230316 16:45:55.591" endtime="20230316 16:45:55.602"></status>
</kw>
<doc>Performing Delta Testcases 500</doc>
<tags>
<tag>TC_PLMN_Wifi_Operator</tag>
</tags>
<timeout value="1 hour 5 minutes"></timeout>
<status status="FAIL" starttime="20230316 16:45:26.105" endtime="20230316 16:45:55.602" critical="yes">SIM1 not found</status>
</test>
<kw name="Run Keyword" library="BuiltIn" type="teardown">
<doc>Executes the given keyword with the given arguments.</doc>
<arguments>
<arg>Fill Excel</arg>
<arg>${log_type}</arg>
</arguments>
<kw name="Fill Excel" library="res_common">
<arguments>
<arg>${log_type}</arg>
</arguments>
<kw name="Log" library="BuiltIn">
<doc>Logs the given message with the given level.</doc>
<arguments>
<arg>"Creating Excel Sheet"</arg>
</arguments>
<msg timestamp="20230316 16:45:55.663" level="INFO">"Creating Excel Sheet"</msg>
<status status="PASS" starttime="20230316 16:45:55.663" endtime="20230316 16:45:55.663"></status>
</kw>
<kw name="Create Excel" library="excel_sheet">
<arguments>
<arg>${log_type}</arg>
</arguments>
<msg timestamp="20230316 16:45:55.704" level="INFO">['C:\\Users\\swatipat\\Downloads\\MAIN_GATS_CODE\\GATS_Django_Framework\\results\\logs\\Cellular_GATS_Integration\\milestone1\\233\\OnePlus_12_12\\LIVE_LTE_SS_STAB\\TC_PLMN_Wifi_Operator\\iteration_1/../']</msg>
<status status="PASS" starttime="20230316 16:45:55.663" endtime="20230316 16:45:55.704"></status>
</kw>
<status status="PASS" starttime="20230316 16:45:55.663" endtime="20230316 16:45:55.704"></status>
</kw>
<status status="PASS" starttime="20230316 16:45:55.663" endtime="20230316 16:45:55.704"></status>
</kw>
<status status="FAIL" starttime="20230316 16:45:22.503" endtime="20230316 16:45:55.704"></status>
</suite>
<status status="FAIL" starttime="20230316 16:45:22.480" endtime="20230316 16:45:55.712"></status>
</suite>
<statistics>
<total>
<stat pass="0" fail="1">Critical Tests</stat>
<stat pass="0" fail="1">All Tests</stat>
</total>
<tag>
<stat pass="0" fail="1">TC_PLMN_Wifi_Operator</stat>
</tag>
<suite>
<stat pass="0" fail="1" id="s1" name="Robot Scripts">Robot Scripts</stat>
<stat pass="0" fail="1" id="s1-s1" name="LIVE LTE SS STAB">Robot Scripts.LIVE LTE SS STAB</stat>
</suite>
</statistics>
<errors>
<msg timestamp="20230316 16:45:31.162" level="WARN">('Connection aborted.', RemoteDisconnected('Remote end closed connection without response')), retrying in 0.5 seconds...</msg>
</errors>
</robot>
