<?xml version="1.0" encoding="UTF-8"?>
<robot generator="Robot 3.1.1 (Python 3.10.11 on win32)" generated="20230502 10:37:11.188" rpa="false">
<suite id="s1" name="Robot Scripts" source="C:\Users\swatipat\Downloads\MAIN_GATS_CODE\GATS_Django_Framework\scripts\robot_scripts">
<suite id="s1-s1" name="LIVE LTE SS STAB" source="C:\Users\swatipat\Downloads\MAIN_GATS_CODE\GATS_Django_Framework\scripts\robot_scripts\LIVE_LTE_SS_STAB.robot">
<test id="s1-s1-t1" name="TC_053_LIVE_LTE_SS_STAB_DL_DCN_WIFI">
<kw name="Run Keywords" library="BuiltIn" type="setup">
<doc>Executes all the given keywords in a sequence.</doc>
<arguments>
<arg>Setup Log</arg>
<arg>${dict.project}</arg>
<arg>${dict.milestone}</arg>
<arg>${dict.session}</arg>
<arg>${dict.device}</arg>
<arg>${dict.iter}</arg>
<arg>LIVE_LTE_SS_STAB</arg>
<arg>@{TEST TAGS}</arg>
<arg>AND</arg>
<arg>Start Device Log</arg>
<arg>${yamlData}</arg>
<arg>${log_type}</arg>
</arguments>
<kw name="Setup Log" library="res_common">
<arguments>
<arg>${dict.project}</arg>
<arg>${dict.milestone}</arg>
<arg>${dict.session}</arg>
<arg>${dict.device}</arg>
<arg>${dict.iter}</arg>
<arg>LIVE_LTE_SS_STAB</arg>
<arg>@{TEST TAGS}</arg>
</arguments>
<kw name="Setup Logging" library="common_log">
<doc>Generates script level logs
:param project: Project name
:param milestone: Milestone name
:param session: Session name
:param device: Device name
:param suite: Suite name
:param auto_id: Automation id(test case id)
:return: h.vinay@globaledgesoft.com</doc>
<arguments>
<arg>${arg1}</arg>
<arg>${arg2}</arg>
<arg>${arg3}</arg>
<arg>${arg4}</arg>
<arg>${arg5}</arg>
<arg>${arg6}</arg>
<arg>${arg7}</arg>
</arguments>
<msg timestamp="20230502 10:37:14.768" level="INFO">executing setup logging</msg>
<msg timestamp="20230502 10:37:14.769" level="INFO">Filename:TC_053_LIVE_LTE_SS_STAB_DL_DCN_WIFI</msg>
<msg timestamp="20230502 10:37:14.771" level="INFO">Logging has been setup</msg>
<msg timestamp="20230502 10:37:14.772" level="INFO">Inside common log: Cellular_GATS_Integration milestone1 1 OnePlus_12_12 iteration_1 LIVE_LTE_SS_STAB TC_053_LIVE_LTE_SS_STAB_DL_DCN_WIFI
Inside log_utils_setup Cellular_GATS_Integration milestone1 1 OnePlus_12_12 LIVE_LTE_SS_STAB TC_053_LIVE_LTE_SS_STAB_DL_DCN_WIFI iteration_1
session_dir:Cellular_GATS_Integration\milestone1\1
device:OnePlus_12_12
suite:LIVE_LTE_SS_STAB
file_name:TC_053_LIVE_LTE_SS_STAB_DL_DCN_WIFI
iteration:iteration_1
log_directory:C:\Users\swatipat\Downloads\MAIN_GATS_CODE\GATS_Django_Framework\results\logs\Cellular_GATS_Integration\milestone1\1\OnePlus_12_12\LIVE_LTE_SS_STAB\TC_053_LIVE_LTE_SS_STAB_DL_DCN_WIFI\iteration_1
[log_utils] setup_logging 80 INFO Logging has been setup</msg>
<status status="PASS" starttime="20230502 10:37:14.767" endtime="20230502 10:37:14.772"></status>
</kw>
<status status="PASS" starttime="20230502 10:37:14.765" endtime="20230502 10:37:14.772"></status>
</kw>
<kw name="Start device Log" library="res_common">
<arguments>
<arg>${yamlData}</arg>
<arg>${log_type}</arg>
</arguments>
<kw name="Update The Ymal" library="common_functions">
<arguments>
<arg>${yamlData}</arg>
</arguments>
<assign>
<var>${yamlData}</var>
</assign>
<msg timestamp="20230502 10:37:14.822" level="INFO">${yamlData} = {'common_args': {'Call_duration': 10, 'HTTPS_LINKS': ['https://play.google.com/store/apps/details?id=com.asteor.synergita&amp;hl=TRs', 'https://play.google.com/store/apps/details?id=com.poly.live&amp;hl=TRs',...</msg>
<status status="PASS" starttime="20230502 10:37:14.774" endtime="20230502 10:37:14.822"></status>
</kw>
<kw name="Log To Console" library="BuiltIn">
<doc>Logs the given message to the console.</doc>
<arguments>
<arg>"Starting Modem Logs"</arg>
</arguments>
<status status="PASS" starttime="20230502 10:37:14.824" endtime="20230502 10:37:14.825"></status>
</kw>
<kw name="Device Logging" library="device_reports">
<arguments>
<arg>${yamlData}</arg>
<arg>${TEST NAME}</arg>
<arg>${log_type}</arg>
<arg>START</arg>
</arguments>
<msg timestamp="20230502 10:37:14.829" level="INFO">2d0c8aa1</msg>
<status status="PASS" starttime="20230502 10:37:14.827" endtime="20230502 10:37:14.829"></status>
</kw>
<status status="PASS" starttime="20230502 10:37:14.772" endtime="20230502 10:37:14.829"></status>
</kw>
<status status="PASS" starttime="20230502 10:37:14.765" endtime="20230502 10:37:14.829"></status>
</kw>
<kw name="LIVE_SS__21" library="res_common">
<arguments>
<arg>TC_053_LIVE_LTE_SS_STAB_DL_DCN_WIFI</arg>
<arg>${yamlData}</arg>
<arg>${log_type}</arg>
</arguments>
<kw name="Log To Console" library="BuiltIn">
<doc>Logs the given message to the console.</doc>
<arguments>
<arg>SS__21</arg>
</arguments>
<status status="PASS" starttime="20230502 10:37:14.830" endtime="20230502 10:37:14.833"></status>
</kw>
<kw name="SS 21" library="TC_053_LIVE_LTE_SS_STAB_DL_DCN_WIFI">
<arguments>
<arg>${tst}</arg>
<arg>${yamlData}</arg>
</arguments>
<assign>
<var>${adb_res}</var>
<var>${msg}</var>
</assign>
<msg timestamp="20230502 10:37:15.344" level="INFO">validating SS sim status</msg>
<msg timestamp="20230502 10:37:15.618" level="INFO">validating SS sim status failed for 2d0c8aa1                         device is failed</msg>
<msg timestamp="20230502 10:37:15.618" level="INFO">${adb_res} = None</msg>
<msg timestamp="20230502 10:37:15.618" level="INFO">${msg} = Required 1 sim but 2 sim is inserted</msg>
<status status="PASS" starttime="20230502 10:37:14.835" endtime="20230502 10:37:15.618"></status>
</kw>
<kw name="Fetch Result" library="device_reports">
<arguments>
<arg>${TEST NAME}</arg>
<arg>${adb_res}</arg>
<arg>${msg}</arg>
</arguments>
<status status="PASS" starttime="20230502 10:37:15.621" endtime="20230502 10:37:15.623"></status>
</kw>
<kw name="Log" library="BuiltIn">
<doc>Logs the given message with the given level.</doc>
<arguments>
<arg>${adb_res}</arg>
</arguments>
<msg timestamp="20230502 10:37:15.631" level="INFO">None</msg>
<status status="PASS" starttime="20230502 10:37:15.630" endtime="20230502 10:37:15.632"></status>
</kw>
<kw name="Run Keyword If" library="BuiltIn">
<doc>Runs the given keyword with the given arguments, if ``condition`` is true.</doc>
<arguments>
<arg>${adb_res} == True</arg>
<arg>Log To Console</arg>
<arg>${msg}</arg>
<arg>ELSE</arg>
<arg>device_logging</arg>
<arg>${yamlData}</arg>
<arg>${TEST NAME}</arg>
<arg>$${log_type}</arg>
<arg>RESTART</arg>
</arguments>
<kw name="Device Logging" library="device_reports">
<arguments>
<arg>${yamlData}</arg>
<arg>${TEST NAME}</arg>
<arg>$${log_type}</arg>
<arg>RESTART</arg>
</arguments>
<msg timestamp="20230502 10:37:15.639" level="INFO">2d0c8aa1</msg>
<status status="PASS" starttime="20230502 10:37:15.637" endtime="20230502 10:37:15.639"></status>
</kw>
<status status="PASS" starttime="20230502 10:37:15.635" endtime="20230502 10:37:15.639"></status>
</kw>
<kw name="Should Be True" library="BuiltIn">
<doc>Fails if the given condition is not true.</doc>
<arguments>
<arg>${adb_res}</arg>
<arg>msg=${msg}</arg>
</arguments>
<msg timestamp="20230502 10:37:15.643" level="FAIL">Required 1 sim but 2 sim is inserted</msg>
<status status="FAIL" starttime="20230502 10:37:15.642" endtime="20230502 10:37:15.643"></status>
</kw>
<status status="FAIL" starttime="20230502 10:37:14.829" endtime="20230502 10:37:15.643"></status>
</kw>
<kw name="Run Keywords" library="BuiltIn" type="teardown">
<doc>Executes all the given keywords in a sequence.</doc>
<arguments>
<arg>Stop Device Log</arg>
<arg>${yamlData}</arg>
<arg>${log_type}</arg>
<arg>AND</arg>
<arg>Remove Log Handler</arg>
</arguments>
<kw name="Stop device Log" library="res_common">
<arguments>
<arg>${yamlData}</arg>
<arg>${log_type}</arg>
</arguments>
<kw name="Log To Console" library="BuiltIn">
<doc>Logs the given message to the console.</doc>
<arguments>
<arg>"Stopping Modem Logs"</arg>
</arguments>
<status status="PASS" starttime="20230502 10:37:15.646" endtime="20230502 10:37:15.647"></status>
</kw>
<kw name="Device Logging" library="device_reports">
<arguments>
<arg>${yamlData}</arg>
<arg>${TEST NAME}</arg>
<arg>${log_type}</arg>
<arg>STOP</arg>
</arguments>
<msg timestamp="20230502 10:37:15.648" level="INFO">2d0c8aa1</msg>
<status status="PASS" starttime="20230502 10:37:15.648" endtime="20230502 10:37:15.648"></status>
</kw>
<status status="PASS" starttime="20230502 10:37:15.645" endtime="20230502 10:37:15.648"></status>
</kw>
<kw name="Remove Log Handler" library="res_common">
<kw name="Remove Script Log Handler" library="common_log">
<doc>Removes all the logging handlers
:return: None</doc>
<msg timestamp="20230502 10:37:15.650" level="INFO">[&lt;RobotHandler (NOTSET)&gt;, &lt;StreamHandler (NOTSET)&gt;, &lt;FileHandler C:\Users\swatipat\Downloads\MAIN_GATS_CODE\GATS_Django_Framework\results\logs\Cellular_GATS_Integration\milestone1\1\OnePlus_12_12\LIVE_LTE_SS_STAB\TC_053_LIVE_LTE_SS_STAB_DL_DCN_WIFI\iteration_1\TC_053_LIVE_LTE_SS_STAB_DL_DCN_WIFI (DEBUG)&gt;]</msg>
<status status="PASS" starttime="20230502 10:37:15.650" endtime="20230502 10:37:15.652"></status>
</kw>
<status status="PASS" starttime="20230502 10:37:15.648" endtime="20230502 10:37:15.652"></status>
</kw>
<status status="PASS" starttime="20230502 10:37:15.645" endtime="20230502 10:37:15.652"></status>
</kw>
<doc>Performing Delta Testcases 21</doc>
<tags>
<tag>TC_053_LIVE_LTE_SS_STAB_DL_DCN_WIFI</tag>
</tags>
<timeout value="1 hour 5 minutes"></timeout>
<status status="FAIL" starttime="20230502 10:37:14.758" endtime="20230502 10:37:15.652" critical="yes">Required 1 sim but 2 sim is inserted</status>
</test>
<kw name="Run Keyword" library="BuiltIn" type="teardown">
<doc>Executes the given keyword with the given arguments.</doc>
<arguments>
<arg>Fill Excel</arg>
<arg>${log_type}</arg>
</arguments>
<kw name="Fill Excel" library="res_common">
<arguments>
<arg>${log_type}</arg>
</arguments>
<kw name="Log" library="BuiltIn">
<doc>Logs the given message with the given level.</doc>
<arguments>
<arg>"Creating Excel Sheet"</arg>
</arguments>
<msg timestamp="20230502 10:37:15.719" level="INFO">"Creating Excel Sheet"</msg>
<status status="PASS" starttime="20230502 10:37:15.719" endtime="20230502 10:37:15.719"></status>
</kw>
<kw name="Create Excel" library="excel_sheet">
<arguments>
<arg>${log_type}</arg>
</arguments>
<msg timestamp="20230502 10:37:15.767" level="INFO">['C:\\Users\\swatipat\\Downloads\\MAIN_GATS_CODE\\GATS_Django_Framework\\results\\logs\\Cellular_GATS_Integration\\milestone1\\1\\OnePlus_12_12\\LIVE_LTE_SS_STAB\\TC_053_LIVE_LTE_SS_STAB_DL_DCN_WIFI\\iteration_1/../']</msg>
<status status="PASS" starttime="20230502 10:37:15.720" endtime="20230502 10:37:15.767"></status>
</kw>
<status status="PASS" starttime="20230502 10:37:15.717" endtime="20230502 10:37:15.767"></status>
</kw>
<status status="PASS" starttime="20230502 10:37:15.717" endtime="20230502 10:37:15.767"></status>
</kw>
<status status="FAIL" starttime="20230502 10:37:11.208" endtime="20230502 10:37:15.767"></status>
</suite>
<status status="FAIL" starttime="20230502 10:37:11.192" endtime="20230502 10:37:15.768"></status>
</suite>
<statistics>
<total>
<stat pass="0" fail="1">Critical Tests</stat>
<stat pass="0" fail="1">All Tests</stat>
</total>
<tag>
<stat pass="0" fail="1">TC_053_LIVE_LTE_SS_STAB_DL_DCN_WIFI</stat>
</tag>
<suite>
<stat pass="0" fail="1" id="s1" name="Robot Scripts">Robot Scripts</stat>
<stat pass="0" fail="1" id="s1-s1" name="LIVE LTE SS STAB">Robot Scripts.LIVE LTE SS STAB</stat>
</suite>
</statistics>
<errors>
</errors>
</robot>
